<?xml version="1.0" encoding="UTF-8"?>
<!-- Generated by org.testng.reporters.JUnitXMLReporter -->
<testsuite ignored="2" hostname="CUONGDUY" failures="83" tests="83" name="changepass" time="6.937" errors="0" timestamp="2023-04-04T16:48:21 ICT">
  <testcase classname="test.ApplicationFastFood" name="testRegister on test.ApplicationFastFood[frame2,23,0,1235x702,invalid,hidden,layout=java.awt.BorderLayout,title=,normal,defaultCloseOperation=EXIT_ON_CLOSE,rootPane=javax.swing.JRootPane[,7,30,1221x665,invalid,layout=javax.swing.JRootPane$RootLayout,alignmentX=0.0,alignmentY=0.0,border=,flags=16777673,maximumSize=,minimumSize=,preferredSize=],rootPaneCheckingEnabled=true]" time="0.074">
    <failure type="java.lang.AssertionError" message="expected [Pass cann&amp;apos;t be empty] but found [Password cann&amp;apos;t be empty]">
      <![CDATA[java.lang.AssertionError: expected [Pass cann't be empty] but found [Password cann't be empty]
at test.ApplicationFastFood.testRegister(ApplicationFastFood.java:5436)
at java.base/java.util.ArrayList.forEach(ArrayList.java:1511)
... Removed 34 stack frames]]>
    </failure>
  </testcase> <!-- testRegister on test.ApplicationFastFood[frame2,23,0,1235x702,invalid,hidden,layout=java.awt.BorderLayout,title=,normal,defaultCloseOperation=EXIT_ON_CLOSE,rootPane=javax.swing.JRootPane[,7,30,1221x665,invalid,layout=javax.swing.JRootPane$RootLayout,alignmentX=0.0,alignmentY=0.0,border=,flags=16777673,maximumSize=,minimumSize=,preferredSize=],rootPaneCheckingEnabled=true] -->
  <testcase classname="test.ApplicationFastFood" name="testRegister on test.ApplicationFastFood[frame2,23,0,1235x702,invalid,hidden,layout=java.awt.BorderLayout,title=,normal,defaultCloseOperation=EXIT_ON_CLOSE,rootPane=javax.swing.JRootPane[,7,30,1221x665,invalid,layout=javax.swing.JRootPane$RootLayout,alignmentX=0.0,alignmentY=0.0,border=,flags=16777673,maximumSize=,minimumSize=,preferredSize=],rootPaneCheckingEnabled=true]" time="0.07">
    <failure type="java.lang.AssertionError" message="expected [User malformed.User phải có 6 kí tự(bao gồm chữ hoa và số)] but found [User malformed. User phải có 6 ký tự.(Bao gồm số và ký tự hoa)]">
      <![CDATA[java.lang.AssertionError: expected [User malformed.User phải có 6 kí tự(bao gồm chữ hoa và số)] but found [User malformed. User phải có 6 ký tự.(Bao gồm số và ký tự hoa)]
at test.ApplicationFastFood.testRegister(ApplicationFastFood.java:5435)
at java.base/java.util.ArrayList.forEach(ArrayList.java:1511)
... Removed 34 stack frames]]>
    </failure>
  </testcase> <!-- testRegister on test.ApplicationFastFood[frame2,23,0,1235x702,invalid,hidden,layout=java.awt.BorderLayout,title=,normal,defaultCloseOperation=EXIT_ON_CLOSE,rootPane=javax.swing.JRootPane[,7,30,1221x665,invalid,layout=javax.swing.JRootPane$RootLayout,alignmentX=0.0,alignmentY=0.0,border=,flags=16777673,maximumSize=,minimumSize=,preferredSize=],rootPaneCheckingEnabled=true] -->
  <testcase classname="test.ApplicationFastFood" name="testRegister on test.ApplicationFastFood[frame2,23,0,1235x702,invalid,hidden,layout=java.awt.BorderLayout,title=,normal,defaultCloseOperation=EXIT_ON_CLOSE,rootPane=javax.swing.JRootPane[,7,30,1221x665,invalid,layout=javax.swing.JRootPane$RootLayout,alignmentX=0.0,alignmentY=0.0,border=,flags=16777673,maximumSize=,minimumSize=,preferredSize=],rootPaneCheckingEnabled=true]" time="0.071">
    <failure type="java.lang.AssertionError" message="expected [pass malformed.pass phải có 6 kí tự(bao gồm chữ hoa và số)] but found [Password malformed. Pass phải có 6 ký tự.(Bao gồm số và ký tự hoa)]">
      <![CDATA[java.lang.AssertionError: expected [pass malformed.pass phải có 6 kí tự(bao gồm chữ hoa và số)] but found [Password malformed. Pass phải có 6 ký tự.(Bao gồm số và ký tự hoa)]
at test.ApplicationFastFood.testRegister(ApplicationFastFood.java:5436)
at java.base/java.util.ArrayList.forEach(ArrayList.java:1511)
... Removed 34 stack frames]]>
    </failure>
  </testcase> <!-- testRegister on test.ApplicationFastFood[frame2,23,0,1235x702,invalid,hidden,layout=java.awt.BorderLayout,title=,normal,defaultCloseOperation=EXIT_ON_CLOSE,rootPane=javax.swing.JRootPane[,7,30,1221x665,invalid,layout=javax.swing.JRootPane$RootLayout,alignmentX=0.0,alignmentY=0.0,border=,flags=16777673,maximumSize=,minimumSize=,preferredSize=],rootPaneCheckingEnabled=true] -->
  <testcase classname="test.ApplicationFastFood" name="testRegister on test.ApplicationFastFood[frame2,23,0,1235x702,invalid,hidden,layout=java.awt.BorderLayout,title=,normal,defaultCloseOperation=EXIT_ON_CLOSE,rootPane=javax.swing.JRootPane[,7,30,1221x665,invalid,layout=javax.swing.JRootPane$RootLayout,alignmentX=0.0,alignmentY=0.0,border=,flags=16777673,maximumSize=,minimumSize=,preferredSize=],rootPaneCheckingEnabled=true]" time="0.069">
    <failure type="java.lang.AssertionError" message="expected [Pass cann&amp;apos;t be empty] but found [password is incorrect]">
      <![CDATA[java.lang.AssertionError: expected [Pass cann't be empty] but found [password is incorrect]
at test.ApplicationFastFood.testRegister(ApplicationFastFood.java:5436)
at java.base/java.util.ArrayList.forEach(ArrayList.java:1511)
... Removed 34 stack frames]]>
    </failure>
  </testcase> <!-- testRegister on test.ApplicationFastFood[frame2,23,0,1235x702,invalid,hidden,layout=java.awt.BorderLayout,title=,normal,defaultCloseOperation=EXIT_ON_CLOSE,rootPane=javax.swing.JRootPane[,7,30,1221x665,invalid,layout=javax.swing.JRootPane$RootLayout,alignmentX=0.0,alignmentY=0.0,border=,flags=16777673,maximumSize=,minimumSize=,preferredSize=],rootPaneCheckingEnabled=true] -->
  <testcase classname="test.ApplicationFastFood" name="testRegister on test.ApplicationFastFood[frame2,23,0,1235x702,invalid,hidden,layout=java.awt.BorderLayout,title=,normal,defaultCloseOperation=EXIT_ON_CLOSE,rootPane=javax.swing.JRootPane[,7,30,1221x665,invalid,layout=javax.swing.JRootPane$RootLayout,alignmentX=0.0,alignmentY=0.0,border=,flags=16777673,maximumSize=,minimumSize=,preferredSize=],rootPaneCheckingEnabled=true]" time="0.072">
    <failure type="java.lang.AssertionError" message="expected [Pass cann&amp;apos;t be empty] but found [Password cann&amp;apos;t be empty]">
      <![CDATA[java.lang.AssertionError: expected [Pass cann't be empty] but found [Password cann't be empty]
at test.ApplicationFastFood.testRegister(ApplicationFastFood.java:5436)
at java.base/java.util.ArrayList.forEach(ArrayList.java:1511)
... Removed 34 stack frames]]>
    </failure>
  </testcase> <!-- testRegister on test.ApplicationFastFood[frame2,23,0,1235x702,invalid,hidden,layout=java.awt.BorderLayout,title=,normal,defaultCloseOperation=EXIT_ON_CLOSE,rootPane=javax.swing.JRootPane[,7,30,1221x665,invalid,layout=javax.swing.JRootPane$RootLayout,alignmentX=0.0,alignmentY=0.0,border=,flags=16777673,maximumSize=,minimumSize=,preferredSize=],rootPaneCheckingEnabled=true] -->
  <testcase classname="test.ApplicationFastFood" name="testRegister on test.ApplicationFastFood[frame2,23,0,1235x702,invalid,hidden,layout=java.awt.BorderLayout,title=,normal,defaultCloseOperation=EXIT_ON_CLOSE,rootPane=javax.swing.JRootPane[,7,30,1221x665,invalid,layout=javax.swing.JRootPane$RootLayout,alignmentX=0.0,alignmentY=0.0,border=,flags=16777673,maximumSize=,minimumSize=,preferredSize=],rootPaneCheckingEnabled=true]" time="0.071">
    <failure type="java.lang.AssertionError" message="expected [User malformed.User phải có 6 kí tự(bao gồm chữ hoa và số)] but found [User malformed. User phải có 6 ký tự.(Bao gồm số và ký tự hoa)]">
      <![CDATA[java.lang.AssertionError: expected [User malformed.User phải có 6 kí tự(bao gồm chữ hoa và số)] but found [User malformed. User phải có 6 ký tự.(Bao gồm số và ký tự hoa)]
at test.ApplicationFastFood.testRegister(ApplicationFastFood.java:5435)
at java.base/java.util.ArrayList.forEach(ArrayList.java:1511)
... Removed 34 stack frames]]>
    </failure>
  </testcase> <!-- testRegister on test.ApplicationFastFood[frame2,23,0,1235x702,invalid,hidden,layout=java.awt.BorderLayout,title=,normal,defaultCloseOperation=EXIT_ON_CLOSE,rootPane=javax.swing.JRootPane[,7,30,1221x665,invalid,layout=javax.swing.JRootPane$RootLayout,alignmentX=0.0,alignmentY=0.0,border=,flags=16777673,maximumSize=,minimumSize=,preferredSize=],rootPaneCheckingEnabled=true] -->
  <testcase classname="test.ApplicationFastFood" name="testRegister on test.ApplicationFastFood[frame2,23,0,1235x702,invalid,hidden,layout=java.awt.BorderLayout,title=,normal,defaultCloseOperation=EXIT_ON_CLOSE,rootPane=javax.swing.JRootPane[,7,30,1221x665,invalid,layout=javax.swing.JRootPane$RootLayout,alignmentX=0.0,alignmentY=0.0,border=,flags=16777673,maximumSize=,minimumSize=,preferredSize=],rootPaneCheckingEnabled=true]" time="0.071">
    <failure type="java.lang.AssertionError" message="expected [User malformed.User phải có 6 kí tự(bao gồm chữ hoa và số)] but found [User malformed. User phải có 6 ký tự.(Bao gồm số và ký tự hoa)]">
      <![CDATA[java.lang.AssertionError: expected [User malformed.User phải có 6 kí tự(bao gồm chữ hoa và số)] but found [User malformed. User phải có 6 ký tự.(Bao gồm số và ký tự hoa)]
at test.ApplicationFastFood.testRegister(ApplicationFastFood.java:5435)
at java.base/java.util.ArrayList.forEach(ArrayList.java:1511)
... Removed 34 stack frames]]>
    </failure>
  </testcase> <!-- testRegister on test.ApplicationFastFood[frame2,23,0,1235x702,invalid,hidden,layout=java.awt.BorderLayout,title=,normal,defaultCloseOperation=EXIT_ON_CLOSE,rootPane=javax.swing.JRootPane[,7,30,1221x665,invalid,layout=javax.swing.JRootPane$RootLayout,alignmentX=0.0,alignmentY=0.0,border=,flags=16777673,maximumSize=,minimumSize=,preferredSize=],rootPaneCheckingEnabled=true] -->
  <testcase classname="test.ApplicationFastFood" name="testRegister on test.ApplicationFastFood[frame2,23,0,1235x702,invalid,hidden,layout=java.awt.BorderLayout,title=,normal,defaultCloseOperation=EXIT_ON_CLOSE,rootPane=javax.swing.JRootPane[,7,30,1221x665,invalid,layout=javax.swing.JRootPane$RootLayout,alignmentX=0.0,alignmentY=0.0,border=,flags=16777673,maximumSize=,minimumSize=,preferredSize=],rootPaneCheckingEnabled=true]" time="0.073">
    <failure type="java.lang.AssertionError" message="expected [User malformed.User phải có 6 kí tự(bao gồm chữ hoa và số)] but found [User malformed. User phải có 6 ký tự.(Bao gồm số và ký tự hoa)]">
      <![CDATA[java.lang.AssertionError: expected [User malformed.User phải có 6 kí tự(bao gồm chữ hoa và số)] but found [User malformed. User phải có 6 ký tự.(Bao gồm số và ký tự hoa)]
at test.ApplicationFastFood.testRegister(ApplicationFastFood.java:5435)
at java.base/java.util.ArrayList.forEach(ArrayList.java:1511)
... Removed 34 stack frames]]>
    </failure>
  </testcase> <!-- testRegister on test.ApplicationFastFood[frame2,23,0,1235x702,invalid,hidden,layout=java.awt.BorderLayout,title=,normal,defaultCloseOperation=EXIT_ON_CLOSE,rootPane=javax.swing.JRootPane[,7,30,1221x665,invalid,layout=javax.swing.JRootPane$RootLayout,alignmentX=0.0,alignmentY=0.0,border=,flags=16777673,maximumSize=,minimumSize=,preferredSize=],rootPaneCheckingEnabled=true] -->
  <testcase classname="test.ApplicationFastFood" name="testRegister on test.ApplicationFastFood[frame2,23,0,1235x702,invalid,hidden,layout=java.awt.BorderLayout,title=,normal,defaultCloseOperation=EXIT_ON_CLOSE,rootPane=javax.swing.JRootPane[,7,30,1221x665,invalid,layout=javax.swing.JRootPane$RootLayout,alignmentX=0.0,alignmentY=0.0,border=,flags=16777673,maximumSize=,minimumSize=,preferredSize=],rootPaneCheckingEnabled=true]" time="0.072">
    <failure type="java.lang.AssertionError" message="expected [pass malformed.pass phải có 6 kí tự(bao gồm chữ hoa và số)] but found [Password malformed. Pass phải có 6 ký tự.(Bao gồm số và ký tự hoa)]">
      <![CDATA[java.lang.AssertionError: expected [pass malformed.pass phải có 6 kí tự(bao gồm chữ hoa và số)] but found [Password malformed. Pass phải có 6 ký tự.(Bao gồm số và ký tự hoa)]
at test.ApplicationFastFood.testRegister(ApplicationFastFood.java:5436)
at java.base/java.util.ArrayList.forEach(ArrayList.java:1511)
... Removed 34 stack frames]]>
    </failure>
  </testcase> <!-- testRegister on test.ApplicationFastFood[frame2,23,0,1235x702,invalid,hidden,layout=java.awt.BorderLayout,title=,normal,defaultCloseOperation=EXIT_ON_CLOSE,rootPane=javax.swing.JRootPane[,7,30,1221x665,invalid,layout=javax.swing.JRootPane$RootLayout,alignmentX=0.0,alignmentY=0.0,border=,flags=16777673,maximumSize=,minimumSize=,preferredSize=],rootPaneCheckingEnabled=true] -->
  <testcase classname="test.ApplicationFastFood" name="testRegister on test.ApplicationFastFood[frame2,23,0,1235x702,invalid,hidden,layout=java.awt.BorderLayout,title=,normal,defaultCloseOperation=EXIT_ON_CLOSE,rootPane=javax.swing.JRootPane[,7,30,1221x665,invalid,layout=javax.swing.JRootPane$RootLayout,alignmentX=0.0,alignmentY=0.0,border=,flags=16777673,maximumSize=,minimumSize=,preferredSize=],rootPaneCheckingEnabled=true]" time="0.075">
    <failure type="java.lang.AssertionError" message="expected [pass malformed.pass phải có 6 kí tự(bao gồm chữ hoa và số)] but found [password is incorrect]">
      <![CDATA[java.lang.AssertionError: expected [pass malformed.pass phải có 6 kí tự(bao gồm chữ hoa và số)] but found [password is incorrect]
at test.ApplicationFastFood.testRegister(ApplicationFastFood.java:5436)
at java.base/java.util.ArrayList.forEach(ArrayList.java:1511)
... Removed 34 stack frames]]>
    </failure>
  </testcase> <!-- testRegister on test.ApplicationFastFood[frame2,23,0,1235x702,invalid,hidden,layout=java.awt.BorderLayout,title=,normal,defaultCloseOperation=EXIT_ON_CLOSE,rootPane=javax.swing.JRootPane[,7,30,1221x665,invalid,layout=javax.swing.JRootPane$RootLayout,alignmentX=0.0,alignmentY=0.0,border=,flags=16777673,maximumSize=,minimumSize=,preferredSize=],rootPaneCheckingEnabled=true] -->
  <testcase classname="test.ApplicationFastFood" name="testRegister on test.ApplicationFastFood[frame2,23,0,1235x702,invalid,hidden,layout=java.awt.BorderLayout,title=,normal,defaultCloseOperation=EXIT_ON_CLOSE,rootPane=javax.swing.JRootPane[,7,30,1221x665,invalid,layout=javax.swing.JRootPane$RootLayout,alignmentX=0.0,alignmentY=0.0,border=,flags=16777673,maximumSize=,minimumSize=,preferredSize=],rootPaneCheckingEnabled=true]" time="0.074">
    <failure type="java.lang.AssertionError" message="expected [pass malformed.pass phải có 6 kí tự(bao gồm chữ hoa và số)] but found [Password malformed. Pass phải có 6 ký tự.(Bao gồm số và ký tự hoa)]">
      <![CDATA[java.lang.AssertionError: expected [pass malformed.pass phải có 6 kí tự(bao gồm chữ hoa và số)] but found [Password malformed. Pass phải có 6 ký tự.(Bao gồm số và ký tự hoa)]
at test.ApplicationFastFood.testRegister(ApplicationFastFood.java:5436)
at java.base/java.util.ArrayList.forEach(ArrayList.java:1511)
... Removed 34 stack frames]]>
    </failure>
  </testcase> <!-- testRegister on test.ApplicationFastFood[frame2,23,0,1235x702,invalid,hidden,layout=java.awt.BorderLayout,title=,normal,defaultCloseOperation=EXIT_ON_CLOSE,rootPane=javax.swing.JRootPane[,7,30,1221x665,invalid,layout=javax.swing.JRootPane$RootLayout,alignmentX=0.0,alignmentY=0.0,border=,flags=16777673,maximumSize=,minimumSize=,preferredSize=],rootPaneCheckingEnabled=true] -->
  <testcase classname="test.ApplicationFastFood" name="testRegister on test.ApplicationFastFood[frame2,23,0,1235x702,invalid,hidden,layout=java.awt.BorderLayout,title=,normal,defaultCloseOperation=EXIT_ON_CLOSE,rootPane=javax.swing.JRootPane[,7,30,1221x665,invalid,layout=javax.swing.JRootPane$RootLayout,alignmentX=0.0,alignmentY=0.0,border=,flags=16777673,maximumSize=,minimumSize=,preferredSize=],rootPaneCheckingEnabled=true]" time="0.072">
    <failure type="java.lang.AssertionError" message="expected [Pass cann&amp;apos;t be empty] but found [password is incorrect]">
      <![CDATA[java.lang.AssertionError: expected [Pass cann't be empty] but found [password is incorrect]
at test.ApplicationFastFood.testRegister(ApplicationFastFood.java:5436)
at java.base/java.util.ArrayList.forEach(ArrayList.java:1511)
... Removed 34 stack frames]]>
    </failure>
  </testcase> <!-- testRegister on test.ApplicationFastFood[frame2,23,0,1235x702,invalid,hidden,layout=java.awt.BorderLayout,title=,normal,defaultCloseOperation=EXIT_ON_CLOSE,rootPane=javax.swing.JRootPane[,7,30,1221x665,invalid,layout=javax.swing.JRootPane$RootLayout,alignmentX=0.0,alignmentY=0.0,border=,flags=16777673,maximumSize=,minimumSize=,preferredSize=],rootPaneCheckingEnabled=true] -->
  <testcase classname="test.ApplicationFastFood" name="testRegister on test.ApplicationFastFood[frame2,23,0,1235x702,invalid,hidden,layout=java.awt.BorderLayout,title=,normal,defaultCloseOperation=EXIT_ON_CLOSE,rootPane=javax.swing.JRootPane[,7,30,1221x665,invalid,layout=javax.swing.JRootPane$RootLayout,alignmentX=0.0,alignmentY=0.0,border=,flags=16777673,maximumSize=,minimumSize=,preferredSize=],rootPaneCheckingEnabled=true]" time="0.075">
    <failure type="java.lang.AssertionError" message="expected [pass malformed.pass phải có 6 kí tự(bao gồm chữ hoa và số)] but found [Password malformed. Pass phải có 6 ký tự.(Bao gồm số và ký tự hoa)]">
      <![CDATA[java.lang.AssertionError: expected [pass malformed.pass phải có 6 kí tự(bao gồm chữ hoa và số)] but found [Password malformed. Pass phải có 6 ký tự.(Bao gồm số và ký tự hoa)]
at test.ApplicationFastFood.testRegister(ApplicationFastFood.java:5436)
at java.base/java.util.ArrayList.forEach(ArrayList.java:1511)
... Removed 34 stack frames]]>
    </failure>
  </testcase> <!-- testRegister on test.ApplicationFastFood[frame2,23,0,1235x702,invalid,hidden,layout=java.awt.BorderLayout,title=,normal,defaultCloseOperation=EXIT_ON_CLOSE,rootPane=javax.swing.JRootPane[,7,30,1221x665,invalid,layout=javax.swing.JRootPane$RootLayout,alignmentX=0.0,alignmentY=0.0,border=,flags=16777673,maximumSize=,minimumSize=,preferredSize=],rootPaneCheckingEnabled=true] -->
  <testcase classname="test.ApplicationFastFood" name="testRegister on test.ApplicationFastFood[frame2,23,0,1235x702,invalid,hidden,layout=java.awt.BorderLayout,title=,normal,defaultCloseOperation=EXIT_ON_CLOSE,rootPane=javax.swing.JRootPane[,7,30,1221x665,invalid,layout=javax.swing.JRootPane$RootLayout,alignmentX=0.0,alignmentY=0.0,border=,flags=16777673,maximumSize=,minimumSize=,preferredSize=],rootPaneCheckingEnabled=true]" time="0.07">
    <failure type="java.lang.AssertionError" message="expected [User malformed.User phải có 6 kí tự(bao gồm chữ hoa và số)] but found [User malformed. User phải có 6 ký tự.(Bao gồm số và ký tự hoa)]">
      <![CDATA[java.lang.AssertionError: expected [User malformed.User phải có 6 kí tự(bao gồm chữ hoa và số)] but found [User malformed. User phải có 6 ký tự.(Bao gồm số và ký tự hoa)]
at test.ApplicationFastFood.testRegister(ApplicationFastFood.java:5435)
at java.base/java.util.ArrayList.forEach(ArrayList.java:1511)
... Removed 34 stack frames]]>
    </failure>
  </testcase> <!-- testRegister on test.ApplicationFastFood[frame2,23,0,1235x702,invalid,hidden,layout=java.awt.BorderLayout,title=,normal,defaultCloseOperation=EXIT_ON_CLOSE,rootPane=javax.swing.JRootPane[,7,30,1221x665,invalid,layout=javax.swing.JRootPane$RootLayout,alignmentX=0.0,alignmentY=0.0,border=,flags=16777673,maximumSize=,minimumSize=,preferredSize=],rootPaneCheckingEnabled=true] -->
  <testcase classname="test.ApplicationFastFood" name="testRegister on test.ApplicationFastFood[frame2,23,0,1235x702,invalid,hidden,layout=java.awt.BorderLayout,title=,normal,defaultCloseOperation=EXIT_ON_CLOSE,rootPane=javax.swing.JRootPane[,7,30,1221x665,invalid,layout=javax.swing.JRootPane$RootLayout,alignmentX=0.0,alignmentY=0.0,border=,flags=16777673,maximumSize=,minimumSize=,preferredSize=],rootPaneCheckingEnabled=true]" time="0.071">
    <failure type="java.lang.AssertionError" message="expected [user chứa kí tự đặc biệt] but found [User malformed. User phải có 6 ký tự.(Bao gồm số và ký tự hoa)]">
      <![CDATA[java.lang.AssertionError: expected [user chứa kí tự đặc biệt] but found [User malformed. User phải có 6 ký tự.(Bao gồm số và ký tự hoa)]
at test.ApplicationFastFood.testRegister(ApplicationFastFood.java:5435)
at java.base/java.util.ArrayList.forEach(ArrayList.java:1511)
... Removed 34 stack frames]]>
    </failure>
  </testcase> <!-- testRegister on test.ApplicationFastFood[frame2,23,0,1235x702,invalid,hidden,layout=java.awt.BorderLayout,title=,normal,defaultCloseOperation=EXIT_ON_CLOSE,rootPane=javax.swing.JRootPane[,7,30,1221x665,invalid,layout=javax.swing.JRootPane$RootLayout,alignmentX=0.0,alignmentY=0.0,border=,flags=16777673,maximumSize=,minimumSize=,preferredSize=],rootPaneCheckingEnabled=true] -->
  <testcase classname="test.ApplicationFastFood" name="testRegister on test.ApplicationFastFood[frame2,23,0,1235x702,invalid,hidden,layout=java.awt.BorderLayout,title=,normal,defaultCloseOperation=EXIT_ON_CLOSE,rootPane=javax.swing.JRootPane[,7,30,1221x665,invalid,layout=javax.swing.JRootPane$RootLayout,alignmentX=0.0,alignmentY=0.0,border=,flags=16777673,maximumSize=,minimumSize=,preferredSize=],rootPaneCheckingEnabled=true]" time="0.076">
    <failure type="java.lang.AssertionError" message="expected [user chứa kí tự đặc biệt] but found [User malformed. User phải có 6 ký tự.(Bao gồm số và ký tự hoa)]">
      <![CDATA[java.lang.AssertionError: expected [user chứa kí tự đặc biệt] but found [User malformed. User phải có 6 ký tự.(Bao gồm số và ký tự hoa)]
at test.ApplicationFastFood.testRegister(ApplicationFastFood.java:5435)
at java.base/java.util.ArrayList.forEach(ArrayList.java:1511)
... Removed 34 stack frames]]>
    </failure>
  </testcase> <!-- testRegister on test.ApplicationFastFood[frame2,23,0,1235x702,invalid,hidden,layout=java.awt.BorderLayout,title=,normal,defaultCloseOperation=EXIT_ON_CLOSE,rootPane=javax.swing.JRootPane[,7,30,1221x665,invalid,layout=javax.swing.JRootPane$RootLayout,alignmentX=0.0,alignmentY=0.0,border=,flags=16777673,maximumSize=,minimumSize=,preferredSize=],rootPaneCheckingEnabled=true] -->
  <testcase classname="test.ApplicationFastFood" name="testRegister on test.ApplicationFastFood[frame2,23,0,1235x702,invalid,hidden,layout=java.awt.BorderLayout,title=,normal,defaultCloseOperation=EXIT_ON_CLOSE,rootPane=javax.swing.JRootPane[,7,30,1221x665,invalid,layout=javax.swing.JRootPane$RootLayout,alignmentX=0.0,alignmentY=0.0,border=,flags=16777673,maximumSize=,minimumSize=,preferredSize=],rootPaneCheckingEnabled=true]" time="0.072">
    <failure type="java.lang.AssertionError" message="expected [user chứa kí tự đặc biệt] but found [User malformed. User phải có 6 ký tự.(Bao gồm số và ký tự hoa)]">
      <![CDATA[java.lang.AssertionError: expected [user chứa kí tự đặc biệt] but found [User malformed. User phải có 6 ký tự.(Bao gồm số và ký tự hoa)]
at test.ApplicationFastFood.testRegister(ApplicationFastFood.java:5435)
at java.base/java.util.ArrayList.forEach(ArrayList.java:1511)
... Removed 33 stack frames]]>
    </failure>
  </testcase> <!-- testRegister on test.ApplicationFastFood[frame2,23,0,1235x702,invalid,hidden,layout=java.awt.BorderLayout,title=,normal,defaultCloseOperation=EXIT_ON_CLOSE,rootPane=javax.swing.JRootPane[,7,30,1221x665,invalid,layout=javax.swing.JRootPane$RootLayout,alignmentX=0.0,alignmentY=0.0,border=,flags=16777673,maximumSize=,minimumSize=,preferredSize=],rootPaneCheckingEnabled=true] -->
  <testcase classname="test.ApplicationFastFood" name="testRegister on test.ApplicationFastFood[frame2,23,0,1235x702,invalid,hidden,layout=java.awt.BorderLayout,title=,normal,defaultCloseOperation=EXIT_ON_CLOSE,rootPane=javax.swing.JRootPane[,7,30,1221x665,invalid,layout=javax.swing.JRootPane$RootLayout,alignmentX=0.0,alignmentY=0.0,border=,flags=16777673,maximumSize=,minimumSize=,preferredSize=],rootPaneCheckingEnabled=true]" time="0.069">
    <failure type="java.lang.AssertionError" message="expected [user chứa kí tự đặc biệt] but found [User malformed. User phải có 6 ký tự.(Bao gồm số và ký tự hoa)]">
      <![CDATA[java.lang.AssertionError: expected [user chứa kí tự đặc biệt] but found [User malformed. User phải có 6 ký tự.(Bao gồm số và ký tự hoa)]
at test.ApplicationFastFood.testRegister(ApplicationFastFood.java:5435)
at java.base/java.util.ArrayList.forEach(ArrayList.java:1511)
... Removed 33 stack frames]]>
    </failure>
  </testcase> <!-- testRegister on test.ApplicationFastFood[frame2,23,0,1235x702,invalid,hidden,layout=java.awt.BorderLayout,title=,normal,defaultCloseOperation=EXIT_ON_CLOSE,rootPane=javax.swing.JRootPane[,7,30,1221x665,invalid,layout=javax.swing.JRootPane$RootLayout,alignmentX=0.0,alignmentY=0.0,border=,flags=16777673,maximumSize=,minimumSize=,preferredSize=],rootPaneCheckingEnabled=true] -->
  <testcase classname="test.ApplicationFastFood" name="testRegister on test.ApplicationFastFood[frame2,23,0,1235x702,invalid,hidden,layout=java.awt.BorderLayout,title=,normal,defaultCloseOperation=EXIT_ON_CLOSE,rootPane=javax.swing.JRootPane[,7,30,1221x665,invalid,layout=javax.swing.JRootPane$RootLayout,alignmentX=0.0,alignmentY=0.0,border=,flags=16777673,maximumSize=,minimumSize=,preferredSize=],rootPaneCheckingEnabled=true]" time="0.071">
    <failure type="java.lang.AssertionError" message="expected [User malformed.User phải có 6 kí tự(bao gồm chữ hoa và số)] but found [User malformed. User phải có 6 ký tự.(Bao gồm số và ký tự hoa)]">
      <![CDATA[java.lang.AssertionError: expected [User malformed.User phải có 6 kí tự(bao gồm chữ hoa và số)] but found [User malformed. User phải có 6 ký tự.(Bao gồm số và ký tự hoa)]
at test.ApplicationFastFood.testRegister(ApplicationFastFood.java:5435)
at java.base/java.util.ArrayList.forEach(ArrayList.java:1511)
... Removed 33 stack frames]]>
    </failure>
  </testcase> <!-- testRegister on test.ApplicationFastFood[frame2,23,0,1235x702,invalid,hidden,layout=java.awt.BorderLayout,title=,normal,defaultCloseOperation=EXIT_ON_CLOSE,rootPane=javax.swing.JRootPane[,7,30,1221x665,invalid,layout=javax.swing.JRootPane$RootLayout,alignmentX=0.0,alignmentY=0.0,border=,flags=16777673,maximumSize=,minimumSize=,preferredSize=],rootPaneCheckingEnabled=true] -->
  <testcase classname="test.ApplicationFastFood" name="testRegister on test.ApplicationFastFood[frame2,23,0,1235x702,invalid,hidden,layout=java.awt.BorderLayout,title=,normal,defaultCloseOperation=EXIT_ON_CLOSE,rootPane=javax.swing.JRootPane[,7,30,1221x665,invalid,layout=javax.swing.JRootPane$RootLayout,alignmentX=0.0,alignmentY=0.0,border=,flags=16777673,maximumSize=,minimumSize=,preferredSize=],rootPaneCheckingEnabled=true]" time="0.071">
    <failure type="java.lang.AssertionError" message="expected [pass chứa kí tự đặt biệt] but found [password is incorrect]">
      <![CDATA[java.lang.AssertionError: expected [pass chứa kí tự đặt biệt] but found [password is incorrect]
at test.ApplicationFastFood.testRegister(ApplicationFastFood.java:5436)
at java.base/java.util.ArrayList.forEach(ArrayList.java:1511)
... Removed 33 stack frames]]>
    </failure>
  </testcase> <!-- testRegister on test.ApplicationFastFood[frame2,23,0,1235x702,invalid,hidden,layout=java.awt.BorderLayout,title=,normal,defaultCloseOperation=EXIT_ON_CLOSE,rootPane=javax.swing.JRootPane[,7,30,1221x665,invalid,layout=javax.swing.JRootPane$RootLayout,alignmentX=0.0,alignmentY=0.0,border=,flags=16777673,maximumSize=,minimumSize=,preferredSize=],rootPaneCheckingEnabled=true] -->
  <testcase classname="test.ApplicationFastFood" name="testRegister on test.ApplicationFastFood[frame2,23,0,1235x702,invalid,hidden,layout=java.awt.BorderLayout,title=,normal,defaultCloseOperation=EXIT_ON_CLOSE,rootPane=javax.swing.JRootPane[,7,30,1221x665,invalid,layout=javax.swing.JRootPane$RootLayout,alignmentX=0.0,alignmentY=0.0,border=,flags=16777673,maximumSize=,minimumSize=,preferredSize=],rootPaneCheckingEnabled=true]" time="0.07">
    <failure type="java.lang.AssertionError" message="expected [pass chứa kí tự đặt biệt] but found [Password malformed. Pass phải có 6 ký tự.(Bao gồm số và ký tự hoa)]">
      <![CDATA[java.lang.AssertionError: expected [pass chứa kí tự đặt biệt] but found [Password malformed. Pass phải có 6 ký tự.(Bao gồm số và ký tự hoa)]
at test.ApplicationFastFood.testRegister(ApplicationFastFood.java:5436)
at java.base/java.util.ArrayList.forEach(ArrayList.java:1511)
... Removed 33 stack frames]]>
    </failure>
  </testcase> <!-- testRegister on test.ApplicationFastFood[frame2,23,0,1235x702,invalid,hidden,layout=java.awt.BorderLayout,title=,normal,defaultCloseOperation=EXIT_ON_CLOSE,rootPane=javax.swing.JRootPane[,7,30,1221x665,invalid,layout=javax.swing.JRootPane$RootLayout,alignmentX=0.0,alignmentY=0.0,border=,flags=16777673,maximumSize=,minimumSize=,preferredSize=],rootPaneCheckingEnabled=true] -->
  <testcase classname="test.ApplicationFastFood" name="testRegister on test.ApplicationFastFood[frame2,23,0,1235x702,invalid,hidden,layout=java.awt.BorderLayout,title=,normal,defaultCloseOperation=EXIT_ON_CLOSE,rootPane=javax.swing.JRootPane[,7,30,1221x665,invalid,layout=javax.swing.JRootPane$RootLayout,alignmentX=0.0,alignmentY=0.0,border=,flags=16777673,maximumSize=,minimumSize=,preferredSize=],rootPaneCheckingEnabled=true]" time="0.071">
    <failure type="java.lang.AssertionError" message="expected [Pass cann&amp;apos;t be empty] but found [password is incorrect]">
      <![CDATA[java.lang.AssertionError: expected [Pass cann't be empty] but found [password is incorrect]
at test.ApplicationFastFood.testRegister(ApplicationFastFood.java:5436)
at java.base/java.util.ArrayList.forEach(ArrayList.java:1511)
... Removed 33 stack frames]]>
    </failure>
  </testcase> <!-- testRegister on test.ApplicationFastFood[frame2,23,0,1235x702,invalid,hidden,layout=java.awt.BorderLayout,title=,normal,defaultCloseOperation=EXIT_ON_CLOSE,rootPane=javax.swing.JRootPane[,7,30,1221x665,invalid,layout=javax.swing.JRootPane$RootLayout,alignmentX=0.0,alignmentY=0.0,border=,flags=16777673,maximumSize=,minimumSize=,preferredSize=],rootPaneCheckingEnabled=true] -->
  <testcase classname="test.ApplicationFastFood" name="testRegister on test.ApplicationFastFood[frame2,23,0,1235x702,invalid,hidden,layout=java.awt.BorderLayout,title=,normal,defaultCloseOperation=EXIT_ON_CLOSE,rootPane=javax.swing.JRootPane[,7,30,1221x665,invalid,layout=javax.swing.JRootPane$RootLayout,alignmentX=0.0,alignmentY=0.0,border=,flags=16777673,maximumSize=,minimumSize=,preferredSize=],rootPaneCheckingEnabled=true]" time="0.072">
    <failure type="java.lang.AssertionError" message="expected [User malformed.User phải có 6 kí tự(bao gồm chữ hoa và số)] but found [User malformed. User phải có 6 ký tự.(Bao gồm số và ký tự hoa)]">
      <![CDATA[java.lang.AssertionError: expected [User malformed.User phải có 6 kí tự(bao gồm chữ hoa và số)] but found [User malformed. User phải có 6 ký tự.(Bao gồm số và ký tự hoa)]
at test.ApplicationFastFood.testRegister(ApplicationFastFood.java:5435)
at java.base/java.util.ArrayList.forEach(ArrayList.java:1511)
... Removed 33 stack frames]]>
    </failure>
  </testcase> <!-- testRegister on test.ApplicationFastFood[frame2,23,0,1235x702,invalid,hidden,layout=java.awt.BorderLayout,title=,normal,defaultCloseOperation=EXIT_ON_CLOSE,rootPane=javax.swing.JRootPane[,7,30,1221x665,invalid,layout=javax.swing.JRootPane$RootLayout,alignmentX=0.0,alignmentY=0.0,border=,flags=16777673,maximumSize=,minimumSize=,preferredSize=],rootPaneCheckingEnabled=true] -->
  <testcase classname="test.ApplicationFastFood" name="testRegister on test.ApplicationFastFood[frame2,23,0,1235x702,invalid,hidden,layout=java.awt.BorderLayout,title=,normal,defaultCloseOperation=EXIT_ON_CLOSE,rootPane=javax.swing.JRootPane[,7,30,1221x665,invalid,layout=javax.swing.JRootPane$RootLayout,alignmentX=0.0,alignmentY=0.0,border=,flags=16777673,maximumSize=,minimumSize=,preferredSize=],rootPaneCheckingEnabled=true]" time="0.074">
    <failure type="java.lang.AssertionError" message="expected [pass malformed.pass phải có 6 kí tự(bao gồm chữ hoa và số)] but found [password is incorrect]">
      <![CDATA[java.lang.AssertionError: expected [pass malformed.pass phải có 6 kí tự(bao gồm chữ hoa và số)] but found [password is incorrect]
at test.ApplicationFastFood.testRegister(ApplicationFastFood.java:5436)
at java.base/java.util.ArrayList.forEach(ArrayList.java:1511)
... Removed 33 stack frames]]>
    </failure>
  </testcase> <!-- testRegister on test.ApplicationFastFood[frame2,23,0,1235x702,invalid,hidden,layout=java.awt.BorderLayout,title=,normal,defaultCloseOperation=EXIT_ON_CLOSE,rootPane=javax.swing.JRootPane[,7,30,1221x665,invalid,layout=javax.swing.JRootPane$RootLayout,alignmentX=0.0,alignmentY=0.0,border=,flags=16777673,maximumSize=,minimumSize=,preferredSize=],rootPaneCheckingEnabled=true] -->
  <testcase classname="test.ApplicationFastFood" name="testRegister on test.ApplicationFastFood[frame2,23,0,1235x702,invalid,hidden,layout=java.awt.BorderLayout,title=,normal,defaultCloseOperation=EXIT_ON_CLOSE,rootPane=javax.swing.JRootPane[,7,30,1221x665,invalid,layout=javax.swing.JRootPane$RootLayout,alignmentX=0.0,alignmentY=0.0,border=,flags=16777673,maximumSize=,minimumSize=,preferredSize=],rootPaneCheckingEnabled=true]" time="0.072">
    <failure type="java.lang.AssertionError" message="expected [Pass cann&amp;apos;t be empty] but found [password is incorrect]">
      <![CDATA[java.lang.AssertionError: expected [Pass cann't be empty] but found [password is incorrect]
at test.ApplicationFastFood.testRegister(ApplicationFastFood.java:5436)
at java.base/java.util.ArrayList.forEach(ArrayList.java:1511)
... Removed 33 stack frames]]>
    </failure>
  </testcase> <!-- testRegister on test.ApplicationFastFood[frame2,23,0,1235x702,invalid,hidden,layout=java.awt.BorderLayout,title=,normal,defaultCloseOperation=EXIT_ON_CLOSE,rootPane=javax.swing.JRootPane[,7,30,1221x665,invalid,layout=javax.swing.JRootPane$RootLayout,alignmentX=0.0,alignmentY=0.0,border=,flags=16777673,maximumSize=,minimumSize=,preferredSize=],rootPaneCheckingEnabled=true] -->
  <testcase classname="test.ApplicationFastFood" name="testRegister on test.ApplicationFastFood[frame2,23,0,1235x702,invalid,hidden,layout=java.awt.BorderLayout,title=,normal,defaultCloseOperation=EXIT_ON_CLOSE,rootPane=javax.swing.JRootPane[,7,30,1221x665,invalid,layout=javax.swing.JRootPane$RootLayout,alignmentX=0.0,alignmentY=0.0,border=,flags=16777673,maximumSize=,minimumSize=,preferredSize=],rootPaneCheckingEnabled=true]" time="0.07">
    <failure type="java.lang.AssertionError" message="expected [Pass cann&amp;apos;t be empty] but found [Password cann&amp;apos;t be empty]">
      <![CDATA[java.lang.AssertionError: expected [Pass cann't be empty] but found [Password cann't be empty]
at test.ApplicationFastFood.testRegister(ApplicationFastFood.java:5436)
at java.base/java.util.ArrayList.forEach(ArrayList.java:1511)
... Removed 33 stack frames]]>
    </failure>
  </testcase> <!-- testRegister on test.ApplicationFastFood[frame2,23,0,1235x702,invalid,hidden,layout=java.awt.BorderLayout,title=,normal,defaultCloseOperation=EXIT_ON_CLOSE,rootPane=javax.swing.JRootPane[,7,30,1221x665,invalid,layout=javax.swing.JRootPane$RootLayout,alignmentX=0.0,alignmentY=0.0,border=,flags=16777673,maximumSize=,minimumSize=,preferredSize=],rootPaneCheckingEnabled=true] -->
  <testcase classname="test.ApplicationFastFood" name="testRegister on test.ApplicationFastFood[frame2,23,0,1235x702,invalid,hidden,layout=java.awt.BorderLayout,title=,normal,defaultCloseOperation=EXIT_ON_CLOSE,rootPane=javax.swing.JRootPane[,7,30,1221x665,invalid,layout=javax.swing.JRootPane$RootLayout,alignmentX=0.0,alignmentY=0.0,border=,flags=16777673,maximumSize=,minimumSize=,preferredSize=],rootPaneCheckingEnabled=true]" time="0.07">
    <failure type="java.lang.AssertionError" message="expected [User malformed.User phải có 6 kí tự(bao gồm chữ hoa và số)] but found [User malformed. User phải có 6 ký tự.(Bao gồm số và ký tự hoa)]">
      <![CDATA[java.lang.AssertionError: expected [User malformed.User phải có 6 kí tự(bao gồm chữ hoa và số)] but found [User malformed. User phải có 6 ký tự.(Bao gồm số và ký tự hoa)]
at test.ApplicationFastFood.testRegister(ApplicationFastFood.java:5435)
at java.base/java.util.ArrayList.forEach(ArrayList.java:1511)
... Removed 33 stack frames]]>
    </failure>
  </testcase> <!-- testRegister on test.ApplicationFastFood[frame2,23,0,1235x702,invalid,hidden,layout=java.awt.BorderLayout,title=,normal,defaultCloseOperation=EXIT_ON_CLOSE,rootPane=javax.swing.JRootPane[,7,30,1221x665,invalid,layout=javax.swing.JRootPane$RootLayout,alignmentX=0.0,alignmentY=0.0,border=,flags=16777673,maximumSize=,minimumSize=,preferredSize=],rootPaneCheckingEnabled=true] -->
  <testcase classname="test.ApplicationFastFood" name="testRegister on test.ApplicationFastFood[frame2,23,0,1235x702,invalid,hidden,layout=java.awt.BorderLayout,title=,normal,defaultCloseOperation=EXIT_ON_CLOSE,rootPane=javax.swing.JRootPane[,7,30,1221x665,invalid,layout=javax.swing.JRootPane$RootLayout,alignmentX=0.0,alignmentY=0.0,border=,flags=16777673,maximumSize=,minimumSize=,preferredSize=],rootPaneCheckingEnabled=true]" time="0.072">
    <failure type="java.lang.AssertionError" message="expected [pass malformed.pass phải có 6 kí tự(bao gồm chữ hoa và số)] but found [Password malformed. Pass phải có 6 ký tự.(Bao gồm số và ký tự hoa)]">
      <![CDATA[java.lang.AssertionError: expected [pass malformed.pass phải có 6 kí tự(bao gồm chữ hoa và số)] but found [Password malformed. Pass phải có 6 ký tự.(Bao gồm số và ký tự hoa)]
at test.ApplicationFastFood.testRegister(ApplicationFastFood.java:5436)
at java.base/java.util.ArrayList.forEach(ArrayList.java:1511)
... Removed 33 stack frames]]>
    </failure>
  </testcase> <!-- testRegister on test.ApplicationFastFood[frame2,23,0,1235x702,invalid,hidden,layout=java.awt.BorderLayout,title=,normal,defaultCloseOperation=EXIT_ON_CLOSE,rootPane=javax.swing.JRootPane[,7,30,1221x665,invalid,layout=javax.swing.JRootPane$RootLayout,alignmentX=0.0,alignmentY=0.0,border=,flags=16777673,maximumSize=,minimumSize=,preferredSize=],rootPaneCheckingEnabled=true] -->
  <testcase classname="test.ApplicationFastFood" name="testRegister on test.ApplicationFastFood[frame2,23,0,1235x702,invalid,hidden,layout=java.awt.BorderLayout,title=,normal,defaultCloseOperation=EXIT_ON_CLOSE,rootPane=javax.swing.JRootPane[,7,30,1221x665,invalid,layout=javax.swing.JRootPane$RootLayout,alignmentX=0.0,alignmentY=0.0,border=,flags=16777673,maximumSize=,minimumSize=,preferredSize=],rootPaneCheckingEnabled=true]" time="0.074">
    <failure type="java.lang.AssertionError" message="expected [Pass cann&amp;apos;t be empty] but found [password is incorrect]">
      <![CDATA[java.lang.AssertionError: expected [Pass cann't be empty] but found [password is incorrect]
at test.ApplicationFastFood.testRegister(ApplicationFastFood.java:5436)
at java.base/java.util.ArrayList.forEach(ArrayList.java:1511)
... Removed 33 stack frames]]>
    </failure>
  </testcase> <!-- testRegister on test.ApplicationFastFood[frame2,23,0,1235x702,invalid,hidden,layout=java.awt.BorderLayout,title=,normal,defaultCloseOperation=EXIT_ON_CLOSE,rootPane=javax.swing.JRootPane[,7,30,1221x665,invalid,layout=javax.swing.JRootPane$RootLayout,alignmentX=0.0,alignmentY=0.0,border=,flags=16777673,maximumSize=,minimumSize=,preferredSize=],rootPaneCheckingEnabled=true] -->
  <testcase classname="test.ApplicationFastFood" name="testRegister on test.ApplicationFastFood[frame2,23,0,1235x702,invalid,hidden,layout=java.awt.BorderLayout,title=,normal,defaultCloseOperation=EXIT_ON_CLOSE,rootPane=javax.swing.JRootPane[,7,30,1221x665,invalid,layout=javax.swing.JRootPane$RootLayout,alignmentX=0.0,alignmentY=0.0,border=,flags=16777673,maximumSize=,minimumSize=,preferredSize=],rootPaneCheckingEnabled=true]" time="0.07">
    <failure type="java.lang.AssertionError" message="expected [user không được chứa khoảng trống] but found [User malformed. User phải có 6 ký tự.(Bao gồm số và ký tự hoa)]">
      <![CDATA[java.lang.AssertionError: expected [user không được chứa khoảng trống] but found [User malformed. User phải có 6 ký tự.(Bao gồm số và ký tự hoa)]
at test.ApplicationFastFood.testRegister(ApplicationFastFood.java:5435)
at java.base/java.util.ArrayList.forEach(ArrayList.java:1511)
... Removed 33 stack frames]]>
    </failure>
  </testcase> <!-- testRegister on test.ApplicationFastFood[frame2,23,0,1235x702,invalid,hidden,layout=java.awt.BorderLayout,title=,normal,defaultCloseOperation=EXIT_ON_CLOSE,rootPane=javax.swing.JRootPane[,7,30,1221x665,invalid,layout=javax.swing.JRootPane$RootLayout,alignmentX=0.0,alignmentY=0.0,border=,flags=16777673,maximumSize=,minimumSize=,preferredSize=],rootPaneCheckingEnabled=true] -->
  <testcase classname="test.ApplicationFastFood" name="testRegister on test.ApplicationFastFood[frame2,23,0,1235x702,invalid,hidden,layout=java.awt.BorderLayout,title=,normal,defaultCloseOperation=EXIT_ON_CLOSE,rootPane=javax.swing.JRootPane[,7,30,1221x665,invalid,layout=javax.swing.JRootPane$RootLayout,alignmentX=0.0,alignmentY=0.0,border=,flags=16777673,maximumSize=,minimumSize=,preferredSize=],rootPaneCheckingEnabled=true]" time="0.071">
    <failure type="java.lang.AssertionError" message="expected [user không được chứa khoảng trống] but found [User malformed. User phải có 6 ký tự.(Bao gồm số và ký tự hoa)]">
      <![CDATA[java.lang.AssertionError: expected [user không được chứa khoảng trống] but found [User malformed. User phải có 6 ký tự.(Bao gồm số và ký tự hoa)]
at test.ApplicationFastFood.testRegister(ApplicationFastFood.java:5435)
at java.base/java.util.ArrayList.forEach(ArrayList.java:1511)
... Removed 33 stack frames]]>
    </failure>
  </testcase> <!-- testRegister on test.ApplicationFastFood[frame2,23,0,1235x702,invalid,hidden,layout=java.awt.BorderLayout,title=,normal,defaultCloseOperation=EXIT_ON_CLOSE,rootPane=javax.swing.JRootPane[,7,30,1221x665,invalid,layout=javax.swing.JRootPane$RootLayout,alignmentX=0.0,alignmentY=0.0,border=,flags=16777673,maximumSize=,minimumSize=,preferredSize=],rootPaneCheckingEnabled=true] -->
  <testcase classname="test.ApplicationFastFood" name="testRegister on test.ApplicationFastFood[frame2,23,0,1235x702,invalid,hidden,layout=java.awt.BorderLayout,title=,normal,defaultCloseOperation=EXIT_ON_CLOSE,rootPane=javax.swing.JRootPane[,7,30,1221x665,invalid,layout=javax.swing.JRootPane$RootLayout,alignmentX=0.0,alignmentY=0.0,border=,flags=16777673,maximumSize=,minimumSize=,preferredSize=],rootPaneCheckingEnabled=true]" time="0.071">
    <failure type="java.lang.AssertionError" message="expected [user không được chứa khoảng trống] but found [User malformed. User phải có 6 ký tự.(Bao gồm số và ký tự hoa)]">
      <![CDATA[java.lang.AssertionError: expected [user không được chứa khoảng trống] but found [User malformed. User phải có 6 ký tự.(Bao gồm số và ký tự hoa)]
at test.ApplicationFastFood.testRegister(ApplicationFastFood.java:5435)
at java.base/java.util.ArrayList.forEach(ArrayList.java:1511)
... Removed 33 stack frames]]>
    </failure>
  </testcase> <!-- testRegister on test.ApplicationFastFood[frame2,23,0,1235x702,invalid,hidden,layout=java.awt.BorderLayout,title=,normal,defaultCloseOperation=EXIT_ON_CLOSE,rootPane=javax.swing.JRootPane[,7,30,1221x665,invalid,layout=javax.swing.JRootPane$RootLayout,alignmentX=0.0,alignmentY=0.0,border=,flags=16777673,maximumSize=,minimumSize=,preferredSize=],rootPaneCheckingEnabled=true] -->
  <testcase classname="test.ApplicationFastFood" name="testRegister on test.ApplicationFastFood[frame2,23,0,1235x702,invalid,hidden,layout=java.awt.BorderLayout,title=,normal,defaultCloseOperation=EXIT_ON_CLOSE,rootPane=javax.swing.JRootPane[,7,30,1221x665,invalid,layout=javax.swing.JRootPane$RootLayout,alignmentX=0.0,alignmentY=0.0,border=,flags=16777673,maximumSize=,minimumSize=,preferredSize=],rootPaneCheckingEnabled=true]" time="0.071">
    <failure type="java.lang.AssertionError" message="expected [user không được chứa khoảng trống] but found [User malformed. User phải có 6 ký tự.(Bao gồm số và ký tự hoa)]">
      <![CDATA[java.lang.AssertionError: expected [user không được chứa khoảng trống] but found [User malformed. User phải có 6 ký tự.(Bao gồm số và ký tự hoa)]
at test.ApplicationFastFood.testRegister(ApplicationFastFood.java:5435)
at java.base/java.util.ArrayList.forEach(ArrayList.java:1511)
... Removed 33 stack frames]]>
    </failure>
  </testcase> <!-- testRegister on test.ApplicationFastFood[frame2,23,0,1235x702,invalid,hidden,layout=java.awt.BorderLayout,title=,normal,defaultCloseOperation=EXIT_ON_CLOSE,rootPane=javax.swing.JRootPane[,7,30,1221x665,invalid,layout=javax.swing.JRootPane$RootLayout,alignmentX=0.0,alignmentY=0.0,border=,flags=16777673,maximumSize=,minimumSize=,preferredSize=],rootPaneCheckingEnabled=true] -->
  <testcase classname="test.ApplicationFastFood" name="testRegister on test.ApplicationFastFood[frame2,23,0,1235x702,invalid,hidden,layout=java.awt.BorderLayout,title=,normal,defaultCloseOperation=EXIT_ON_CLOSE,rootPane=javax.swing.JRootPane[,7,30,1221x665,invalid,layout=javax.swing.JRootPane$RootLayout,alignmentX=0.0,alignmentY=0.0,border=,flags=16777673,maximumSize=,minimumSize=,preferredSize=],rootPaneCheckingEnabled=true]" time="0.071">
    <failure type="java.lang.AssertionError" message="expected [pass không được chứa khoảng trống] but found [Password malformed. Pass phải có 6 ký tự.(Bao gồm số và ký tự hoa)]">
      <![CDATA[java.lang.AssertionError: expected [pass không được chứa khoảng trống] but found [Password malformed. Pass phải có 6 ký tự.(Bao gồm số và ký tự hoa)]
at test.ApplicationFastFood.testRegister(ApplicationFastFood.java:5436)
at java.base/java.util.ArrayList.forEach(ArrayList.java:1511)
... Removed 33 stack frames]]>
    </failure>
  </testcase> <!-- testRegister on test.ApplicationFastFood[frame2,23,0,1235x702,invalid,hidden,layout=java.awt.BorderLayout,title=,normal,defaultCloseOperation=EXIT_ON_CLOSE,rootPane=javax.swing.JRootPane[,7,30,1221x665,invalid,layout=javax.swing.JRootPane$RootLayout,alignmentX=0.0,alignmentY=0.0,border=,flags=16777673,maximumSize=,minimumSize=,preferredSize=],rootPaneCheckingEnabled=true] -->
  <testcase classname="test.ApplicationFastFood" name="testRegister on test.ApplicationFastFood[frame2,23,0,1235x702,invalid,hidden,layout=java.awt.BorderLayout,title=,normal,defaultCloseOperation=EXIT_ON_CLOSE,rootPane=javax.swing.JRootPane[,7,30,1221x665,invalid,layout=javax.swing.JRootPane$RootLayout,alignmentX=0.0,alignmentY=0.0,border=,flags=16777673,maximumSize=,minimumSize=,preferredSize=],rootPaneCheckingEnabled=true]" time="0.069">
    <failure type="java.lang.AssertionError" message="expected [User malformed.User phải có 6 kí tự(bao gồm chữ hoa và số)] but found [User malformed. User phải có 6 ký tự.(Bao gồm số và ký tự hoa)]">
      <![CDATA[java.lang.AssertionError: expected [User malformed.User phải có 6 kí tự(bao gồm chữ hoa và số)] but found [User malformed. User phải có 6 ký tự.(Bao gồm số và ký tự hoa)]
at test.ApplicationFastFood.testRegister(ApplicationFastFood.java:5435)
at java.base/java.util.ArrayList.forEach(ArrayList.java:1511)
... Removed 33 stack frames]]>
    </failure>
  </testcase> <!-- testRegister on test.ApplicationFastFood[frame2,23,0,1235x702,invalid,hidden,layout=java.awt.BorderLayout,title=,normal,defaultCloseOperation=EXIT_ON_CLOSE,rootPane=javax.swing.JRootPane[,7,30,1221x665,invalid,layout=javax.swing.JRootPane$RootLayout,alignmentX=0.0,alignmentY=0.0,border=,flags=16777673,maximumSize=,minimumSize=,preferredSize=],rootPaneCheckingEnabled=true] -->
  <testcase classname="test.ApplicationFastFood" name="testRegister on test.ApplicationFastFood[frame2,23,0,1235x702,invalid,hidden,layout=java.awt.BorderLayout,title=,normal,defaultCloseOperation=EXIT_ON_CLOSE,rootPane=javax.swing.JRootPane[,7,30,1221x665,invalid,layout=javax.swing.JRootPane$RootLayout,alignmentX=0.0,alignmentY=0.0,border=,flags=16777673,maximumSize=,minimumSize=,preferredSize=],rootPaneCheckingEnabled=true]" time="0.073">
    <failure type="java.lang.AssertionError" message="expected [pass không được chứa khoảng trống] but found [password is incorrect]">
      <![CDATA[java.lang.AssertionError: expected [pass không được chứa khoảng trống] but found [password is incorrect]
at test.ApplicationFastFood.testRegister(ApplicationFastFood.java:5436)
at java.base/java.util.ArrayList.forEach(ArrayList.java:1511)
... Removed 33 stack frames]]>
    </failure>
  </testcase> <!-- testRegister on test.ApplicationFastFood[frame2,23,0,1235x702,invalid,hidden,layout=java.awt.BorderLayout,title=,normal,defaultCloseOperation=EXIT_ON_CLOSE,rootPane=javax.swing.JRootPane[,7,30,1221x665,invalid,layout=javax.swing.JRootPane$RootLayout,alignmentX=0.0,alignmentY=0.0,border=,flags=16777673,maximumSize=,minimumSize=,preferredSize=],rootPaneCheckingEnabled=true] -->
  <testcase classname="test.ApplicationFastFood" name="testRegister on test.ApplicationFastFood[frame2,23,0,1235x702,invalid,hidden,layout=java.awt.BorderLayout,title=,normal,defaultCloseOperation=EXIT_ON_CLOSE,rootPane=javax.swing.JRootPane[,7,30,1221x665,invalid,layout=javax.swing.JRootPane$RootLayout,alignmentX=0.0,alignmentY=0.0,border=,flags=16777673,maximumSize=,minimumSize=,preferredSize=],rootPaneCheckingEnabled=true]" time="0.07">
    <failure type="java.lang.AssertionError" message="expected [pass không được chứa khoảng trống] but found [Password malformed. Pass phải có 6 ký tự.(Bao gồm số và ký tự hoa)]">
      <![CDATA[java.lang.AssertionError: expected [pass không được chứa khoảng trống] but found [Password malformed. Pass phải có 6 ký tự.(Bao gồm số và ký tự hoa)]
at test.ApplicationFastFood.testRegister(ApplicationFastFood.java:5436)
at java.base/java.util.ArrayList.forEach(ArrayList.java:1511)
... Removed 33 stack frames]]>
    </failure>
  </testcase> <!-- testRegister on test.ApplicationFastFood[frame2,23,0,1235x702,invalid,hidden,layout=java.awt.BorderLayout,title=,normal,defaultCloseOperation=EXIT_ON_CLOSE,rootPane=javax.swing.JRootPane[,7,30,1221x665,invalid,layout=javax.swing.JRootPane$RootLayout,alignmentX=0.0,alignmentY=0.0,border=,flags=16777673,maximumSize=,minimumSize=,preferredSize=],rootPaneCheckingEnabled=true] -->
  <testcase classname="test.ApplicationFastFood" name="testRegister on test.ApplicationFastFood[frame2,23,0,1235x702,invalid,hidden,layout=java.awt.BorderLayout,title=,normal,defaultCloseOperation=EXIT_ON_CLOSE,rootPane=javax.swing.JRootPane[,7,30,1221x665,invalid,layout=javax.swing.JRootPane$RootLayout,alignmentX=0.0,alignmentY=0.0,border=,flags=16777673,maximumSize=,minimumSize=,preferredSize=],rootPaneCheckingEnabled=true]" time="0.07">
    <failure type="java.lang.AssertionError" message="expected [Pass cann&amp;apos;t be empty] but found [password is incorrect]">
      <![CDATA[java.lang.AssertionError: expected [Pass cann't be empty] but found [password is incorrect]
at test.ApplicationFastFood.testRegister(ApplicationFastFood.java:5436)
at java.base/java.util.ArrayList.forEach(ArrayList.java:1511)
... Removed 33 stack frames]]>
    </failure>
  </testcase> <!-- testRegister on test.ApplicationFastFood[frame2,23,0,1235x702,invalid,hidden,layout=java.awt.BorderLayout,title=,normal,defaultCloseOperation=EXIT_ON_CLOSE,rootPane=javax.swing.JRootPane[,7,30,1221x665,invalid,layout=javax.swing.JRootPane$RootLayout,alignmentX=0.0,alignmentY=0.0,border=,flags=16777673,maximumSize=,minimumSize=,preferredSize=],rootPaneCheckingEnabled=true] -->
  <testcase classname="test.ApplicationFastFood" name="testRegister on test.ApplicationFastFood[frame2,23,0,1235x702,invalid,hidden,layout=java.awt.BorderLayout,title=,normal,defaultCloseOperation=EXIT_ON_CLOSE,rootPane=javax.swing.JRootPane[,7,30,1221x665,invalid,layout=javax.swing.JRootPane$RootLayout,alignmentX=0.0,alignmentY=0.0,border=,flags=16777673,maximumSize=,minimumSize=,preferredSize=],rootPaneCheckingEnabled=true]" time="0.07">
    <failure type="java.lang.AssertionError" message="expected [User malformed.User phải có 6 kí tự(bao gồm chữ hoa và số)] but found [User malformed. User phải có 6 ký tự.(Bao gồm số và ký tự hoa)]">
      <![CDATA[java.lang.AssertionError: expected [User malformed.User phải có 6 kí tự(bao gồm chữ hoa và số)] but found [User malformed. User phải có 6 ký tự.(Bao gồm số và ký tự hoa)]
at test.ApplicationFastFood.testRegister(ApplicationFastFood.java:5435)
at java.base/java.util.ArrayList.forEach(ArrayList.java:1511)
... Removed 33 stack frames]]>
    </failure>
  </testcase> <!-- testRegister on test.ApplicationFastFood[frame2,23,0,1235x702,invalid,hidden,layout=java.awt.BorderLayout,title=,normal,defaultCloseOperation=EXIT_ON_CLOSE,rootPane=javax.swing.JRootPane[,7,30,1221x665,invalid,layout=javax.swing.JRootPane$RootLayout,alignmentX=0.0,alignmentY=0.0,border=,flags=16777673,maximumSize=,minimumSize=,preferredSize=],rootPaneCheckingEnabled=true] -->
  <testcase classname="test.ApplicationFastFood" name="testRegister on test.ApplicationFastFood[frame2,23,0,1235x702,invalid,hidden,layout=java.awt.BorderLayout,title=,normal,defaultCloseOperation=EXIT_ON_CLOSE,rootPane=javax.swing.JRootPane[,7,30,1221x665,invalid,layout=javax.swing.JRootPane$RootLayout,alignmentX=0.0,alignmentY=0.0,border=,flags=16777673,maximumSize=,minimumSize=,preferredSize=],rootPaneCheckingEnabled=true]" time="0.07">
    <failure type="java.lang.AssertionError" message="expected [pass malformed.pass phải có 6 kí tự(bao gồm chữ hoa và số)] but found [password is incorrect]">
      <![CDATA[java.lang.AssertionError: expected [pass malformed.pass phải có 6 kí tự(bao gồm chữ hoa và số)] but found [password is incorrect]
at test.ApplicationFastFood.testRegister(ApplicationFastFood.java:5436)
at java.base/java.util.ArrayList.forEach(ArrayList.java:1511)
... Removed 33 stack frames]]>
    </failure>
  </testcase> <!-- testRegister on test.ApplicationFastFood[frame2,23,0,1235x702,invalid,hidden,layout=java.awt.BorderLayout,title=,normal,defaultCloseOperation=EXIT_ON_CLOSE,rootPane=javax.swing.JRootPane[,7,30,1221x665,invalid,layout=javax.swing.JRootPane$RootLayout,alignmentX=0.0,alignmentY=0.0,border=,flags=16777673,maximumSize=,minimumSize=,preferredSize=],rootPaneCheckingEnabled=true] -->
  <testcase classname="test.ApplicationFastFood" name="testRegister on test.ApplicationFastFood[frame2,23,0,1235x702,invalid,hidden,layout=java.awt.BorderLayout,title=,normal,defaultCloseOperation=EXIT_ON_CLOSE,rootPane=javax.swing.JRootPane[,7,30,1221x665,invalid,layout=javax.swing.JRootPane$RootLayout,alignmentX=0.0,alignmentY=0.0,border=,flags=16777673,maximumSize=,minimumSize=,preferredSize=],rootPaneCheckingEnabled=true]" time="0.07">
    <failure type="java.lang.AssertionError" message="expected [Pass cann&amp;apos;t be empty] but found [password is incorrect]">
      <![CDATA[java.lang.AssertionError: expected [Pass cann't be empty] but found [password is incorrect]
at test.ApplicationFastFood.testRegister(ApplicationFastFood.java:5436)
at java.base/java.util.ArrayList.forEach(ArrayList.java:1511)
... Removed 33 stack frames]]>
    </failure>
  </testcase> <!-- testRegister on test.ApplicationFastFood[frame2,23,0,1235x702,invalid,hidden,layout=java.awt.BorderLayout,title=,normal,defaultCloseOperation=EXIT_ON_CLOSE,rootPane=javax.swing.JRootPane[,7,30,1221x665,invalid,layout=javax.swing.JRootPane$RootLayout,alignmentX=0.0,alignmentY=0.0,border=,flags=16777673,maximumSize=,minimumSize=,preferredSize=],rootPaneCheckingEnabled=true] -->
  <testcase classname="test.ApplicationFastFood" name="testRegister on test.ApplicationFastFood[frame2,23,0,1235x702,invalid,hidden,layout=java.awt.BorderLayout,title=,normal,defaultCloseOperation=EXIT_ON_CLOSE,rootPane=javax.swing.JRootPane[,7,30,1221x665,invalid,layout=javax.swing.JRootPane$RootLayout,alignmentX=0.0,alignmentY=0.0,border=,flags=16777673,maximumSize=,minimumSize=,preferredSize=],rootPaneCheckingEnabled=true]" time="0.071">
    <failure type="java.lang.AssertionError" message="expected [Pass cann&amp;apos;t be empty] but found [Password cann&amp;apos;t be empty]">
      <![CDATA[java.lang.AssertionError: expected [Pass cann't be empty] but found [Password cann't be empty]
at test.ApplicationFastFood.testRegister(ApplicationFastFood.java:5436)
at java.base/java.util.ArrayList.forEach(ArrayList.java:1511)
... Removed 33 stack frames]]>
    </failure>
  </testcase> <!-- testRegister on test.ApplicationFastFood[frame2,23,0,1235x702,invalid,hidden,layout=java.awt.BorderLayout,title=,normal,defaultCloseOperation=EXIT_ON_CLOSE,rootPane=javax.swing.JRootPane[,7,30,1221x665,invalid,layout=javax.swing.JRootPane$RootLayout,alignmentX=0.0,alignmentY=0.0,border=,flags=16777673,maximumSize=,minimumSize=,preferredSize=],rootPaneCheckingEnabled=true] -->
  <testcase classname="test.ApplicationFastFood" name="testRegister on test.ApplicationFastFood[frame2,23,0,1235x702,invalid,hidden,layout=java.awt.BorderLayout,title=,normal,defaultCloseOperation=EXIT_ON_CLOSE,rootPane=javax.swing.JRootPane[,7,30,1221x665,invalid,layout=javax.swing.JRootPane$RootLayout,alignmentX=0.0,alignmentY=0.0,border=,flags=16777673,maximumSize=,minimumSize=,preferredSize=],rootPaneCheckingEnabled=true]" time="0.071">
    <failure type="java.lang.AssertionError" message="expected [User malformed.User phải có 6 kí tự(bao gồm chữ hoa và số)] but found [User malformed. User phải có 6 ký tự.(Bao gồm số và ký tự hoa)]">
      <![CDATA[java.lang.AssertionError: expected [User malformed.User phải có 6 kí tự(bao gồm chữ hoa và số)] but found [User malformed. User phải có 6 ký tự.(Bao gồm số và ký tự hoa)]
at test.ApplicationFastFood.testRegister(ApplicationFastFood.java:5435)
at java.base/java.util.ArrayList.forEach(ArrayList.java:1511)
... Removed 33 stack frames]]>
    </failure>
  </testcase> <!-- testRegister on test.ApplicationFastFood[frame2,23,0,1235x702,invalid,hidden,layout=java.awt.BorderLayout,title=,normal,defaultCloseOperation=EXIT_ON_CLOSE,rootPane=javax.swing.JRootPane[,7,30,1221x665,invalid,layout=javax.swing.JRootPane$RootLayout,alignmentX=0.0,alignmentY=0.0,border=,flags=16777673,maximumSize=,minimumSize=,preferredSize=],rootPaneCheckingEnabled=true] -->
  <testcase classname="test.ApplicationFastFood" name="testRegister on test.ApplicationFastFood[frame2,23,0,1235x702,invalid,hidden,layout=java.awt.BorderLayout,title=,normal,defaultCloseOperation=EXIT_ON_CLOSE,rootPane=javax.swing.JRootPane[,7,30,1221x665,invalid,layout=javax.swing.JRootPane$RootLayout,alignmentX=0.0,alignmentY=0.0,border=,flags=16777673,maximumSize=,minimumSize=,preferredSize=],rootPaneCheckingEnabled=true]" time="0.07">
    <failure type="java.lang.AssertionError" message="expected [pass malformed.pass phải có 6 kí tự(bao gồm chữ hoa và số)] but found [Password malformed. Pass phải có 6 ký tự.(Bao gồm số và ký tự hoa)]">
      <![CDATA[java.lang.AssertionError: expected [pass malformed.pass phải có 6 kí tự(bao gồm chữ hoa và số)] but found [Password malformed. Pass phải có 6 ký tự.(Bao gồm số và ký tự hoa)]
at test.ApplicationFastFood.testRegister(ApplicationFastFood.java:5436)
at java.base/java.util.ArrayList.forEach(ArrayList.java:1511)
... Removed 33 stack frames]]>
    </failure>
  </testcase> <!-- testRegister on test.ApplicationFastFood[frame2,23,0,1235x702,invalid,hidden,layout=java.awt.BorderLayout,title=,normal,defaultCloseOperation=EXIT_ON_CLOSE,rootPane=javax.swing.JRootPane[,7,30,1221x665,invalid,layout=javax.swing.JRootPane$RootLayout,alignmentX=0.0,alignmentY=0.0,border=,flags=16777673,maximumSize=,minimumSize=,preferredSize=],rootPaneCheckingEnabled=true] -->
  <testcase classname="test.ApplicationFastFood" name="testRegister on test.ApplicationFastFood[frame2,23,0,1235x702,invalid,hidden,layout=java.awt.BorderLayout,title=,normal,defaultCloseOperation=EXIT_ON_CLOSE,rootPane=javax.swing.JRootPane[,7,30,1221x665,invalid,layout=javax.swing.JRootPane$RootLayout,alignmentX=0.0,alignmentY=0.0,border=,flags=16777673,maximumSize=,minimumSize=,preferredSize=],rootPaneCheckingEnabled=true]" time="0.07">
    <failure type="java.lang.AssertionError" message="expected [Pass cann&amp;apos;t be empty] but found [password is incorrect]">
      <![CDATA[java.lang.AssertionError: expected [Pass cann't be empty] but found [password is incorrect]
at test.ApplicationFastFood.testRegister(ApplicationFastFood.java:5436)
at java.base/java.util.ArrayList.forEach(ArrayList.java:1511)
... Removed 33 stack frames]]>
    </failure>
  </testcase> <!-- testRegister on test.ApplicationFastFood[frame2,23,0,1235x702,invalid,hidden,layout=java.awt.BorderLayout,title=,normal,defaultCloseOperation=EXIT_ON_CLOSE,rootPane=javax.swing.JRootPane[,7,30,1221x665,invalid,layout=javax.swing.JRootPane$RootLayout,alignmentX=0.0,alignmentY=0.0,border=,flags=16777673,maximumSize=,minimumSize=,preferredSize=],rootPaneCheckingEnabled=true] -->
  <testcase classname="test.ApplicationFastFood" name="testRegister on test.ApplicationFastFood[frame2,23,0,1235x702,invalid,hidden,layout=java.awt.BorderLayout,title=,normal,defaultCloseOperation=EXIT_ON_CLOSE,rootPane=javax.swing.JRootPane[,7,30,1221x665,invalid,layout=javax.swing.JRootPane$RootLayout,alignmentX=0.0,alignmentY=0.0,border=,flags=16777673,maximumSize=,minimumSize=,preferredSize=],rootPaneCheckingEnabled=true]" time="0.071">
    <failure type="java.lang.AssertionError" message="expected [User malformed.User phải có 6 kí tự(bao gồm chữ hoa và số)] but found [User malformed. User phải có 6 ký tự.(Bao gồm số và ký tự hoa)]">
      <![CDATA[java.lang.AssertionError: expected [User malformed.User phải có 6 kí tự(bao gồm chữ hoa và số)] but found [User malformed. User phải có 6 ký tự.(Bao gồm số và ký tự hoa)]
at test.ApplicationFastFood.testRegister(ApplicationFastFood.java:5435)
at java.base/java.util.ArrayList.forEach(ArrayList.java:1511)
... Removed 33 stack frames]]>
    </failure>
  </testcase> <!-- testRegister on test.ApplicationFastFood[frame2,23,0,1235x702,invalid,hidden,layout=java.awt.BorderLayout,title=,normal,defaultCloseOperation=EXIT_ON_CLOSE,rootPane=javax.swing.JRootPane[,7,30,1221x665,invalid,layout=javax.swing.JRootPane$RootLayout,alignmentX=0.0,alignmentY=0.0,border=,flags=16777673,maximumSize=,minimumSize=,preferredSize=],rootPaneCheckingEnabled=true] -->
  <testcase classname="test.ApplicationFastFood" name="testRegister on test.ApplicationFastFood[frame2,23,0,1235x702,invalid,hidden,layout=java.awt.BorderLayout,title=,normal,defaultCloseOperation=EXIT_ON_CLOSE,rootPane=javax.swing.JRootPane[,7,30,1221x665,invalid,layout=javax.swing.JRootPane$RootLayout,alignmentX=0.0,alignmentY=0.0,border=,flags=16777673,maximumSize=,minimumSize=,preferredSize=],rootPaneCheckingEnabled=true]" time="0.072">
    <failure type="java.lang.AssertionError" message="expected [User malformed.User phải có 6 kí tự(bao gồm chữ hoa và số)] but found [User malformed. User phải có 6 ký tự.(Bao gồm số và ký tự hoa)]">
      <![CDATA[java.lang.AssertionError: expected [User malformed.User phải có 6 kí tự(bao gồm chữ hoa và số)] but found [User malformed. User phải có 6 ký tự.(Bao gồm số và ký tự hoa)]
at test.ApplicationFastFood.testRegister(ApplicationFastFood.java:5435)
at java.base/java.util.ArrayList.forEach(ArrayList.java:1511)
... Removed 33 stack frames]]>
    </failure>
  </testcase> <!-- testRegister on test.ApplicationFastFood[frame2,23,0,1235x702,invalid,hidden,layout=java.awt.BorderLayout,title=,normal,defaultCloseOperation=EXIT_ON_CLOSE,rootPane=javax.swing.JRootPane[,7,30,1221x665,invalid,layout=javax.swing.JRootPane$RootLayout,alignmentX=0.0,alignmentY=0.0,border=,flags=16777673,maximumSize=,minimumSize=,preferredSize=],rootPaneCheckingEnabled=true] -->
  <testcase classname="test.ApplicationFastFood" name="testRegister on test.ApplicationFastFood[frame2,23,0,1235x702,invalid,hidden,layout=java.awt.BorderLayout,title=,normal,defaultCloseOperation=EXIT_ON_CLOSE,rootPane=javax.swing.JRootPane[,7,30,1221x665,invalid,layout=javax.swing.JRootPane$RootLayout,alignmentX=0.0,alignmentY=0.0,border=,flags=16777673,maximumSize=,minimumSize=,preferredSize=],rootPaneCheckingEnabled=true]" time="0.073">
    <failure type="java.lang.AssertionError" message="expected [User malformed.User phải có 6 kí tự(bao gồm chữ hoa và số)] but found [User malformed. User phải có 6 ký tự.(Bao gồm số và ký tự hoa)]">
      <![CDATA[java.lang.AssertionError: expected [User malformed.User phải có 6 kí tự(bao gồm chữ hoa và số)] but found [User malformed. User phải có 6 ký tự.(Bao gồm số và ký tự hoa)]
at test.ApplicationFastFood.testRegister(ApplicationFastFood.java:5435)
at java.base/java.util.ArrayList.forEach(ArrayList.java:1511)
... Removed 33 stack frames]]>
    </failure>
  </testcase> <!-- testRegister on test.ApplicationFastFood[frame2,23,0,1235x702,invalid,hidden,layout=java.awt.BorderLayout,title=,normal,defaultCloseOperation=EXIT_ON_CLOSE,rootPane=javax.swing.JRootPane[,7,30,1221x665,invalid,layout=javax.swing.JRootPane$RootLayout,alignmentX=0.0,alignmentY=0.0,border=,flags=16777673,maximumSize=,minimumSize=,preferredSize=],rootPaneCheckingEnabled=true] -->
  <testcase classname="test.ApplicationFastFood" name="testRegister on test.ApplicationFastFood[frame2,23,0,1235x702,invalid,hidden,layout=java.awt.BorderLayout,title=,normal,defaultCloseOperation=EXIT_ON_CLOSE,rootPane=javax.swing.JRootPane[,7,30,1221x665,invalid,layout=javax.swing.JRootPane$RootLayout,alignmentX=0.0,alignmentY=0.0,border=,flags=16777673,maximumSize=,minimumSize=,preferredSize=],rootPaneCheckingEnabled=true]" time="0.072">
    <failure type="java.lang.AssertionError" message="expected [User malformed.User phải có 6 kí tự(bao gồm chữ hoa và số)] but found [User malformed. User phải có 6 ký tự.(Bao gồm số và ký tự hoa)]">
      <![CDATA[java.lang.AssertionError: expected [User malformed.User phải có 6 kí tự(bao gồm chữ hoa và số)] but found [User malformed. User phải có 6 ký tự.(Bao gồm số và ký tự hoa)]
at test.ApplicationFastFood.testRegister(ApplicationFastFood.java:5435)
at java.base/java.util.ArrayList.forEach(ArrayList.java:1511)
... Removed 33 stack frames]]>
    </failure>
  </testcase> <!-- testRegister on test.ApplicationFastFood[frame2,23,0,1235x702,invalid,hidden,layout=java.awt.BorderLayout,title=,normal,defaultCloseOperation=EXIT_ON_CLOSE,rootPane=javax.swing.JRootPane[,7,30,1221x665,invalid,layout=javax.swing.JRootPane$RootLayout,alignmentX=0.0,alignmentY=0.0,border=,flags=16777673,maximumSize=,minimumSize=,preferredSize=],rootPaneCheckingEnabled=true] -->
  <testcase classname="test.ApplicationFastFood" name="testRegister on test.ApplicationFastFood[frame2,23,0,1235x702,invalid,hidden,layout=java.awt.BorderLayout,title=,normal,defaultCloseOperation=EXIT_ON_CLOSE,rootPane=javax.swing.JRootPane[,7,30,1221x665,invalid,layout=javax.swing.JRootPane$RootLayout,alignmentX=0.0,alignmentY=0.0,border=,flags=16777673,maximumSize=,minimumSize=,preferredSize=],rootPaneCheckingEnabled=true]" time="0.074">
    <failure type="java.lang.AssertionError" message="expected [User malformed.User phải có 6 kí tự(bao gồm chữ hoa và số)] but found [User malformed. User phải có 6 ký tự.(Bao gồm số và ký tự hoa)]">
      <![CDATA[java.lang.AssertionError: expected [User malformed.User phải có 6 kí tự(bao gồm chữ hoa và số)] but found [User malformed. User phải có 6 ký tự.(Bao gồm số và ký tự hoa)]
at test.ApplicationFastFood.testRegister(ApplicationFastFood.java:5435)
at java.base/java.util.ArrayList.forEach(ArrayList.java:1511)
... Removed 33 stack frames]]>
    </failure>
  </testcase> <!-- testRegister on test.ApplicationFastFood[frame2,23,0,1235x702,invalid,hidden,layout=java.awt.BorderLayout,title=,normal,defaultCloseOperation=EXIT_ON_CLOSE,rootPane=javax.swing.JRootPane[,7,30,1221x665,invalid,layout=javax.swing.JRootPane$RootLayout,alignmentX=0.0,alignmentY=0.0,border=,flags=16777673,maximumSize=,minimumSize=,preferredSize=],rootPaneCheckingEnabled=true] -->
  <testcase classname="test.ApplicationFastFood" name="testRegister on test.ApplicationFastFood[frame2,23,0,1235x702,invalid,hidden,layout=java.awt.BorderLayout,title=,normal,defaultCloseOperation=EXIT_ON_CLOSE,rootPane=javax.swing.JRootPane[,7,30,1221x665,invalid,layout=javax.swing.JRootPane$RootLayout,alignmentX=0.0,alignmentY=0.0,border=,flags=16777673,maximumSize=,minimumSize=,preferredSize=],rootPaneCheckingEnabled=true]" time="0.071">
    <failure type="java.lang.AssertionError" message="expected [User malformed.User phải có 6 kí tự(bao gồm chữ hoa và số)] but found [User malformed. User phải có 6 ký tự.(Bao gồm số và ký tự hoa)]">
      <![CDATA[java.lang.AssertionError: expected [User malformed.User phải có 6 kí tự(bao gồm chữ hoa và số)] but found [User malformed. User phải có 6 ký tự.(Bao gồm số và ký tự hoa)]
at test.ApplicationFastFood.testRegister(ApplicationFastFood.java:5435)
at java.base/java.util.ArrayList.forEach(ArrayList.java:1511)
... Removed 33 stack frames]]>
    </failure>
  </testcase> <!-- testRegister on test.ApplicationFastFood[frame2,23,0,1235x702,invalid,hidden,layout=java.awt.BorderLayout,title=,normal,defaultCloseOperation=EXIT_ON_CLOSE,rootPane=javax.swing.JRootPane[,7,30,1221x665,invalid,layout=javax.swing.JRootPane$RootLayout,alignmentX=0.0,alignmentY=0.0,border=,flags=16777673,maximumSize=,minimumSize=,preferredSize=],rootPaneCheckingEnabled=true] -->
  <testcase classname="test.ApplicationFastFood" name="testRegister on test.ApplicationFastFood[frame2,23,0,1235x702,invalid,hidden,layout=java.awt.BorderLayout,title=,normal,defaultCloseOperation=EXIT_ON_CLOSE,rootPane=javax.swing.JRootPane[,7,30,1221x665,invalid,layout=javax.swing.JRootPane$RootLayout,alignmentX=0.0,alignmentY=0.0,border=,flags=16777673,maximumSize=,minimumSize=,preferredSize=],rootPaneCheckingEnabled=true]" time="0.072">
    <failure type="java.lang.AssertionError" message="expected [User malformed.User phải có 6 kí tự(bao gồm chữ hoa và số)] but found [User malformed. User phải có 6 ký tự.(Bao gồm số và ký tự hoa)]">
      <![CDATA[java.lang.AssertionError: expected [User malformed.User phải có 6 kí tự(bao gồm chữ hoa và số)] but found [User malformed. User phải có 6 ký tự.(Bao gồm số và ký tự hoa)]
at test.ApplicationFastFood.testRegister(ApplicationFastFood.java:5435)
at java.base/java.util.ArrayList.forEach(ArrayList.java:1511)
... Removed 33 stack frames]]>
    </failure>
  </testcase> <!-- testRegister on test.ApplicationFastFood[frame2,23,0,1235x702,invalid,hidden,layout=java.awt.BorderLayout,title=,normal,defaultCloseOperation=EXIT_ON_CLOSE,rootPane=javax.swing.JRootPane[,7,30,1221x665,invalid,layout=javax.swing.JRootPane$RootLayout,alignmentX=0.0,alignmentY=0.0,border=,flags=16777673,maximumSize=,minimumSize=,preferredSize=],rootPaneCheckingEnabled=true] -->
  <testcase classname="test.ApplicationFastFood" name="testRegister on test.ApplicationFastFood[frame2,23,0,1235x702,invalid,hidden,layout=java.awt.BorderLayout,title=,normal,defaultCloseOperation=EXIT_ON_CLOSE,rootPane=javax.swing.JRootPane[,7,30,1221x665,invalid,layout=javax.swing.JRootPane$RootLayout,alignmentX=0.0,alignmentY=0.0,border=,flags=16777673,maximumSize=,minimumSize=,preferredSize=],rootPaneCheckingEnabled=true]" time="0.07">
    <failure type="java.lang.AssertionError" message="expected [pass malformed.pass phải có 6 kí tự(bao gồm chữ hoa và số)] but found [Password malformed. Pass phải có 6 ký tự.(Bao gồm số và ký tự hoa)]">
      <![CDATA[java.lang.AssertionError: expected [pass malformed.pass phải có 6 kí tự(bao gồm chữ hoa và số)] but found [Password malformed. Pass phải có 6 ký tự.(Bao gồm số và ký tự hoa)]
at test.ApplicationFastFood.testRegister(ApplicationFastFood.java:5436)
at java.base/java.util.ArrayList.forEach(ArrayList.java:1511)
... Removed 33 stack frames]]>
    </failure>
  </testcase> <!-- testRegister on test.ApplicationFastFood[frame2,23,0,1235x702,invalid,hidden,layout=java.awt.BorderLayout,title=,normal,defaultCloseOperation=EXIT_ON_CLOSE,rootPane=javax.swing.JRootPane[,7,30,1221x665,invalid,layout=javax.swing.JRootPane$RootLayout,alignmentX=0.0,alignmentY=0.0,border=,flags=16777673,maximumSize=,minimumSize=,preferredSize=],rootPaneCheckingEnabled=true] -->
  <testcase classname="test.ApplicationFastFood" name="testRegister on test.ApplicationFastFood[frame2,23,0,1235x702,invalid,hidden,layout=java.awt.BorderLayout,title=,normal,defaultCloseOperation=EXIT_ON_CLOSE,rootPane=javax.swing.JRootPane[,7,30,1221x665,invalid,layout=javax.swing.JRootPane$RootLayout,alignmentX=0.0,alignmentY=0.0,border=,flags=16777673,maximumSize=,minimumSize=,preferredSize=],rootPaneCheckingEnabled=true]" time="0.07">
    <failure type="java.lang.AssertionError" message="expected [User malformed.User phải có 6 kí tự(bao gồm chữ hoa và số)] but found [User malformed. User phải có 6 ký tự.(Bao gồm số và ký tự hoa)]">
      <![CDATA[java.lang.AssertionError: expected [User malformed.User phải có 6 kí tự(bao gồm chữ hoa và số)] but found [User malformed. User phải có 6 ký tự.(Bao gồm số và ký tự hoa)]
at test.ApplicationFastFood.testRegister(ApplicationFastFood.java:5435)
at java.base/java.util.ArrayList.forEach(ArrayList.java:1511)
... Removed 33 stack frames]]>
    </failure>
  </testcase> <!-- testRegister on test.ApplicationFastFood[frame2,23,0,1235x702,invalid,hidden,layout=java.awt.BorderLayout,title=,normal,defaultCloseOperation=EXIT_ON_CLOSE,rootPane=javax.swing.JRootPane[,7,30,1221x665,invalid,layout=javax.swing.JRootPane$RootLayout,alignmentX=0.0,alignmentY=0.0,border=,flags=16777673,maximumSize=,minimumSize=,preferredSize=],rootPaneCheckingEnabled=true] -->
  <testcase classname="test.ApplicationFastFood" name="testRegister on test.ApplicationFastFood[frame2,23,0,1235x702,invalid,hidden,layout=java.awt.BorderLayout,title=,normal,defaultCloseOperation=EXIT_ON_CLOSE,rootPane=javax.swing.JRootPane[,7,30,1221x665,invalid,layout=javax.swing.JRootPane$RootLayout,alignmentX=0.0,alignmentY=0.0,border=,flags=16777673,maximumSize=,minimumSize=,preferredSize=],rootPaneCheckingEnabled=true]" time="0.071">
    <failure type="java.lang.AssertionError" message="expected [User malformed.User phải có 6 kí tự(bao gồm chữ hoa và số)] but found [User malformed. User phải có 6 ký tự.(Bao gồm số và ký tự hoa)]">
      <![CDATA[java.lang.AssertionError: expected [User malformed.User phải có 6 kí tự(bao gồm chữ hoa và số)] but found [User malformed. User phải có 6 ký tự.(Bao gồm số và ký tự hoa)]
at test.ApplicationFastFood.testRegister(ApplicationFastFood.java:5435)
at java.base/java.util.ArrayList.forEach(ArrayList.java:1511)
... Removed 33 stack frames]]>
    </failure>
  </testcase> <!-- testRegister on test.ApplicationFastFood[frame2,23,0,1235x702,invalid,hidden,layout=java.awt.BorderLayout,title=,normal,defaultCloseOperation=EXIT_ON_CLOSE,rootPane=javax.swing.JRootPane[,7,30,1221x665,invalid,layout=javax.swing.JRootPane$RootLayout,alignmentX=0.0,alignmentY=0.0,border=,flags=16777673,maximumSize=,minimumSize=,preferredSize=],rootPaneCheckingEnabled=true] -->
  <testcase classname="test.ApplicationFastFood" name="testRegister on test.ApplicationFastFood[frame2,23,0,1235x702,invalid,hidden,layout=java.awt.BorderLayout,title=,normal,defaultCloseOperation=EXIT_ON_CLOSE,rootPane=javax.swing.JRootPane[,7,30,1221x665,invalid,layout=javax.swing.JRootPane$RootLayout,alignmentX=0.0,alignmentY=0.0,border=,flags=16777673,maximumSize=,minimumSize=,preferredSize=],rootPaneCheckingEnabled=true]" time="0.07">
    <failure type="java.lang.AssertionError" message="expected [User malformed.User phải có 6 kí tự(bao gồm chữ hoa và số)] but found [User malformed. User phải có 6 ký tự.(Bao gồm số và ký tự hoa)]">
      <![CDATA[java.lang.AssertionError: expected [User malformed.User phải có 6 kí tự(bao gồm chữ hoa và số)] but found [User malformed. User phải có 6 ký tự.(Bao gồm số và ký tự hoa)]
at test.ApplicationFastFood.testRegister(ApplicationFastFood.java:5435)
at java.base/java.util.ArrayList.forEach(ArrayList.java:1511)
... Removed 33 stack frames]]>
    </failure>
  </testcase> <!-- testRegister on test.ApplicationFastFood[frame2,23,0,1235x702,invalid,hidden,layout=java.awt.BorderLayout,title=,normal,defaultCloseOperation=EXIT_ON_CLOSE,rootPane=javax.swing.JRootPane[,7,30,1221x665,invalid,layout=javax.swing.JRootPane$RootLayout,alignmentX=0.0,alignmentY=0.0,border=,flags=16777673,maximumSize=,minimumSize=,preferredSize=],rootPaneCheckingEnabled=true] -->
  <testcase classname="test.ApplicationFastFood" name="testRegister on test.ApplicationFastFood[frame2,23,0,1235x702,invalid,hidden,layout=java.awt.BorderLayout,title=,normal,defaultCloseOperation=EXIT_ON_CLOSE,rootPane=javax.swing.JRootPane[,7,30,1221x665,invalid,layout=javax.swing.JRootPane$RootLayout,alignmentX=0.0,alignmentY=0.0,border=,flags=16777673,maximumSize=,minimumSize=,preferredSize=],rootPaneCheckingEnabled=true]" time="0.07">
    <failure type="java.lang.AssertionError" message="expected [User malformed.User phải có 6 kí tự(bao gồm chữ hoa và số)] but found [User malformed. User phải có 6 ký tự.(Bao gồm số và ký tự hoa)]">
      <![CDATA[java.lang.AssertionError: expected [User malformed.User phải có 6 kí tự(bao gồm chữ hoa và số)] but found [User malformed. User phải có 6 ký tự.(Bao gồm số và ký tự hoa)]
at test.ApplicationFastFood.testRegister(ApplicationFastFood.java:5435)
at java.base/java.util.ArrayList.forEach(ArrayList.java:1511)
... Removed 33 stack frames]]>
    </failure>
  </testcase> <!-- testRegister on test.ApplicationFastFood[frame2,23,0,1235x702,invalid,hidden,layout=java.awt.BorderLayout,title=,normal,defaultCloseOperation=EXIT_ON_CLOSE,rootPane=javax.swing.JRootPane[,7,30,1221x665,invalid,layout=javax.swing.JRootPane$RootLayout,alignmentX=0.0,alignmentY=0.0,border=,flags=16777673,maximumSize=,minimumSize=,preferredSize=],rootPaneCheckingEnabled=true] -->
  <testcase classname="test.ApplicationFastFood" name="testRegister on test.ApplicationFastFood[frame2,23,0,1235x702,invalid,hidden,layout=java.awt.BorderLayout,title=,normal,defaultCloseOperation=EXIT_ON_CLOSE,rootPane=javax.swing.JRootPane[,7,30,1221x665,invalid,layout=javax.swing.JRootPane$RootLayout,alignmentX=0.0,alignmentY=0.0,border=,flags=16777673,maximumSize=,minimumSize=,preferredSize=],rootPaneCheckingEnabled=true]" time="0.07">
    <failure type="java.lang.AssertionError" message="expected [pass malformed.pass phải có 6 kí tự(bao gồm chữ hoa và số)] but found [Password malformed. Pass phải có 6 ký tự.(Bao gồm số và ký tự hoa)]">
      <![CDATA[java.lang.AssertionError: expected [pass malformed.pass phải có 6 kí tự(bao gồm chữ hoa và số)] but found [Password malformed. Pass phải có 6 ký tự.(Bao gồm số và ký tự hoa)]
at test.ApplicationFastFood.testRegister(ApplicationFastFood.java:5436)
at java.base/java.util.ArrayList.forEach(ArrayList.java:1511)
... Removed 33 stack frames]]>
    </failure>
  </testcase> <!-- testRegister on test.ApplicationFastFood[frame2,23,0,1235x702,invalid,hidden,layout=java.awt.BorderLayout,title=,normal,defaultCloseOperation=EXIT_ON_CLOSE,rootPane=javax.swing.JRootPane[,7,30,1221x665,invalid,layout=javax.swing.JRootPane$RootLayout,alignmentX=0.0,alignmentY=0.0,border=,flags=16777673,maximumSize=,minimumSize=,preferredSize=],rootPaneCheckingEnabled=true] -->
  <testcase classname="test.ApplicationFastFood" name="testRegister on test.ApplicationFastFood[frame2,23,0,1235x702,invalid,hidden,layout=java.awt.BorderLayout,title=,normal,defaultCloseOperation=EXIT_ON_CLOSE,rootPane=javax.swing.JRootPane[,7,30,1221x665,invalid,layout=javax.swing.JRootPane$RootLayout,alignmentX=0.0,alignmentY=0.0,border=,flags=16777673,maximumSize=,minimumSize=,preferredSize=],rootPaneCheckingEnabled=true]" time="0.072">
    <failure type="java.lang.AssertionError" message="expected [pass malformed.pass phải có 6 kí tự(bao gồm chữ hoa và số)] but found [Password malformed. Pass phải có 6 ký tự.(Bao gồm số và ký tự hoa)]">
[...]
    <failure type="java.lang.AssertionError" message="expected [] but found [ ]">
      <![CDATA[java.lang.AssertionError: expected [] but found [ ]
at test.ApplicationFastFood.testRegister(ApplicationFastFood.java:5436)
at java.base/java.util.ArrayList.forEach(ArrayList.java:1511)
... Removed 33 stack frames]]>
    </failure>
  </testcase> <!-- testRegister on test.ApplicationFastFood[frame2,23,0,1235x702,invalid,hidden,layout=java.awt.BorderLayout,title=,normal,defaultCloseOperation=EXIT_ON_CLOSE,rootPane=javax.swing.JRootPane[,7,30,1221x665,invalid,layout=javax.swing.JRootPane$RootLayout,alignmentX=0.0,alignmentY=0.0,border=,flags=16777673,maximumSize=,minimumSize=,preferredSize=],rootPaneCheckingEnabled=true] -->
  <testcase classname="test.ApplicationFastFood" name="testRegister on test.ApplicationFastFood[frame2,23,0,1235x702,invalid,hidden,layout=java.awt.BorderLayout,title=,normal,defaultCloseOperation=EXIT_ON_CLOSE,rootPane=javax.swing.JRootPane[,7,30,1221x665,invalid,layout=javax.swing.JRootPane$RootLayout,alignmentX=0.0,alignmentY=0.0,border=,flags=16777673,maximumSize=,minimumSize=,preferredSize=],rootPaneCheckingEnabled=true]" time="0.069">
    <failure type="java.lang.AssertionError" message="expected [] but found [ ]">
      <![CDATA[java.lang.AssertionError: expected [] but found [ ]
at test.ApplicationFastFood.testRegister(ApplicationFastFood.java:5436)
at java.base/java.util.ArrayList.forEach(ArrayList.java:1511)
... Removed 33 stack frames]]>
    </failure>
  </testcase> <!-- testRegister on test.ApplicationFastFood[frame2,23,0,1235x702,invalid,hidden,layout=java.awt.BorderLayout,title=,normal,defaultCloseOperation=EXIT_ON_CLOSE,rootPane=javax.swing.JRootPane[,7,30,1221x665,invalid,layout=javax.swing.JRootPane$RootLayout,alignmentX=0.0,alignmentY=0.0,border=,flags=16777673,maximumSize=,minimumSize=,preferredSize=],rootPaneCheckingEnabled=true] -->
  <testcase classname="test.ApplicationFastFood" name="testRegister on test.ApplicationFastFood[frame2,23,0,1235x702,invalid,hidden,layout=java.awt.BorderLayout,title=,normal,defaultCloseOperation=EXIT_ON_CLOSE,rootPane=javax.swing.JRootPane[,7,30,1221x665,invalid,layout=javax.swing.JRootPane$RootLayout,alignmentX=0.0,alignmentY=0.0,border=,flags=16777673,maximumSize=,minimumSize=,preferredSize=],rootPaneCheckingEnabled=true]" time="0.07">
    <failure type="java.lang.AssertionError" message="expected [Pass cann&amp;apos;t be empty] but found [password is incorrect]">
      <![CDATA[java.lang.AssertionError: expected [Pass cann't be empty] but found [password is incorrect]
at test.ApplicationFastFood.testRegister(ApplicationFastFood.java:5436)
at java.base/java.util.ArrayList.forEach(ArrayList.java:1511)
... Removed 33 stack frames]]>
    </failure>
  </testcase> <!-- testRegister on test.ApplicationFastFood[frame2,23,0,1235x702,invalid,hidden,layout=java.awt.BorderLayout,title=,normal,defaultCloseOperation=EXIT_ON_CLOSE,rootPane=javax.swing.JRootPane[,7,30,1221x665,invalid,layout=javax.swing.JRootPane$RootLayout,alignmentX=0.0,alignmentY=0.0,border=,flags=16777673,maximumSize=,minimumSize=,preferredSize=],rootPaneCheckingEnabled=true] -->
  <testcase classname="test.ApplicationFastFood" name="testRegister on test.ApplicationFastFood[frame2,23,0,1235x702,invalid,hidden,layout=java.awt.BorderLayout,title=,normal,defaultCloseOperation=EXIT_ON_CLOSE,rootPane=javax.swing.JRootPane[,7,30,1221x665,invalid,layout=javax.swing.JRootPane$RootLayout,alignmentX=0.0,alignmentY=0.0,border=,flags=16777673,maximumSize=,minimumSize=,preferredSize=],rootPaneCheckingEnabled=true]" time="0.074">
    <failure type="java.lang.AssertionError" message="expected [User malformed.User phải có 6 kí tự(bao gồm chữ hoa và số)] but found [User malformed. User phải có 6 ký tự.(Bao gồm số và ký tự hoa)]">
      <![CDATA[java.lang.AssertionError: expected [User malformed.User phải có 6 kí tự(bao gồm chữ hoa và số)] but found [User malformed. User phải có 6 ký tự.(Bao gồm số và ký tự hoa)]
at test.ApplicationFastFood.testRegister(ApplicationFastFood.java:5435)
at java.base/java.util.ArrayList.forEach(ArrayList.java:1511)
... Removed 33 stack frames]]>
    </failure>
  </testcase> <!-- testRegister on test.ApplicationFastFood[frame2,23,0,1235x702,invalid,hidden,layout=java.awt.BorderLayout,title=,normal,defaultCloseOperation=EXIT_ON_CLOSE,rootPane=javax.swing.JRootPane[,7,30,1221x665,invalid,layout=javax.swing.JRootPane$RootLayout,alignmentX=0.0,alignmentY=0.0,border=,flags=16777673,maximumSize=,minimumSize=,preferredSize=],rootPaneCheckingEnabled=true] -->
  <testcase classname="test.ApplicationFastFood" name="testRegister on test.ApplicationFastFood[frame2,23,0,1235x702,invalid,hidden,layout=java.awt.BorderLayout,title=,normal,defaultCloseOperation=EXIT_ON_CLOSE,rootPane=javax.swing.JRootPane[,7,30,1221x665,invalid,layout=javax.swing.JRootPane$RootLayout,alignmentX=0.0,alignmentY=0.0,border=,flags=16777673,maximumSize=,minimumSize=,preferredSize=],rootPaneCheckingEnabled=true]" time="0.071">
    <failure type="java.lang.AssertionError" message="expected [Pass cann&amp;apos;t be empty] but found [password is incorrect]">
      <![CDATA[java.lang.AssertionError: expected [Pass cann't be empty] but found [password is incorrect]
at test.ApplicationFastFood.testRegister(ApplicationFastFood.java:5436)
at java.base/java.util.ArrayList.forEach(ArrayList.java:1511)
... Removed 33 stack frames]]>
    </failure>
  </testcase> <!-- testRegister on test.ApplicationFastFood[frame2,23,0,1235x702,invalid,hidden,layout=java.awt.BorderLayout,title=,normal,defaultCloseOperation=EXIT_ON_CLOSE,rootPane=javax.swing.JRootPane[,7,30,1221x665,invalid,layout=javax.swing.JRootPane$RootLayout,alignmentX=0.0,alignmentY=0.0,border=,flags=16777673,maximumSize=,minimumSize=,preferredSize=],rootPaneCheckingEnabled=true] -->
  <testcase classname="test.ApplicationFastFood" name="testRegister on test.ApplicationFastFood[frame2,23,0,1235x702,invalid,hidden,layout=java.awt.BorderLayout,title=,normal,defaultCloseOperation=EXIT_ON_CLOSE,rootPane=javax.swing.JRootPane[,7,30,1221x665,invalid,layout=javax.swing.JRootPane$RootLayout,alignmentX=0.0,alignmentY=0.0,border=,flags=16777673,maximumSize=,minimumSize=,preferredSize=],rootPaneCheckingEnabled=true]" time="0.071">
    <failure type="java.lang.AssertionError" message="expected [Pass cann&amp;apos;t be empty] but found [Password cann&amp;apos;t be empty]">
      <![CDATA[java.lang.AssertionError: expected [Pass cann't be empty] but found [Password cann't be empty]
at test.ApplicationFastFood.testRegister(ApplicationFastFood.java:5436)
at java.base/java.util.ArrayList.forEach(ArrayList.java:1511)
... Removed 33 stack frames]]>
    </failure>
  </testcase> <!-- testRegister on test.ApplicationFastFood[frame2,23,0,1235x702,invalid,hidden,layout=java.awt.BorderLayout,title=,normal,defaultCloseOperation=EXIT_ON_CLOSE,rootPane=javax.swing.JRootPane[,7,30,1221x665,invalid,layout=javax.swing.JRootPane$RootLayout,alignmentX=0.0,alignmentY=0.0,border=,flags=16777673,maximumSize=,minimumSize=,preferredSize=],rootPaneCheckingEnabled=true] -->
  <testcase classname="test.ApplicationFastFood" name="testRegister on test.ApplicationFastFood[frame2,23,0,1235x702,invalid,hidden,layout=java.awt.BorderLayout,title=,normal,defaultCloseOperation=EXIT_ON_CLOSE,rootPane=javax.swing.JRootPane[,7,30,1221x665,invalid,layout=javax.swing.JRootPane$RootLayout,alignmentX=0.0,alignmentY=0.0,border=,flags=16777673,maximumSize=,minimumSize=,preferredSize=],rootPaneCheckingEnabled=true]" time="0.071">
    <failure type="java.lang.AssertionError" message="expected [User malformed.User phải có 6 kí tự(bao gồm chữ hoa và số)] but found [User malformed. User phải có 6 ký tự.(Bao gồm số và ký tự hoa)]">
      <![CDATA[java.lang.AssertionError: expected [User malformed.User phải có 6 kí tự(bao gồm chữ hoa và số)] but found [User malformed. User phải có 6 ký tự.(Bao gồm số và ký tự hoa)]
at test.ApplicationFastFood.testRegister(ApplicationFastFood.java:5435)
at java.base/java.util.ArrayList.forEach(ArrayList.java:1511)
... Removed 33 stack frames]]>
    </failure>
  </testcase> <!-- testRegister on test.ApplicationFastFood[frame2,23,0,1235x702,invalid,hidden,layout=java.awt.BorderLayout,title=,normal,defaultCloseOperation=EXIT_ON_CLOSE,rootPane=javax.swing.JRootPane[,7,30,1221x665,invalid,layout=javax.swing.JRootPane$RootLayout,alignmentX=0.0,alignmentY=0.0,border=,flags=16777673,maximumSize=,minimumSize=,preferredSize=],rootPaneCheckingEnabled=true] -->
  <testcase classname="test.ApplicationFastFood" name="testRegister on test.ApplicationFastFood[frame2,23,0,1235x702,invalid,hidden,layout=java.awt.BorderLayout,title=,normal,defaultCloseOperation=EXIT_ON_CLOSE,rootPane=javax.swing.JRootPane[,7,30,1221x665,invalid,layout=javax.swing.JRootPane$RootLayout,alignmentX=0.0,alignmentY=0.0,border=,flags=16777673,maximumSize=,minimumSize=,preferredSize=],rootPaneCheckingEnabled=true]" time="0.072">
    <failure type="java.lang.AssertionError" message="expected [pass malformed.pass phải có 6 kí tự(bao gồm chữ hoa và số)] but found [Password malformed. Pass phải có 6 ký tự.(Bao gồm số và ký tự hoa)]">
      <![CDATA[java.lang.AssertionError: expected [pass malformed.pass phải có 6 kí tự(bao gồm chữ hoa và số)] but found [Password malformed. Pass phải có 6 ký tự.(Bao gồm số và ký tự hoa)]
at test.ApplicationFastFood.testRegister(ApplicationFastFood.java:5436)
at java.base/java.util.ArrayList.forEach(ArrayList.java:1511)
... Removed 33 stack frames]]>
    </failure>
  </testcase> <!-- testRegister on test.ApplicationFastFood[frame2,23,0,1235x702,invalid,hidden,layout=java.awt.BorderLayout,title=,normal,defaultCloseOperation=EXIT_ON_CLOSE,rootPane=javax.swing.JRootPane[,7,30,1221x665,invalid,layout=javax.swing.JRootPane$RootLayout,alignmentX=0.0,alignmentY=0.0,border=,flags=16777673,maximumSize=,minimumSize=,preferredSize=],rootPaneCheckingEnabled=true] -->
  <testcase classname="test.ApplicationFastFood" name="testRegister on test.ApplicationFastFood[frame2,23,0,1235x702,invalid,hidden,layout=java.awt.BorderLayout,title=,normal,defaultCloseOperation=EXIT_ON_CLOSE,rootPane=javax.swing.JRootPane[,7,30,1221x665,invalid,layout=javax.swing.JRootPane$RootLayout,alignmentX=0.0,alignmentY=0.0,border=,flags=16777673,maximumSize=,minimumSize=,preferredSize=],rootPaneCheckingEnabled=true]" time="0.073">
    <failure type="java.lang.AssertionError" message="expected [Pass cann&amp;apos;t be empty] but found [password is incorrect]">
      <![CDATA[java.lang.AssertionError: expected [Pass cann't be empty] but found [password is incorrect]
at test.ApplicationFastFood.testRegister(ApplicationFastFood.java:5436)
at java.base/java.util.ArrayList.forEach(ArrayList.java:1511)
... Removed 33 stack frames]]>
    </failure>
  </testcase> <!-- testRegister on test.ApplicationFastFood[frame2,23,0,1235x702,invalid,hidden,layout=java.awt.BorderLayout,title=,normal,defaultCloseOperation=EXIT_ON_CLOSE,rootPane=javax.swing.JRootPane[,7,30,1221x665,invalid,layout=javax.swing.JRootPane$RootLayout,alignmentX=0.0,alignmentY=0.0,border=,flags=16777673,maximumSize=,minimumSize=,preferredSize=],rootPaneCheckingEnabled=true] -->
  <testcase classname="test.ApplicationFastFood" name="testRegister on test.ApplicationFastFood[frame2,23,0,1235x702,invalid,hidden,layout=java.awt.BorderLayout,title=,normal,defaultCloseOperation=EXIT_ON_CLOSE,rootPane=javax.swing.JRootPane[,7,30,1221x665,invalid,layout=javax.swing.JRootPane$RootLayout,alignmentX=0.0,alignmentY=0.0,border=,flags=16777673,maximumSize=,minimumSize=,preferredSize=],rootPaneCheckingEnabled=true]" time="0.072">
    <failure type="java.lang.AssertionError" message="expected [] but found [ ]">
      <![CDATA[java.lang.AssertionError: expected [] but found [ ]
at test.ApplicationFastFood.testRegister(ApplicationFastFood.java:5435)
at java.base/java.util.ArrayList.forEach(ArrayList.java:1511)
... Removed 33 stack frames]]>
    </failure>
  </testcase> <!-- testRegister on test.ApplicationFastFood[frame2,23,0,1235x702,invalid,hidden,layout=java.awt.BorderLayout,title=,normal,defaultCloseOperation=EXIT_ON_CLOSE,rootPane=javax.swing.JRootPane[,7,30,1221x665,invalid,layout=javax.swing.JRootPane$RootLayout,alignmentX=0.0,alignmentY=0.0,border=,flags=16777673,maximumSize=,minimumSize=,preferredSize=],rootPaneCheckingEnabled=true] -->
  <testcase classname="test.ApplicationFastFood" name="testRegister on test.ApplicationFastFood[frame2,23,0,1235x702,invalid,hidden,layout=java.awt.BorderLayout,title=,normal,defaultCloseOperation=EXIT_ON_CLOSE,rootPane=javax.swing.JRootPane[,7,30,1221x665,invalid,layout=javax.swing.JRootPane$RootLayout,alignmentX=0.0,alignmentY=0.0,border=,flags=16777673,maximumSize=,minimumSize=,preferredSize=],rootPaneCheckingEnabled=true]" time="0.071">
    <failure type="java.lang.AssertionError" message="expected [] but found [ ]">
      <![CDATA[java.lang.AssertionError: expected [] but found [ ]
at test.ApplicationFastFood.testRegister(ApplicationFastFood.java:5435)
at java.base/java.util.ArrayList.forEach(ArrayList.java:1511)
... Removed 33 stack frames]]>
    </failure>
  </testcase> <!-- testRegister on test.ApplicationFastFood[frame2,23,0,1235x702,invalid,hidden,layout=java.awt.BorderLayout,title=,normal,defaultCloseOperation=EXIT_ON_CLOSE,rootPane=javax.swing.JRootPane[,7,30,1221x665,invalid,layout=javax.swing.JRootPane$RootLayout,alignmentX=0.0,alignmentY=0.0,border=,flags=16777673,maximumSize=,minimumSize=,preferredSize=],rootPaneCheckingEnabled=true] -->
  <testcase classname="test.ApplicationFastFood" name="testRegister on test.ApplicationFastFood[frame2,23,0,1235x702,invalid,hidden,layout=java.awt.BorderLayout,title=,normal,defaultCloseOperation=EXIT_ON_CLOSE,rootPane=javax.swing.JRootPane[,7,30,1221x665,invalid,layout=javax.swing.JRootPane$RootLayout,alignmentX=0.0,alignmentY=0.0,border=,flags=16777673,maximumSize=,minimumSize=,preferredSize=],rootPaneCheckingEnabled=true]" time="0.074">
    <failure type="java.lang.AssertionError" message="expected [] but found [ ]">
      <![CDATA[java.lang.AssertionError: expected [] but found [ ]
at test.ApplicationFastFood.testRegister(ApplicationFastFood.java:5435)
at java.base/java.util.ArrayList.forEach(ArrayList.java:1511)
... Removed 33 stack frames]]>
    </failure>
  </testcase> <!-- testRegister on test.ApplicationFastFood[frame2,23,0,1235x702,invalid,hidden,layout=java.awt.BorderLayout,title=,normal,defaultCloseOperation=EXIT_ON_CLOSE,rootPane=javax.swing.JRootPane[,7,30,1221x665,invalid,layout=javax.swing.JRootPane$RootLayout,alignmentX=0.0,alignmentY=0.0,border=,flags=16777673,maximumSize=,minimumSize=,preferredSize=],rootPaneCheckingEnabled=true] -->
  <testcase classname="test.ApplicationFastFood" name="testRegister on test.ApplicationFastFood[frame2,23,0,1235x702,invalid,hidden,layout=java.awt.BorderLayout,title=,normal,defaultCloseOperation=EXIT_ON_CLOSE,rootPane=javax.swing.JRootPane[,7,30,1221x665,invalid,layout=javax.swing.JRootPane$RootLayout,alignmentX=0.0,alignmentY=0.0,border=,flags=16777673,maximumSize=,minimumSize=,preferredSize=],rootPaneCheckingEnabled=true]" time="0.072">
    <failure type="java.lang.AssertionError" message="expected [] but found [ ]">
      <![CDATA[java.lang.AssertionError: expected [] but found [ ]
at test.ApplicationFastFood.testRegister(ApplicationFastFood.java:5435)
at java.base/java.util.ArrayList.forEach(ArrayList.java:1511)
... Removed 33 stack frames]]>
    </failure>
  </testcase> <!-- testRegister on test.ApplicationFastFood[frame2,23,0,1235x702,invalid,hidden,layout=java.awt.BorderLayout,title=,normal,defaultCloseOperation=EXIT_ON_CLOSE,rootPane=javax.swing.JRootPane[,7,30,1221x665,invalid,layout=javax.swing.JRootPane$RootLayout,alignmentX=0.0,alignmentY=0.0,border=,flags=16777673,maximumSize=,minimumSize=,preferredSize=],rootPaneCheckingEnabled=true] -->
  <testcase classname="test.ApplicationFastFood" name="testRegister on test.ApplicationFastFood[frame2,23,0,1235x702,invalid,hidden,layout=java.awt.BorderLayout,title=,normal,defaultCloseOperation=EXIT_ON_CLOSE,rootPane=javax.swing.JRootPane[,7,30,1221x665,invalid,layout=javax.swing.JRootPane$RootLayout,alignmentX=0.0,alignmentY=0.0,border=,flags=16777673,maximumSize=,minimumSize=,preferredSize=],rootPaneCheckingEnabled=true]" time="0.073">
    <failure type="java.lang.AssertionError" message="expected [] but found [ ]">
      <![CDATA[java.lang.AssertionError: expected [] but found [ ]
at test.ApplicationFastFood.testRegister(ApplicationFastFood.java:5435)
at java.base/java.util.ArrayList.forEach(ArrayList.java:1511)
... Removed 33 stack frames]]>
    </failure>
  </testcase> <!-- testRegister on test.ApplicationFastFood[frame2,23,0,1235x702,invalid,hidden,layout=java.awt.BorderLayout,title=,normal,defaultCloseOperation=EXIT_ON_CLOSE,rootPane=javax.swing.JRootPane[,7,30,1221x665,invalid,layout=javax.swing.JRootPane$RootLayout,alignmentX=0.0,alignmentY=0.0,border=,flags=16777673,maximumSize=,minimumSize=,preferredSize=],rootPaneCheckingEnabled=true] -->
  <testcase classname="test.ApplicationFastFood" name="testRegister on test.ApplicationFastFood[frame2,23,0,1235x702,invalid,hidden,layout=java.awt.BorderLayout,title=,normal,defaultCloseOperation=EXIT_ON_CLOSE,rootPane=javax.swing.JRootPane[,7,30,1221x665,invalid,layout=javax.swing.JRootPane$RootLayout,alignmentX=0.0,alignmentY=0.0,border=,flags=16777673,maximumSize=,minimumSize=,preferredSize=],rootPaneCheckingEnabled=true]" time="0.07">
    <failure type="java.lang.AssertionError" message="expected [] but found [ ]">
      <![CDATA[java.lang.AssertionError: expected [] but found [ ]
at test.ApplicationFastFood.testRegister(ApplicationFastFood.java:5435)
at java.base/java.util.ArrayList.forEach(ArrayList.java:1511)
... Removed 33 stack frames]]>
    </failure>
  </testcase> <!-- testRegister on test.ApplicationFastFood[frame2,23,0,1235x702,invalid,hidden,layout=java.awt.BorderLayout,title=,normal,defaultCloseOperation=EXIT_ON_CLOSE,rootPane=javax.swing.JRootPane[,7,30,1221x665,invalid,layout=javax.swing.JRootPane$RootLayout,alignmentX=0.0,alignmentY=0.0,border=,flags=16777673,maximumSize=,minimumSize=,preferredSize=],rootPaneCheckingEnabled=true] -->
  <testcase classname="test.ApplicationFastFood" name="testRegister on test.ApplicationFastFood[frame2,23,0,1235x702,invalid,hidden,layout=java.awt.BorderLayout,title=,normal,defaultCloseOperation=EXIT_ON_CLOSE,rootPane=javax.swing.JRootPane[,7,30,1221x665,invalid,layout=javax.swing.JRootPane$RootLayout,alignmentX=0.0,alignmentY=0.0,border=,flags=16777673,maximumSize=,minimumSize=,preferredSize=],rootPaneCheckingEnabled=true]" time="0.071">
    <failure type="java.lang.AssertionError" message="expected [] but found [ ]">
      <![CDATA[java.lang.AssertionError: expected [] but found [ ]
at test.ApplicationFastFood.testRegister(ApplicationFastFood.java:5435)
at java.base/java.util.ArrayList.forEach(ArrayList.java:1511)
... Removed 33 stack frames]]>
    </failure>
  </testcase> <!-- testRegister on test.ApplicationFastFood[frame2,23,0,1235x702,invalid,hidden,layout=java.awt.BorderLayout,title=,normal,defaultCloseOperation=EXIT_ON_CLOSE,rootPane=javax.swing.JRootPane[,7,30,1221x665,invalid,layout=javax.swing.JRootPane$RootLayout,alignmentX=0.0,alignmentY=0.0,border=,flags=16777673,maximumSize=,minimumSize=,preferredSize=],rootPaneCheckingEnabled=true] -->
  <testcase classname="test.ApplicationFastFood" name="testChangePass" time="0.0">
    <ignored/>
  </testcase> <!-- testChangePass -->
  <testcase classname="test.ApplicationFastFood" name="testUpdateInformation" time="0.0">
    <ignored/>
  </testcase> <!-- testUpdateInformation -->
</testsuite> <!-- changepass -->
