<?xml version="1.0" encoding="UTF-8"?>
<!-- Generated by org.testng.reporters.JUnitXMLReporter -->
<testsuite ignored="0" hostname="CUONGDUY" failures="8" tests="466" name="Default test" time="72.281" errors="0" timestamp="2023-04-10T10:43:14 ICT">
  <testcase classname="test.ApplicationFastFood" name="testChangePass on test.ApplicationFastFood[frame0,23,0,1235x702,invalid,hidden,layout=java.awt.BorderLayout,title=,normal,defaultCloseOperation=EXIT_ON_CLOSE,rootPane=javax.swing.JRootPane[,7,30,1221x665,invalid,layout=javax.swing.JRootPane$RootLayout,alignmentX=0.0,alignmentY=0.0,border=,flags=16777673,maximumSize=,minimumSize=,preferredSize=],rootPaneCheckingEnabled=true]" time="0.077"/>
  <testcase classname="test.ApplicationFastFood" name="testChangePass on test.ApplicationFastFood[frame0,23,0,1235x702,invalid,hidden,layout=java.awt.BorderLayout,title=,normal,defaultCloseOperation=EXIT_ON_CLOSE,rootPane=javax.swing.JRootPane[,7,30,1221x665,invalid,layout=javax.swing.JRootPane$RootLayout,alignmentX=0.0,alignmentY=0.0,border=,flags=16777673,maximumSize=,minimumSize=,preferredSize=],rootPaneCheckingEnabled=true]" time="0.074"/>
  <testcase classname="test.ApplicationFastFood" name="testChangePass on test.ApplicationFastFood[frame0,23,0,1235x702,invalid,hidden,layout=java.awt.BorderLayout,title=,normal,defaultCloseOperation=EXIT_ON_CLOSE,rootPane=javax.swing.JRootPane[,7,30,1221x665,invalid,layout=javax.swing.JRootPane$RootLayout,alignmentX=0.0,alignmentY=0.0,border=,flags=16777673,maximumSize=,minimumSize=,preferredSize=],rootPaneCheckingEnabled=true]" time="0.073"/>
  <testcase classname="test.ApplicationFastFood" name="testChangePass on test.ApplicationFastFood[frame0,23,0,1235x702,invalid,hidden,layout=java.awt.BorderLayout,title=,normal,defaultCloseOperation=EXIT_ON_CLOSE,rootPane=javax.swing.JRootPane[,7,30,1221x665,invalid,layout=javax.swing.JRootPane$RootLayout,alignmentX=0.0,alignmentY=0.0,border=,flags=16777673,maximumSize=,minimumSize=,preferredSize=],rootPaneCheckingEnabled=true]" time="0.075"/>
  <testcase classname="test.ApplicationFastFood" name="testChangePass on test.ApplicationFastFood[frame0,23,0,1235x702,invalid,hidden,layout=java.awt.BorderLayout,title=,normal,defaultCloseOperation=EXIT_ON_CLOSE,rootPane=javax.swing.JRootPane[,7,30,1221x665,invalid,layout=javax.swing.JRootPane$RootLayout,alignmentX=0.0,alignmentY=0.0,border=,flags=16777673,maximumSize=,minimumSize=,preferredSize=],rootPaneCheckingEnabled=true]" time="0.076"/>
  <testcase classname="test.ApplicationFastFood" name="testChangePass on test.ApplicationFastFood[frame0,23,0,1235x702,invalid,hidden,layout=java.awt.BorderLayout,title=,normal,defaultCloseOperation=EXIT_ON_CLOSE,rootPane=javax.swing.JRootPane[,7,30,1221x665,invalid,layout=javax.swing.JRootPane$RootLayout,alignmentX=0.0,alignmentY=0.0,border=,flags=16777673,maximumSize=,minimumSize=,preferredSize=],rootPaneCheckingEnabled=true]" time="0.072"/>
  <testcase classname="test.ApplicationFastFood" name="testChangePass on test.ApplicationFastFood[frame0,23,0,1235x702,invalid,hidden,layout=java.awt.BorderLayout,title=,normal,defaultCloseOperation=EXIT_ON_CLOSE,rootPane=javax.swing.JRootPane[,7,30,1221x665,invalid,layout=javax.swing.JRootPane$RootLayout,alignmentX=0.0,alignmentY=0.0,border=,flags=16777673,maximumSize=,minimumSize=,preferredSize=],rootPaneCheckingEnabled=true]" time="0.071"/>
  <testcase classname="test.ApplicationFastFood" name="testChangePass on test.ApplicationFastFood[frame0,23,0,1235x702,invalid,hidden,layout=java.awt.BorderLayout,title=,normal,defaultCloseOperation=EXIT_ON_CLOSE,rootPane=javax.swing.JRootPane[,7,30,1221x665,invalid,layout=javax.swing.JRootPane$RootLayout,alignmentX=0.0,alignmentY=0.0,border=,flags=16777673,maximumSize=,minimumSize=,preferredSize=],rootPaneCheckingEnabled=true]" time="0.079"/>
  <testcase classname="test.ApplicationFastFood" name="testChangePass on test.ApplicationFastFood[frame0,23,0,1235x702,invalid,hidden,layout=java.awt.BorderLayout,title=,normal,defaultCloseOperation=EXIT_ON_CLOSE,rootPane=javax.swing.JRootPane[,7,30,1221x665,invalid,layout=javax.swing.JRootPane$RootLayout,alignmentX=0.0,alignmentY=0.0,border=,flags=16777673,maximumSize=,minimumSize=,preferredSize=],rootPaneCheckingEnabled=true]" time="0.085"/>
  <testcase classname="test.ApplicationFastFood" name="testChangePass on test.ApplicationFastFood[frame0,23,0,1235x702,invalid,hidden,layout=java.awt.BorderLayout,title=,normal,defaultCloseOperation=EXIT_ON_CLOSE,rootPane=javax.swing.JRootPane[,7,30,1221x665,invalid,layout=javax.swing.JRootPane$RootLayout,alignmentX=0.0,alignmentY=0.0,border=,flags=16777673,maximumSize=,minimumSize=,preferredSize=],rootPaneCheckingEnabled=true]" time="0.072"/>
  <testcase classname="test.ApplicationFastFood" name="testChangePass on test.ApplicationFastFood[frame0,23,0,1235x702,invalid,hidden,layout=java.awt.BorderLayout,title=,normal,defaultCloseOperation=EXIT_ON_CLOSE,rootPane=javax.swing.JRootPane[,7,30,1221x665,invalid,layout=javax.swing.JRootPane$RootLayout,alignmentX=0.0,alignmentY=0.0,border=,flags=16777673,maximumSize=,minimumSize=,preferredSize=],rootPaneCheckingEnabled=true]" time="0.071"/>
  <testcase classname="test.ApplicationFastFood" name="testChangePass on test.ApplicationFastFood[frame0,23,0,1235x702,invalid,hidden,layout=java.awt.BorderLayout,title=,normal,defaultCloseOperation=EXIT_ON_CLOSE,rootPane=javax.swing.JRootPane[,7,30,1221x665,invalid,layout=javax.swing.JRootPane$RootLayout,alignmentX=0.0,alignmentY=0.0,border=,flags=16777673,maximumSize=,minimumSize=,preferredSize=],rootPaneCheckingEnabled=true]" time="0.071"/>
  <testcase classname="test.ApplicationFastFood" name="testChangePass on test.ApplicationFastFood[frame0,23,0,1235x702,invalid,hidden,layout=java.awt.BorderLayout,title=,normal,defaultCloseOperation=EXIT_ON_CLOSE,rootPane=javax.swing.JRootPane[,7,30,1221x665,invalid,layout=javax.swing.JRootPane$RootLayout,alignmentX=0.0,alignmentY=0.0,border=,flags=16777673,maximumSize=,minimumSize=,preferredSize=],rootPaneCheckingEnabled=true]" time="0.07"/>
  <testcase classname="test.ApplicationFastFood" name="testChangePass on test.ApplicationFastFood[frame0,23,0,1235x702,invalid,hidden,layout=java.awt.BorderLayout,title=,normal,defaultCloseOperation=EXIT_ON_CLOSE,rootPane=javax.swing.JRootPane[,7,30,1221x665,invalid,layout=javax.swing.JRootPane$RootLayout,alignmentX=0.0,alignmentY=0.0,border=,flags=16777673,maximumSize=,minimumSize=,preferredSize=],rootPaneCheckingEnabled=true]" time="0.072"/>
  <testcase classname="test.ApplicationFastFood" name="testChangePass on test.ApplicationFastFood[frame0,23,0,1235x702,invalid,hidden,layout=java.awt.BorderLayout,title=,normal,defaultCloseOperation=EXIT_ON_CLOSE,rootPane=javax.swing.JRootPane[,7,30,1221x665,invalid,layout=javax.swing.JRootPane$RootLayout,alignmentX=0.0,alignmentY=0.0,border=,flags=16777673,maximumSize=,minimumSize=,preferredSize=],rootPaneCheckingEnabled=true]" time="0.075"/>
  <testcase classname="test.ApplicationFastFood" name="testChangePass on test.ApplicationFastFood[frame0,23,0,1235x702,invalid,hidden,layout=java.awt.BorderLayout,title=,normal,defaultCloseOperation=EXIT_ON_CLOSE,rootPane=javax.swing.JRootPane[,7,30,1221x665,invalid,layout=javax.swing.JRootPane$RootLayout,alignmentX=0.0,alignmentY=0.0,border=,flags=16777673,maximumSize=,minimumSize=,preferredSize=],rootPaneCheckingEnabled=true]" time="0.077"/>
  <testcase classname="test.ApplicationFastFood" name="testChangePass on test.ApplicationFastFood[frame0,23,0,1235x702,invalid,hidden,layout=java.awt.BorderLayout,title=,normal,defaultCloseOperation=EXIT_ON_CLOSE,rootPane=javax.swing.JRootPane[,7,30,1221x665,invalid,layout=javax.swing.JRootPane$RootLayout,alignmentX=0.0,alignmentY=0.0,border=,flags=16777673,maximumSize=,minimumSize=,preferredSize=],rootPaneCheckingEnabled=true]" time="0.07"/>
  <testcase classname="test.ApplicationFastFood" name="testChangePass on test.ApplicationFastFood[frame0,23,0,1235x702,invalid,hidden,layout=java.awt.BorderLayout,title=,normal,defaultCloseOperation=EXIT_ON_CLOSE,rootPane=javax.swing.JRootPane[,7,30,1221x665,invalid,layout=javax.swing.JRootPane$RootLayout,alignmentX=0.0,alignmentY=0.0,border=,flags=16777673,maximumSize=,minimumSize=,preferredSize=],rootPaneCheckingEnabled=true]" time="0.071"/>
  <testcase classname="test.ApplicationFastFood" name="testChangePass on test.ApplicationFastFood[frame0,23,0,1235x702,invalid,hidden,layout=java.awt.BorderLayout,title=,normal,defaultCloseOperation=EXIT_ON_CLOSE,rootPane=javax.swing.JRootPane[,7,30,1221x665,invalid,layout=javax.swing.JRootPane$RootLayout,alignmentX=0.0,alignmentY=0.0,border=,flags=16777673,maximumSize=,minimumSize=,preferredSize=],rootPaneCheckingEnabled=true]" time="0.077"/>
  <testcase classname="test.ApplicationFastFood" name="testChangePass on test.ApplicationFastFood[frame0,23,0,1235x702,invalid,hidden,layout=java.awt.BorderLayout,title=,normal,defaultCloseOperation=EXIT_ON_CLOSE,rootPane=javax.swing.JRootPane[,7,30,1221x665,invalid,layout=javax.swing.JRootPane$RootLayout,alignmentX=0.0,alignmentY=0.0,border=,flags=16777673,maximumSize=,minimumSize=,preferredSize=],rootPaneCheckingEnabled=true]" time="0.074"/>
  <testcase classname="test.ApplicationFastFood" name="testChangePass on test.ApplicationFastFood[frame0,23,0,1235x702,invalid,hidden,layout=java.awt.BorderLayout,title=,normal,defaultCloseOperation=EXIT_ON_CLOSE,rootPane=javax.swing.JRootPane[,7,30,1221x665,invalid,layout=javax.swing.JRootPane$RootLayout,alignmentX=0.0,alignmentY=0.0,border=,flags=16777673,maximumSize=,minimumSize=,preferredSize=],rootPaneCheckingEnabled=true]" time="0.072"/>
  <testcase classname="test.ApplicationFastFood" name="testChangePass on test.ApplicationFastFood[frame0,23,0,1235x702,invalid,hidden,layout=java.awt.BorderLayout,title=,normal,defaultCloseOperation=EXIT_ON_CLOSE,rootPane=javax.swing.JRootPane[,7,30,1221x665,invalid,layout=javax.swing.JRootPane$RootLayout,alignmentX=0.0,alignmentY=0.0,border=,flags=16777673,maximumSize=,minimumSize=,preferredSize=],rootPaneCheckingEnabled=true]" time="0.075"/>
  <testcase classname="test.ApplicationFastFood" name="testChangePass on test.ApplicationFastFood[frame0,23,0,1235x702,invalid,hidden,layout=java.awt.BorderLayout,title=,normal,defaultCloseOperation=EXIT_ON_CLOSE,rootPane=javax.swing.JRootPane[,7,30,1221x665,invalid,layout=javax.swing.JRootPane$RootLayout,alignmentX=0.0,alignmentY=0.0,border=,flags=16777673,maximumSize=,minimumSize=,preferredSize=],rootPaneCheckingEnabled=true]" time="0.07"/>
  <testcase classname="test.ApplicationFastFood" name="testChangePass on test.ApplicationFastFood[frame0,23,0,1235x702,invalid,hidden,layout=java.awt.BorderLayout,title=,normal,defaultCloseOperation=EXIT_ON_CLOSE,rootPane=javax.swing.JRootPane[,7,30,1221x665,invalid,layout=javax.swing.JRootPane$RootLayout,alignmentX=0.0,alignmentY=0.0,border=,flags=16777673,maximumSize=,minimumSize=,preferredSize=],rootPaneCheckingEnabled=true]" time="0.072"/>
  <testcase classname="test.ApplicationFastFood" name="testChangePass on test.ApplicationFastFood[frame0,23,0,1235x702,invalid,hidden,layout=java.awt.BorderLayout,title=,normal,defaultCloseOperation=EXIT_ON_CLOSE,rootPane=javax.swing.JRootPane[,7,30,1221x665,invalid,layout=javax.swing.JRootPane$RootLayout,alignmentX=0.0,alignmentY=0.0,border=,flags=16777673,maximumSize=,minimumSize=,preferredSize=],rootPaneCheckingEnabled=true]" time="0.071"/>
  <testcase classname="test.ApplicationFastFood" name="testChangePass on test.ApplicationFastFood[frame0,23,0,1235x702,invalid,hidden,layout=java.awt.BorderLayout,title=,normal,defaultCloseOperation=EXIT_ON_CLOSE,rootPane=javax.swing.JRootPane[,7,30,1221x665,invalid,layout=javax.swing.JRootPane$RootLayout,alignmentX=0.0,alignmentY=0.0,border=,flags=16777673,maximumSize=,minimumSize=,preferredSize=],rootPaneCheckingEnabled=true]" time="0.072"/>
  <testcase classname="test.ApplicationFastFood" name="testChangePass on test.ApplicationFastFood[frame0,23,0,1235x702,invalid,hidden,layout=java.awt.BorderLayout,title=,normal,defaultCloseOperation=EXIT_ON_CLOSE,rootPane=javax.swing.JRootPane[,7,30,1221x665,invalid,layout=javax.swing.JRootPane$RootLayout,alignmentX=0.0,alignmentY=0.0,border=,flags=16777673,maximumSize=,minimumSize=,preferredSize=],rootPaneCheckingEnabled=true]" time="0.076"/>
  <testcase classname="test.ApplicationFastFood" name="testChangePass on test.ApplicationFastFood[frame0,23,0,1235x702,invalid,hidden,layout=java.awt.BorderLayout,title=,normal,defaultCloseOperation=EXIT_ON_CLOSE,rootPane=javax.swing.JRootPane[,7,30,1221x665,invalid,layout=javax.swing.JRootPane$RootLayout,alignmentX=0.0,alignmentY=0.0,border=,flags=16777673,maximumSize=,minimumSize=,preferredSize=],rootPaneCheckingEnabled=true]" time="0.074"/>
  <testcase classname="test.ApplicationFastFood" name="testChangePass on test.ApplicationFastFood[frame0,23,0,1235x702,invalid,hidden,layout=java.awt.BorderLayout,title=,normal,defaultCloseOperation=EXIT_ON_CLOSE,rootPane=javax.swing.JRootPane[,7,30,1221x665,invalid,layout=javax.swing.JRootPane$RootLayout,alignmentX=0.0,alignmentY=0.0,border=,flags=16777673,maximumSize=,minimumSize=,preferredSize=],rootPaneCheckingEnabled=true]" time="0.07"/>
  <testcase classname="test.ApplicationFastFood" name="testChangePass on test.ApplicationFastFood[frame0,23,0,1235x702,invalid,hidden,layout=java.awt.BorderLayout,title=,normal,defaultCloseOperation=EXIT_ON_CLOSE,rootPane=javax.swing.JRootPane[,7,30,1221x665,invalid,layout=javax.swing.JRootPane$RootLayout,alignmentX=0.0,alignmentY=0.0,border=,flags=16777673,maximumSize=,minimumSize=,preferredSize=],rootPaneCheckingEnabled=true]" time="0.074"/>
  <testcase classname="test.ApplicationFastFood" name="testChangePass on test.ApplicationFastFood[frame0,23,0,1235x702,invalid,hidden,layout=java.awt.BorderLayout,title=,normal,defaultCloseOperation=EXIT_ON_CLOSE,rootPane=javax.swing.JRootPane[,7,30,1221x665,invalid,layout=javax.swing.JRootPane$RootLayout,alignmentX=0.0,alignmentY=0.0,border=,flags=16777673,maximumSize=,minimumSize=,preferredSize=],rootPaneCheckingEnabled=true]" time="0.074"/>
  <testcase classname="test.ApplicationFastFood" name="testChangePass on test.ApplicationFastFood[frame0,23,0,1235x702,invalid,hidden,layout=java.awt.BorderLayout,title=,normal,defaultCloseOperation=EXIT_ON_CLOSE,rootPane=javax.swing.JRootPane[,7,30,1221x665,invalid,layout=javax.swing.JRootPane$RootLayout,alignmentX=0.0,alignmentY=0.0,border=,flags=16777673,maximumSize=,minimumSize=,preferredSize=],rootPaneCheckingEnabled=true]" time="0.07"/>
  <testcase classname="test.ApplicationFastFood" name="testChangePass on test.ApplicationFastFood[frame0,23,0,1235x702,invalid,hidden,layout=java.awt.BorderLayout,title=,normal,defaultCloseOperation=EXIT_ON_CLOSE,rootPane=javax.swing.JRootPane[,7,30,1221x665,invalid,layout=javax.swing.JRootPane$RootLayout,alignmentX=0.0,alignmentY=0.0,border=,flags=16777673,maximumSize=,minimumSize=,preferredSize=],rootPaneCheckingEnabled=true]" time="0.071"/>
  <testcase classname="test.ApplicationFastFood" name="testChangePass on test.ApplicationFastFood[frame0,23,0,1235x702,invalid,hidden,layout=java.awt.BorderLayout,title=,normal,defaultCloseOperation=EXIT_ON_CLOSE,rootPane=javax.swing.JRootPane[,7,30,1221x665,invalid,layout=javax.swing.JRootPane$RootLayout,alignmentX=0.0,alignmentY=0.0,border=,flags=16777673,maximumSize=,minimumSize=,preferredSize=],rootPaneCheckingEnabled=true]" time="0.073"/>
  <testcase classname="test.ApplicationFastFood" name="testChangePass on test.ApplicationFastFood[frame0,23,0,1235x702,invalid,hidden,layout=java.awt.BorderLayout,title=,normal,defaultCloseOperation=EXIT_ON_CLOSE,rootPane=javax.swing.JRootPane[,7,30,1221x665,invalid,layout=javax.swing.JRootPane$RootLayout,alignmentX=0.0,alignmentY=0.0,border=,flags=16777673,maximumSize=,minimumSize=,preferredSize=],rootPaneCheckingEnabled=true]" time="0.072"/>
  <testcase classname="test.ApplicationFastFood" name="testChangePass on test.ApplicationFastFood[frame0,23,0,1235x702,invalid,hidden,layout=java.awt.BorderLayout,title=,normal,defaultCloseOperation=EXIT_ON_CLOSE,rootPane=javax.swing.JRootPane[,7,30,1221x665,invalid,layout=javax.swing.JRootPane$RootLayout,alignmentX=0.0,alignmentY=0.0,border=,flags=16777673,maximumSize=,minimumSize=,preferredSize=],rootPaneCheckingEnabled=true]" time="0.072"/>
  <testcase classname="test.ApplicationFastFood" name="testChangePass on test.ApplicationFastFood[frame0,23,0,1235x702,invalid,hidden,layout=java.awt.BorderLayout,title=,normal,defaultCloseOperation=EXIT_ON_CLOSE,rootPane=javax.swing.JRootPane[,7,30,1221x665,invalid,layout=javax.swing.JRootPane$RootLayout,alignmentX=0.0,alignmentY=0.0,border=,flags=16777673,maximumSize=,minimumSize=,preferredSize=],rootPaneCheckingEnabled=true]" time="0.07"/>
  <testcase classname="test.ApplicationFastFood" name="testChangePass on test.ApplicationFastFood[frame0,23,0,1235x702,invalid,hidden,layout=java.awt.BorderLayout,title=,normal,defaultCloseOperation=EXIT_ON_CLOSE,rootPane=javax.swing.JRootPane[,7,30,1221x665,invalid,layout=javax.swing.JRootPane$RootLayout,alignmentX=0.0,alignmentY=0.0,border=,flags=16777673,maximumSize=,minimumSize=,preferredSize=],rootPaneCheckingEnabled=true]" time="0.072"/>
  <testcase classname="test.ApplicationFastFood" name="testChangePass on test.ApplicationFastFood[frame0,23,0,1235x702,invalid,hidden,layout=java.awt.BorderLayout,title=,normal,defaultCloseOperation=EXIT_ON_CLOSE,rootPane=javax.swing.JRootPane[,7,30,1221x665,invalid,layout=javax.swing.JRootPane$RootLayout,alignmentX=0.0,alignmentY=0.0,border=,flags=16777673,maximumSize=,minimumSize=,preferredSize=],rootPaneCheckingEnabled=true]" time="0.073"/>
  <testcase classname="test.ApplicationFastFood" name="testChangePass on test.ApplicationFastFood[frame0,23,0,1235x702,invalid,hidden,layout=java.awt.BorderLayout,title=,normal,defaultCloseOperation=EXIT_ON_CLOSE,rootPane=javax.swing.JRootPane[,7,30,1221x665,invalid,layout=javax.swing.JRootPane$RootLayout,alignmentX=0.0,alignmentY=0.0,border=,flags=16777673,maximumSize=,minimumSize=,preferredSize=],rootPaneCheckingEnabled=true]" time="0.072"/>
  <testcase classname="test.ApplicationFastFood" name="testChangePass on test.ApplicationFastFood[frame0,23,0,1235x702,invalid,hidden,layout=java.awt.BorderLayout,title=,normal,defaultCloseOperation=EXIT_ON_CLOSE,rootPane=javax.swing.JRootPane[,7,30,1221x665,invalid,layout=javax.swing.JRootPane$RootLayout,alignmentX=0.0,alignmentY=0.0,border=,flags=16777673,maximumSize=,minimumSize=,preferredSize=],rootPaneCheckingEnabled=true]" time="0.073"/>
  <testcase classname="test.ApplicationFastFood" name="testChangePass on test.ApplicationFastFood[frame0,23,0,1235x702,invalid,hidden,layout=java.awt.BorderLayout,title=,normal,defaultCloseOperation=EXIT_ON_CLOSE,rootPane=javax.swing.JRootPane[,7,30,1221x665,invalid,layout=javax.swing.JRootPane$RootLayout,alignmentX=0.0,alignmentY=0.0,border=,flags=16777673,maximumSize=,minimumSize=,preferredSize=],rootPaneCheckingEnabled=true]" time="0.072"/>
  <testcase classname="test.ApplicationFastFood" name="testChangePass on test.ApplicationFastFood[frame0,23,0,1235x702,invalid,hidden,layout=java.awt.BorderLayout,title=,normal,defaultCloseOperation=EXIT_ON_CLOSE,rootPane=javax.swing.JRootPane[,7,30,1221x665,invalid,layout=javax.swing.JRootPane$RootLayout,alignmentX=0.0,alignmentY=0.0,border=,flags=16777673,maximumSize=,minimumSize=,preferredSize=],rootPaneCheckingEnabled=true]" time="0.072"/>
  <testcase classname="test.ApplicationFastFood" name="testChangePass on test.ApplicationFastFood[frame0,23,0,1235x702,invalid,hidden,layout=java.awt.BorderLayout,title=,normal,defaultCloseOperation=EXIT_ON_CLOSE,rootPane=javax.swing.JRootPane[,7,30,1221x665,invalid,layout=javax.swing.JRootPane$RootLayout,alignmentX=0.0,alignmentY=0.0,border=,flags=16777673,maximumSize=,minimumSize=,preferredSize=],rootPaneCheckingEnabled=true]" time="0.076"/>
  <testcase classname="test.ApplicationFastFood" name="testChangePass on test.ApplicationFastFood[frame0,23,0,1235x702,invalid,hidden,layout=java.awt.BorderLayout,title=,normal,defaultCloseOperation=EXIT_ON_CLOSE,rootPane=javax.swing.JRootPane[,7,30,1221x665,invalid,layout=javax.swing.JRootPane$RootLayout,alignmentX=0.0,alignmentY=0.0,border=,flags=16777673,maximumSize=,minimumSize=,preferredSize=],rootPaneCheckingEnabled=true]" time="0.073"/>
  <testcase classname="test.ApplicationFastFood" name="testChangePass on test.ApplicationFastFood[frame0,23,0,1235x702,invalid,hidden,layout=java.awt.BorderLayout,title=,normal,defaultCloseOperation=EXIT_ON_CLOSE,rootPane=javax.swing.JRootPane[,7,30,1221x665,invalid,layout=javax.swing.JRootPane$RootLayout,alignmentX=0.0,alignmentY=0.0,border=,flags=16777673,maximumSize=,minimumSize=,preferredSize=],rootPaneCheckingEnabled=true]" time="0.072"/>
  <testcase classname="test.ApplicationFastFood" name="testChangePass on test.ApplicationFastFood[frame0,23,0,1235x702,invalid,hidden,layout=java.awt.BorderLayout,title=,normal,defaultCloseOperation=EXIT_ON_CLOSE,rootPane=javax.swing.JRootPane[,7,30,1221x665,invalid,layout=javax.swing.JRootPane$RootLayout,alignmentX=0.0,alignmentY=0.0,border=,flags=16777673,maximumSize=,minimumSize=,preferredSize=],rootPaneCheckingEnabled=true]" time="0.075"/>
  <testcase classname="test.ApplicationFastFood" name="testChangePass on test.ApplicationFastFood[frame0,23,0,1235x702,invalid,hidden,layout=java.awt.BorderLayout,title=,normal,defaultCloseOperation=EXIT_ON_CLOSE,rootPane=javax.swing.JRootPane[,7,30,1221x665,invalid,layout=javax.swing.JRootPane$RootLayout,alignmentX=0.0,alignmentY=0.0,border=,flags=16777673,maximumSize=,minimumSize=,preferredSize=],rootPaneCheckingEnabled=true]" time="0.073"/>
  <testcase classname="test.ApplicationFastFood" name="testChangePass on test.ApplicationFastFood[frame0,23,0,1235x702,invalid,hidden,layout=java.awt.BorderLayout,title=,normal,defaultCloseOperation=EXIT_ON_CLOSE,rootPane=javax.swing.JRootPane[,7,30,1221x665,invalid,layout=javax.swing.JRootPane$RootLayout,alignmentX=0.0,alignmentY=0.0,border=,flags=16777673,maximumSize=,minimumSize=,preferredSize=],rootPaneCheckingEnabled=true]" time="0.076"/>
  <testcase classname="test.ApplicationFastFood" name="testChangePass on test.ApplicationFastFood[frame0,23,0,1235x702,invalid,hidden,layout=java.awt.BorderLayout,title=,normal,defaultCloseOperation=EXIT_ON_CLOSE,rootPane=javax.swing.JRootPane[,7,30,1221x665,invalid,layout=javax.swing.JRootPane$RootLayout,alignmentX=0.0,alignmentY=0.0,border=,flags=16777673,maximumSize=,minimumSize=,preferredSize=],rootPaneCheckingEnabled=true]" time="0.07"/>
  <testcase classname="test.ApplicationFastFood" name="testChangePass on test.ApplicationFastFood[frame0,23,0,1235x702,invalid,hidden,layout=java.awt.BorderLayout,title=,normal,defaultCloseOperation=EXIT_ON_CLOSE,rootPane=javax.swing.JRootPane[,7,30,1221x665,invalid,layout=javax.swing.JRootPane$RootLayout,alignmentX=0.0,alignmentY=0.0,border=,flags=16777673,maximumSize=,minimumSize=,preferredSize=],rootPaneCheckingEnabled=true]" time="0.076"/>
  <testcase classname="test.ApplicationFastFood" name="testChangePass on test.ApplicationFastFood[frame0,23,0,1235x702,invalid,hidden,layout=java.awt.BorderLayout,title=,normal,defaultCloseOperation=EXIT_ON_CLOSE,rootPane=javax.swing.JRootPane[,7,30,1221x665,invalid,layout=javax.swing.JRootPane$RootLayout,alignmentX=0.0,alignmentY=0.0,border=,flags=16777673,maximumSize=,minimumSize=,preferredSize=],rootPaneCheckingEnabled=true]" time="0.074"/>
  <testcase classname="test.ApplicationFastFood" name="testChangePass on test.ApplicationFastFood[frame0,23,0,1235x702,invalid,hidden,layout=java.awt.BorderLayout,title=,normal,defaultCloseOperation=EXIT_ON_CLOSE,rootPane=javax.swing.JRootPane[,7,30,1221x665,invalid,layout=javax.swing.JRootPane$RootLayout,alignmentX=0.0,alignmentY=0.0,border=,flags=16777673,maximumSize=,minimumSize=,preferredSize=],rootPaneCheckingEnabled=true]" time="0.071"/>
  <testcase classname="test.ApplicationFastFood" name="testChangePass on test.ApplicationFastFood[frame0,23,0,1235x702,invalid,hidden,layout=java.awt.BorderLayout,title=,normal,defaultCloseOperation=EXIT_ON_CLOSE,rootPane=javax.swing.JRootPane[,7,30,1221x665,invalid,layout=javax.swing.JRootPane$RootLayout,alignmentX=0.0,alignmentY=0.0,border=,flags=16777673,maximumSize=,minimumSize=,preferredSize=],rootPaneCheckingEnabled=true]" time="0.071"/>
  <testcase classname="test.ApplicationFastFood" name="testChangePass on test.ApplicationFastFood[frame0,23,0,1235x702,invalid,hidden,layout=java.awt.BorderLayout,title=,normal,defaultCloseOperation=EXIT_ON_CLOSE,rootPane=javax.swing.JRootPane[,7,30,1221x665,invalid,layout=javax.swing.JRootPane$RootLayout,alignmentX=0.0,alignmentY=0.0,border=,flags=16777673,maximumSize=,minimumSize=,preferredSize=],rootPaneCheckingEnabled=true]" time="0.072"/>
  <testcase classname="test.ApplicationFastFood" name="testChangePass on test.ApplicationFastFood[frame0,23,0,1235x702,invalid,hidden,layout=java.awt.BorderLayout,title=,normal,defaultCloseOperation=EXIT_ON_CLOSE,rootPane=javax.swing.JRootPane[,7,30,1221x665,invalid,layout=javax.swing.JRootPane$RootLayout,alignmentX=0.0,alignmentY=0.0,border=,flags=16777673,maximumSize=,minimumSize=,preferredSize=],rootPaneCheckingEnabled=true]" time="0.072"/>
  <testcase classname="test.ApplicationFastFood" name="testChangePass on test.ApplicationFastFood[frame0,23,0,1235x702,invalid,hidden,layout=java.awt.BorderLayout,title=,normal,defaultCloseOperation=EXIT_ON_CLOSE,rootPane=javax.swing.JRootPane[,7,30,1221x665,invalid,layout=javax.swing.JRootPane$RootLayout,alignmentX=0.0,alignmentY=0.0,border=,flags=16777673,maximumSize=,minimumSize=,preferredSize=],rootPaneCheckingEnabled=true]" time="0.071"/>
  <testcase classname="test.ApplicationFastFood" name="testChangePass on test.ApplicationFastFood[frame0,23,0,1235x702,invalid,hidden,layout=java.awt.BorderLayout,title=,normal,defaultCloseOperation=EXIT_ON_CLOSE,rootPane=javax.swing.JRootPane[,7,30,1221x665,invalid,layout=javax.swing.JRootPane$RootLayout,alignmentX=0.0,alignmentY=0.0,border=,flags=16777673,maximumSize=,minimumSize=,preferredSize=],rootPaneCheckingEnabled=true]" time="0.071"/>
  <testcase classname="test.ApplicationFastFood" name="testChangePass on test.ApplicationFastFood[frame0,23,0,1235x702,invalid,hidden,layout=java.awt.BorderLayout,title=,normal,defaultCloseOperation=EXIT_ON_CLOSE,rootPane=javax.swing.JRootPane[,7,30,1221x665,invalid,layout=javax.swing.JRootPane$RootLayout,alignmentX=0.0,alignmentY=0.0,border=,flags=16777673,maximumSize=,minimumSize=,preferredSize=],rootPaneCheckingEnabled=true]" time="0.07"/>
  <testcase classname="test.ApplicationFastFood" name="testChangePass on test.ApplicationFastFood[frame0,23,0,1235x702,invalid,hidden,layout=java.awt.BorderLayout,title=,normal,defaultCloseOperation=EXIT_ON_CLOSE,rootPane=javax.swing.JRootPane[,7,30,1221x665,invalid,layout=javax.swing.JRootPane$RootLayout,alignmentX=0.0,alignmentY=0.0,border=,flags=16777673,maximumSize=,minimumSize=,preferredSize=],rootPaneCheckingEnabled=true]" time="0.071"/>
  <testcase classname="test.ApplicationFastFood" name="testChangePass on test.ApplicationFastFood[frame0,23,0,1235x702,invalid,hidden,layout=java.awt.BorderLayout,title=,normal,defaultCloseOperation=EXIT_ON_CLOSE,rootPane=javax.swing.JRootPane[,7,30,1221x665,invalid,layout=javax.swing.JRootPane$RootLayout,alignmentX=0.0,alignmentY=0.0,border=,flags=16777673,maximumSize=,minimumSize=,preferredSize=],rootPaneCheckingEnabled=true]" time="0.072"/>
  <testcase classname="test.ApplicationFastFood" name="testChangePass on test.ApplicationFastFood[frame0,23,0,1235x702,invalid,hidden,layout=java.awt.BorderLayout,title=,normal,defaultCloseOperation=EXIT_ON_CLOSE,rootPane=javax.swing.JRootPane[,7,30,1221x665,invalid,layout=javax.swing.JRootPane$RootLayout,alignmentX=0.0,alignmentY=0.0,border=,flags=16777673,maximumSize=,minimumSize=,preferredSize=],rootPaneCheckingEnabled=true]" time="0.072"/>
  <testcase classname="test.ApplicationFastFood" name="testChangePass on test.ApplicationFastFood[frame0,23,0,1235x702,invalid,hidden,layout=java.awt.BorderLayout,title=,normal,defaultCloseOperation=EXIT_ON_CLOSE,rootPane=javax.swing.JRootPane[,7,30,1221x665,invalid,layout=javax.swing.JRootPane$RootLayout,alignmentX=0.0,alignmentY=0.0,border=,flags=16777673,maximumSize=,minimumSize=,preferredSize=],rootPaneCheckingEnabled=true]" time="0.076"/>
  <testcase classname="test.ApplicationFastFood" name="testChangePass on test.ApplicationFastFood[frame0,23,0,1235x702,invalid,hidden,layout=java.awt.BorderLayout,title=,normal,defaultCloseOperation=EXIT_ON_CLOSE,rootPane=javax.swing.JRootPane[,7,30,1221x665,invalid,layout=javax.swing.JRootPane$RootLayout,alignmentX=0.0,alignmentY=0.0,border=,flags=16777673,maximumSize=,minimumSize=,preferredSize=],rootPaneCheckingEnabled=true]" time="0.072"/>
  <testcase classname="test.ApplicationFastFood" name="testChangePass on test.ApplicationFastFood[frame0,23,0,1235x702,invalid,hidden,layout=java.awt.BorderLayout,title=,normal,defaultCloseOperation=EXIT_ON_CLOSE,rootPane=javax.swing.JRootPane[,7,30,1221x665,invalid,layout=javax.swing.JRootPane$RootLayout,alignmentX=0.0,alignmentY=0.0,border=,flags=16777673,maximumSize=,minimumSize=,preferredSize=],rootPaneCheckingEnabled=true]" time="0.073"/>
  <testcase classname="test.ApplicationFastFood" name="testChangePass on test.ApplicationFastFood[frame0,23,0,1235x702,invalid,hidden,layout=java.awt.BorderLayout,title=,normal,defaultCloseOperation=EXIT_ON_CLOSE,rootPane=javax.swing.JRootPane[,7,30,1221x665,invalid,layout=javax.swing.JRootPane$RootLayout,alignmentX=0.0,alignmentY=0.0,border=,flags=16777673,maximumSize=,minimumSize=,preferredSize=],rootPaneCheckingEnabled=true]" time="0.071"/>
  <testcase classname="test.ApplicationFastFood" name="testChangePass on test.ApplicationFastFood[frame0,23,0,1235x702,invalid,hidden,layout=java.awt.BorderLayout,title=,normal,defaultCloseOperation=EXIT_ON_CLOSE,rootPane=javax.swing.JRootPane[,7,30,1221x665,invalid,layout=javax.swing.JRootPane$RootLayout,alignmentX=0.0,alignmentY=0.0,border=,flags=16777673,maximumSize=,minimumSize=,preferredSize=],rootPaneCheckingEnabled=true]" time="0.071"/>
  <testcase classname="test.ApplicationFastFood" name="testChangePass on test.ApplicationFastFood[frame0,23,0,1235x702,invalid,hidden,layout=java.awt.BorderLayout,title=,normal,defaultCloseOperation=EXIT_ON_CLOSE,rootPane=javax.swing.JRootPane[,7,30,1221x665,invalid,layout=javax.swing.JRootPane$RootLayout,alignmentX=0.0,alignmentY=0.0,border=,flags=16777673,maximumSize=,minimumSize=,preferredSize=],rootPaneCheckingEnabled=true]" time="0.072"/>
  <testcase classname="test.ApplicationFastFood" name="testChangePass on test.ApplicationFastFood[frame0,23,0,1235x702,invalid,hidden,layout=java.awt.BorderLayout,title=,normal,defaultCloseOperation=EXIT_ON_CLOSE,rootPane=javax.swing.JRootPane[,7,30,1221x665,invalid,layout=javax.swing.JRootPane$RootLayout,alignmentX=0.0,alignmentY=0.0,border=,flags=16777673,maximumSize=,minimumSize=,preferredSize=],rootPaneCheckingEnabled=true]" time="0.071"/>
  <testcase classname="test.ApplicationFastFood" name="testChangePass on test.ApplicationFastFood[frame0,23,0,1235x702,invalid,hidden,layout=java.awt.BorderLayout,title=,normal,defaultCloseOperation=EXIT_ON_CLOSE,rootPane=javax.swing.JRootPane[,7,30,1221x665,invalid,layout=javax.swing.JRootPane$RootLayout,alignmentX=0.0,alignmentY=0.0,border=,flags=16777673,maximumSize=,minimumSize=,preferredSize=],rootPaneCheckingEnabled=true]" time="0.074"/>
  <testcase classname="test.ApplicationFastFood" name="testChangePass on test.ApplicationFastFood[frame0,23,0,1235x702,invalid,hidden,layout=java.awt.BorderLayout,title=,normal,defaultCloseOperation=EXIT_ON_CLOSE,rootPane=javax.swing.JRootPane[,7,30,1221x665,invalid,layout=javax.swing.JRootPane$RootLayout,alignmentX=0.0,alignmentY=0.0,border=,flags=16777673,maximumSize=,minimumSize=,preferredSize=],rootPaneCheckingEnabled=true]" time="0.072">
    <failure type="java.lang.AssertionError" message="expected [] but found [PassCurrent incorrect]">
      <![CDATA[java.lang.AssertionError: expected [] but found [PassCurrent incorrect]
at org.testng.Assert.fail(Assert.java:99)
at org.testng.Assert.failNotEquals(Assert.java:1037)
at org.testng.Assert.assertEqualsImpl(Assert.java:140)
at org.testng.Assert.assertEquals(Assert.java:122)
at org.testng.Assert.assertEquals(Assert.java:629)
at org.testng.Assert.assertEquals(Assert.java:639)
at test.ApplicationFastFood.testChangePass(ApplicationFastFood.java:5269)
at jdk.internal.reflect.GeneratedMethodAccessor9.invoke(Unknown Source)
at java.base/jdk.internal.reflect.DelegatingMethodAccessorImpl.invoke(DelegatingMethodAccessorImpl.java:43)
at java.base/java.lang.reflect.Method.invoke(Method.java:568)
at org.testng.internal.MethodInvocationHelper.invokeMethod(MethodInvocationHelper.java:133)
at org.testng.internal.TestInvoker.invokeMethod(TestInvoker.java:598)
at org.testng.internal.TestInvoker.invokeTestMethod(TestInvoker.java:173)
at org.testng.internal.MethodRunner.runInSequence(MethodRunner.java:46)
at org.testng.internal.TestInvoker$MethodInvocationAgent.invoke(TestInvoker.java:824)
at org.testng.internal.TestInvoker.invokeTestMethods(TestInvoker.java:146)
at org.testng.internal.TestMethodWorker.invokeTestMethods(TestMethodWorker.java:146)
at org.testng.internal.TestMethodWorker.run(TestMethodWorker.java:128)
at java.base/java.util.ArrayList.forEach(ArrayList.java:1511)
at org.testng.TestRunner.privateRun(TestRunner.java:794)
at org.testng.TestRunner.run(TestRunner.java:596)
at org.testng.SuiteRunner.runTest(SuiteRunner.java:377)
at org.testng.SuiteRunner.runSequentially(SuiteRunner.java:371)
at org.testng.SuiteRunner.privateRun(SuiteRunner.java:332)
at org.testng.SuiteRunner.run(SuiteRunner.java:276)
at org.testng.SuiteRunnerWorker.runSuite(SuiteRunnerWorker.java:53)
at org.testng.SuiteRunnerWorker.run(SuiteRunnerWorker.java:96)
at org.testng.TestNG.runSuitesSequentially(TestNG.java:1212)
at org.testng.TestNG.runSuitesLocally(TestNG.java:1134)
at org.testng.TestNG.runSuites(TestNG.java:1063)
at org.testng.TestNG.run(TestNG.java:1031)
at org.testng.remote.AbstractRemoteTestNG.run(AbstractRemoteTestNG.java:115)
at org.testng.remote.RemoteTestNG.initAndRun(RemoteTestNG.java:251)
at org.testng.remote.RemoteTestNG.main(RemoteTestNG.java:77)
]]>
    </failure>
  </testcase> <!-- testChangePass on test.ApplicationFastFood[frame0,23,0,1235x702,invalid,hidden,layout=java.awt.BorderLayout,title=,normal,defaultCloseOperation=EXIT_ON_CLOSE,rootPane=javax.swing.JRootPane[,7,30,1221x665,invalid,layout=javax.swing.JRootPane$RootLayout,alignmentX=0.0,alignmentY=0.0,border=,flags=16777673,maximumSize=,minimumSize=,preferredSize=],rootPaneCheckingEnabled=true] -->
  <testcase classname="test.ApplicationFastFood" name="testChangePass on test.ApplicationFastFood[frame0,23,0,1235x702,invalid,hidden,layout=java.awt.BorderLayout,title=,normal,defaultCloseOperation=EXIT_ON_CLOSE,rootPane=javax.swing.JRootPane[,7,30,1221x665,invalid,layout=javax.swing.JRootPane$RootLayout,alignmentX=0.0,alignmentY=0.0,border=,flags=16777673,maximumSize=,minimumSize=,preferredSize=],rootPaneCheckingEnabled=true]" time="0.076">
    <failure type="java.lang.AssertionError" message="expected [NewPass != Confirm] but found [NewPass != Comfirm]">
      <![CDATA[java.lang.AssertionError: expected [NewPass != Confirm] but found [NewPass != Comfirm]
at org.testng.Assert.fail(Assert.java:99)
at org.testng.Assert.failNotEquals(Assert.java:1037)
at org.testng.Assert.assertEqualsImpl(Assert.java:140)
at org.testng.Assert.assertEquals(Assert.java:122)
at org.testng.Assert.assertEquals(Assert.java:629)
at org.testng.Assert.assertEquals(Assert.java:639)
at test.ApplicationFastFood.testChangePass(ApplicationFastFood.java:5270)
at jdk.internal.reflect.GeneratedMethodAccessor9.invoke(Unknown Source)
at java.base/jdk.internal.reflect.DelegatingMethodAccessorImpl.invoke(DelegatingMethodAccessorImpl.java:43)
at java.base/java.lang.reflect.Method.invoke(Method.java:568)
at org.testng.internal.MethodInvocationHelper.invokeMethod(MethodInvocationHelper.java:133)
at org.testng.internal.TestInvoker.invokeMethod(TestInvoker.java:598)
at org.testng.internal.TestInvoker.invokeTestMethod(TestInvoker.java:173)
at org.testng.internal.MethodRunner.runInSequence(MethodRunner.java:46)
at org.testng.internal.TestInvoker$MethodInvocationAgent.invoke(TestInvoker.java:824)
at org.testng.internal.TestInvoker.invokeTestMethods(TestInvoker.java:146)
at org.testng.internal.TestMethodWorker.invokeTestMethods(TestMethodWorker.java:146)
at org.testng.internal.TestMethodWorker.run(TestMethodWorker.java:128)
at java.base/java.util.ArrayList.forEach(ArrayList.java:1511)
at org.testng.TestRunner.privateRun(TestRunner.java:794)
at org.testng.TestRunner.run(TestRunner.java:596)
at org.testng.SuiteRunner.runTest(SuiteRunner.java:377)
at org.testng.SuiteRunner.runSequentially(SuiteRunner.java:371)
at org.testng.SuiteRunner.privateRun(SuiteRunner.java:332)
at org.testng.SuiteRunner.run(SuiteRunner.java:276)
at org.testng.SuiteRunnerWorker.runSuite(SuiteRunnerWorker.java:53)
at org.testng.SuiteRunnerWorker.run(SuiteRunnerWorker.java:96)
at org.testng.TestNG.runSuitesSequentially(TestNG.java:1212)
at org.testng.TestNG.runSuitesLocally(TestNG.java:1134)
at org.testng.TestNG.runSuites(TestNG.java:1063)
at org.testng.TestNG.run(TestNG.java:1031)
at org.testng.remote.AbstractRemoteTestNG.run(AbstractRemoteTestNG.java:115)
at org.testng.remote.RemoteTestNG.initAndRun(RemoteTestNG.java:251)
at org.testng.remote.RemoteTestNG.main(RemoteTestNG.java:77)
]]>
    </failure>
  </testcase> <!-- testChangePass on test.ApplicationFastFood[frame0,23,0,1235x702,invalid,hidden,layout=java.awt.BorderLayout,title=,normal,defaultCloseOperation=EXIT_ON_CLOSE,rootPane=javax.swing.JRootPane[,7,30,1221x665,invalid,layout=javax.swing.JRootPane$RootLayout,alignmentX=0.0,alignmentY=0.0,border=,flags=16777673,maximumSize=,minimumSize=,preferredSize=],rootPaneCheckingEnabled=true] -->
  <testcase classname="test.ApplicationFastFood" name="testChangePass on test.ApplicationFastFood[frame0,23,0,1235x702,invalid,hidden,layout=java.awt.BorderLayout,title=,normal,defaultCloseOperation=EXIT_ON_CLOSE,rootPane=javax.swing.JRootPane[,7,30,1221x665,invalid,layout=javax.swing.JRootPane$RootLayout,alignmentX=0.0,alignmentY=0.0,border=,flags=16777673,maximumSize=,minimumSize=,preferredSize=],rootPaneCheckingEnabled=true]" time="0.071"/>
  <testcase classname="test.ApplicationFastFood" name="testChangePass on test.ApplicationFastFood[frame0,23,0,1235x702,invalid,hidden,layout=java.awt.BorderLayout,title=,normal,defaultCloseOperation=EXIT_ON_CLOSE,rootPane=javax.swing.JRootPane[,7,30,1221x665,invalid,layout=javax.swing.JRootPane$RootLayout,alignmentX=0.0,alignmentY=0.0,border=,flags=16777673,maximumSize=,minimumSize=,preferredSize=],rootPaneCheckingEnabled=true]" time="0.072">
    <failure type="java.lang.AssertionError" message="expected [NewPass != Confirm] but found [NewPass != Comfirm]">
      <![CDATA[java.lang.AssertionError: expected [NewPass != Confirm] but found [NewPass != Comfirm]
at org.testng.Assert.fail(Assert.java:99)
at org.testng.Assert.failNotEquals(Assert.java:1037)
at org.testng.Assert.assertEqualsImpl(Assert.java:140)
at org.testng.Assert.assertEquals(Assert.java:122)
at org.testng.Assert.assertEquals(Assert.java:629)
at org.testng.Assert.assertEquals(Assert.java:639)
at test.ApplicationFastFood.testChangePass(ApplicationFastFood.java:5270)
at jdk.internal.reflect.GeneratedMethodAccessor9.invoke(Unknown Source)
at java.base/jdk.internal.reflect.DelegatingMethodAccessorImpl.invoke(DelegatingMethodAccessorImpl.java:43)
at java.base/java.lang.reflect.Method.invoke(Method.java:568)
at org.testng.internal.MethodInvocationHelper.invokeMethod(MethodInvocationHelper.java:133)
at org.testng.internal.TestInvoker.invokeMethod(TestInvoker.java:598)
at org.testng.internal.TestInvoker.invokeTestMethod(TestInvoker.java:173)
at org.testng.internal.MethodRunner.runInSequence(MethodRunner.java:46)
at org.testng.internal.TestInvoker$MethodInvocationAgent.invoke(TestInvoker.java:824)
at org.testng.internal.TestInvoker.invokeTestMethods(TestInvoker.java:146)
at org.testng.internal.TestMethodWorker.invokeTestMethods(TestMethodWorker.java:146)
at org.testng.internal.TestMethodWorker.run(TestMethodWorker.java:128)
at java.base/java.util.ArrayList.forEach(ArrayList.java:1511)
at org.testng.TestRunner.privateRun(TestRunner.java:794)
at org.testng.TestRunner.run(TestRunner.java:596)
at org.testng.SuiteRunner.runTest(SuiteRunner.java:377)
at org.testng.SuiteRunner.runSequentially(SuiteRunner.java:371)
at org.testng.SuiteRunner.privateRun(SuiteRunner.java:332)
at org.testng.SuiteRunner.run(SuiteRunner.java:276)
at org.testng.SuiteRunnerWorker.runSuite(SuiteRunnerWorker.java:53)
at org.testng.SuiteRunnerWorker.run(SuiteRunnerWorker.java:96)
at org.testng.TestNG.runSuitesSequentially(TestNG.java:1212)
at org.testng.TestNG.runSuitesLocally(TestNG.java:1134)
at org.testng.TestNG.runSuites(TestNG.java:1063)
at org.testng.TestNG.run(TestNG.java:1031)
at org.testng.remote.AbstractRemoteTestNG.run(AbstractRemoteTestNG.java:115)
at org.testng.remote.RemoteTestNG.initAndRun(RemoteTestNG.java:251)
at org.testng.remote.RemoteTestNG.main(RemoteTestNG.java:77)
]]>
    </failure>
  </testcase> <!-- testChangePass on test.ApplicationFastFood[frame0,23,0,1235x702,invalid,hidden,layout=java.awt.BorderLayout,title=,normal,defaultCloseOperation=EXIT_ON_CLOSE,rootPane=javax.swing.JRootPane[,7,30,1221x665,invalid,layout=javax.swing.JRootPane$RootLayout,alignmentX=0.0,alignmentY=0.0,border=,flags=16777673,maximumSize=,minimumSize=,preferredSize=],rootPaneCheckingEnabled=true] -->
  <testcase classname="test.ApplicationFastFood" name="testChangePass on test.ApplicationFastFood[frame0,23,0,1235x702,invalid,hidden,layout=java.awt.BorderLayout,title=,normal,defaultCloseOperation=EXIT_ON_CLOSE,rootPane=javax.swing.JRootPane[,7,30,1221x665,invalid,layout=javax.swing.JRootPane$RootLayout,alignmentX=0.0,alignmentY=0.0,border=,flags=16777673,maximumSize=,minimumSize=,preferredSize=],rootPaneCheckingEnabled=true]" time="0.071">
    <failure type="java.lang.AssertionError" message="expected [] but found [PassCurrent incorrect]">
      <![CDATA[java.lang.AssertionError: expected [] but found [PassCurrent incorrect]
at org.testng.Assert.fail(Assert.java:99)
at org.testng.Assert.failNotEquals(Assert.java:1037)
at org.testng.Assert.assertEqualsImpl(Assert.java:140)
at org.testng.Assert.assertEquals(Assert.java:122)
at org.testng.Assert.assertEquals(Assert.java:629)
at org.testng.Assert.assertEquals(Assert.java:639)
at test.ApplicationFastFood.testChangePass(ApplicationFastFood.java:5269)
at jdk.internal.reflect.GeneratedMethodAccessor9.invoke(Unknown Source)
at java.base/jdk.internal.reflect.DelegatingMethodAccessorImpl.invoke(DelegatingMethodAccessorImpl.java:43)
at java.base/java.lang.reflect.Method.invoke(Method.java:568)
at org.testng.internal.MethodInvocationHelper.invokeMethod(MethodInvocationHelper.java:133)
at org.testng.internal.TestInvoker.invokeMethod(TestInvoker.java:598)
at org.testng.internal.TestInvoker.invokeTestMethod(TestInvoker.java:173)
at org.testng.internal.MethodRunner.runInSequence(MethodRunner.java:46)
at org.testng.internal.TestInvoker$MethodInvocationAgent.invoke(TestInvoker.java:824)
at org.testng.internal.TestInvoker.invokeTestMethods(TestInvoker.java:146)
at org.testng.internal.TestMethodWorker.invokeTestMethods(TestMethodWorker.java:146)
at org.testng.internal.TestMethodWorker.run(TestMethodWorker.java:128)
at java.base/java.util.ArrayList.forEach(ArrayList.java:1511)
at org.testng.TestRunner.privateRun(TestRunner.java:794)
at org.testng.TestRunner.run(TestRunner.java:596)
at org.testng.SuiteRunner.runTest(SuiteRunner.java:377)
at org.testng.SuiteRunner.runSequentially(SuiteRunner.java:371)
at org.testng.SuiteRunner.privateRun(SuiteRunner.java:332)
at org.testng.SuiteRunner.run(SuiteRunner.java:276)
at org.testng.SuiteRunnerWorker.runSuite(SuiteRunnerWorker.java:53)
at org.testng.SuiteRunnerWorker.run(SuiteRunnerWorker.java:96)
at org.testng.TestNG.runSuitesSequentially(TestNG.java:1212)
at org.testng.TestNG.runSuitesLocally(TestNG.java:1134)
at org.testng.TestNG.runSuites(TestNG.java:1063)
at org.testng.TestNG.run(TestNG.java:1031)
at org.testng.remote.AbstractRemoteTestNG.run(AbstractRemoteTestNG.java:115)
at org.testng.remote.RemoteTestNG.initAndRun(RemoteTestNG.java:251)
at org.testng.remote.RemoteTestNG.main(RemoteTestNG.java:77)
]]>
    </failure>
  </testcase> <!-- testChangePass on test.ApplicationFastFood[frame0,23,0,1235x702,invalid,hidden,layout=java.awt.BorderLayout,title=,normal,defaultCloseOperation=EXIT_ON_CLOSE,rootPane=javax.swing.JRootPane[,7,30,1221x665,invalid,layout=javax.swing.JRootPane$RootLayout,alignmentX=0.0,alignmentY=0.0,border=,flags=16777673,maximumSize=,minimumSize=,preferredSize=],rootPaneCheckingEnabled=true] -->
  <testcase classname="test.ApplicationFastFood" name="testInsertProduct on test.ApplicationFastFood[frame0,23,0,1235x702,invalid,hidden,layout=java.awt.BorderLayout,title=,normal,defaultCloseOperation=EXIT_ON_CLOSE,rootPane=javax.swing.JRootPane[,7,30,1221x665,invalid,layout=javax.swing.JRootPane$RootLayout,alignmentX=0.0,alignmentY=0.0,border=,flags=16777673,maximumSize=,minimumSize=,preferredSize=],rootPaneCheckingEnabled=true]" time="0.216"/>
  <testcase classname="test.ApplicationFastFood" name="testInsertProduct on test.ApplicationFastFood[frame0,23,0,1235x702,invalid,hidden,layout=java.awt.BorderLayout,title=,normal,defaultCloseOperation=EXIT_ON_CLOSE,rootPane=javax.swing.JRootPane[,7,30,1221x665,invalid,layout=javax.swing.JRootPane$RootLayout,alignmentX=0.0,alignmentY=0.0,border=,flags=16777673,maximumSize=,minimumSize=,preferredSize=],rootPaneCheckingEnabled=true]" time="0.189"/>
  <testcase classname="test.ApplicationFastFood" name="testInsertProduct on test.ApplicationFastFood[frame0,23,0,1235x702,invalid,hidden,layout=java.awt.BorderLayout,title=,normal,defaultCloseOperation=EXIT_ON_CLOSE,rootPane=javax.swing.JRootPane[,7,30,1221x665,invalid,layout=javax.swing.JRootPane$RootLayout,alignmentX=0.0,alignmentY=0.0,border=,flags=16777673,maximumSize=,minimumSize=,preferredSize=],rootPaneCheckingEnabled=true]" time="0.635"/>
  <testcase classname="test.ApplicationFastFood" name="testInsertProduct on test.ApplicationFastFood[frame0,23,0,1235x702,invalid,hidden,layout=java.awt.BorderLayout,title=,normal,defaultCloseOperation=EXIT_ON_CLOSE,rootPane=javax.swing.JRootPane[,7,30,1221x665,invalid,layout=javax.swing.JRootPane$RootLayout,alignmentX=0.0,alignmentY=0.0,border=,flags=16777673,maximumSize=,minimumSize=,preferredSize=],rootPaneCheckingEnabled=true]" time="0.126"/>
  <testcase classname="test.ApplicationFastFood" name="testInsertProduct on test.ApplicationFastFood[frame0,23,0,1235x702,invalid,hidden,layout=java.awt.BorderLayout,title=,normal,defaultCloseOperation=EXIT_ON_CLOSE,rootPane=javax.swing.JRootPane[,7,30,1221x665,invalid,layout=javax.swing.JRootPane$RootLayout,alignmentX=0.0,alignmentY=0.0,border=,flags=16777673,maximumSize=,minimumSize=,preferredSize=],rootPaneCheckingEnabled=true]" time="0.107"/>
  <testcase classname="test.ApplicationFastFood" name="testInsertProduct on test.ApplicationFastFood[frame0,23,0,1235x702,invalid,hidden,layout=java.awt.BorderLayout,title=,normal,defaultCloseOperation=EXIT_ON_CLOSE,rootPane=javax.swing.JRootPane[,7,30,1221x665,invalid,layout=javax.swing.JRootPane$RootLayout,alignmentX=0.0,alignmentY=0.0,border=,flags=16777673,maximumSize=,minimumSize=,preferredSize=],rootPaneCheckingEnabled=true]" time="0.17"/>
  <testcase classname="test.ApplicationFastFood" name="testInsertProduct on test.ApplicationFastFood[frame0,23,0,1235x702,invalid,hidden,layout=java.awt.BorderLayout,title=,normal,defaultCloseOperation=EXIT_ON_CLOSE,rootPane=javax.swing.JRootPane[,7,30,1221x665,invalid,layout=javax.swing.JRootPane$RootLayout,alignmentX=0.0,alignmentY=0.0,border=,flags=16777673,maximumSize=,minimumSize=,preferredSize=],rootPaneCheckingEnabled=true]" time="0.199"/>
  <testcase classname="test.ApplicationFastFood" name="testInsertProduct on test.ApplicationFastFood[frame0,23,0,1235x702,invalid,hidden,layout=java.awt.BorderLayout,title=,normal,defaultCloseOperation=EXIT_ON_CLOSE,rootPane=javax.swing.JRootPane[,7,30,1221x665,invalid,layout=javax.swing.JRootPane$RootLayout,alignmentX=0.0,alignmentY=0.0,border=,flags=16777673,maximumSize=,minimumSize=,preferredSize=],rootPaneCheckingEnabled=true]" time="0.108"/>
  <testcase classname="test.ApplicationFastFood" name="testInsertProduct on test.ApplicationFastFood[frame0,23,0,1235x702,invalid,hidden,layout=java.awt.BorderLayout,title=,normal,defaultCloseOperation=EXIT_ON_CLOSE,rootPane=javax.swing.JRootPane[,7,30,1221x665,invalid,layout=javax.swing.JRootPane$RootLayout,alignmentX=0.0,alignmentY=0.0,border=,flags=16777673,maximumSize=,minimumSize=,preferredSize=],rootPaneCheckingEnabled=true]" time="0.2"/>
  <testcase classname="test.ApplicationFastFood" name="testInsertProduct on test.ApplicationFastFood[frame0,23,0,1235x702,invalid,hidden,layout=java.awt.BorderLayout,title=,normal,defaultCloseOperation=EXIT_ON_CLOSE,rootPane=javax.swing.JRootPane[,7,30,1221x665,invalid,layout=javax.swing.JRootPane$RootLayout,alignmentX=0.0,alignmentY=0.0,border=,flags=16777673,maximumSize=,minimumSize=,preferredSize=],rootPaneCheckingEnabled=true]" time="0.107"/>
  <testcase classname="test.ApplicationFastFood" name="testInsertProduct on test.ApplicationFastFood[frame0,23,0,1235x702,invalid,hidden,layout=java.awt.BorderLayout,title=,normal,defaultCloseOperation=EXIT_ON_CLOSE,rootPane=javax.swing.JRootPane[,7,30,1221x665,invalid,layout=javax.swing.JRootPane$RootLayout,alignmentX=0.0,alignmentY=0.0,border=,flags=16777673,maximumSize=,minimumSize=,preferredSize=],rootPaneCheckingEnabled=true]" time="0.178"/>
  <testcase classname="test.ApplicationFastFood" name="testInsertProduct on test.ApplicationFastFood[frame0,23,0,1235x702,invalid,hidden,layout=java.awt.BorderLayout,title=,normal,defaultCloseOperation=EXIT_ON_CLOSE,rootPane=javax.swing.JRootPane[,7,30,1221x665,invalid,layout=javax.swing.JRootPane$RootLayout,alignmentX=0.0,alignmentY=0.0,border=,flags=16777673,maximumSize=,minimumSize=,preferredSize=],rootPaneCheckingEnabled=true]" time="0.106"/>
  <testcase classname="test.ApplicationFastFood" name="testInsertProduct on test.ApplicationFastFood[frame0,23,0,1235x702,invalid,hidden,layout=java.awt.BorderLayout,title=,normal,defaultCloseOperation=EXIT_ON_CLOSE,rootPane=javax.swing.JRootPane[,7,30,1221x665,invalid,layout=javax.swing.JRootPane$RootLayout,alignmentX=0.0,alignmentY=0.0,border=,flags=16777673,maximumSize=,minimumSize=,preferredSize=],rootPaneCheckingEnabled=true]" time="0.207"/>
  <testcase classname="test.ApplicationFastFood" name="testInsertProduct on test.ApplicationFastFood[frame0,23,0,1235x702,invalid,hidden,layout=java.awt.BorderLayout,title=,normal,defaultCloseOperation=EXIT_ON_CLOSE,rootPane=javax.swing.JRootPane[,7,30,1221x665,invalid,layout=javax.swing.JRootPane$RootLayout,alignmentX=0.0,alignmentY=0.0,border=,flags=16777673,maximumSize=,minimumSize=,preferredSize=],rootPaneCheckingEnabled=true]" time="0.192"/>
  <testcase classname="test.ApplicationFastFood" name="testInsertProduct on test.ApplicationFastFood[frame0,23,0,1235x702,invalid,hidden,layout=java.awt.BorderLayout,title=,normal,defaultCloseOperation=EXIT_ON_CLOSE,rootPane=javax.swing.JRootPane[,7,30,1221x665,invalid,layout=javax.swing.JRootPane$RootLayout,alignmentX=0.0,alignmentY=0.0,border=,flags=16777673,maximumSize=,minimumSize=,preferredSize=],rootPaneCheckingEnabled=true]" time="0.182"/>
  <testcase classname="test.ApplicationFastFood" name="testInsertProduct on test.ApplicationFastFood[frame0,23,0,1235x702,invalid,hidden,layout=java.awt.BorderLayout,title=,normal,defaultCloseOperation=EXIT_ON_CLOSE,rootPane=javax.swing.JRootPane[,7,30,1221x665,invalid,layout=javax.swing.JRootPane$RootLayout,alignmentX=0.0,alignmentY=0.0,border=,flags=16777673,maximumSize=,minimumSize=,preferredSize=],rootPaneCheckingEnabled=true]" time="0.103"/>
  <testcase classname="test.ApplicationFastFood" name="testInsertProduct on test.ApplicationFastFood[frame0,23,0,1235x702,invalid,hidden,layout=java.awt.BorderLayout,title=,normal,defaultCloseOperation=EXIT_ON_CLOSE,rootPane=javax.swing.JRootPane[,7,30,1221x665,invalid,layout=javax.swing.JRootPane$RootLayout,alignmentX=0.0,alignmentY=0.0,border=,flags=16777673,maximumSize=,minimumSize=,preferredSize=],rootPaneCheckingEnabled=true]" time="0.17"/>
  <testcase classname="test.ApplicationFastFood" name="testInsertProduct on test.ApplicationFastFood[frame0,23,0,1235x702,invalid,hidden,layout=java.awt.BorderLayout,title=,normal,defaultCloseOperation=EXIT_ON_CLOSE,rootPane=javax.swing.JRootPane[,7,30,1221x665,invalid,layout=javax.swing.JRootPane$RootLayout,alignmentX=0.0,alignmentY=0.0,border=,flags=16777673,maximumSize=,minimumSize=,preferredSize=],rootPaneCheckingEnabled=true]" time="0.101"/>
  <testcase classname="test.ApplicationFastFood" name="testInsertProduct on test.ApplicationFastFood[frame0,23,0,1235x702,invalid,hidden,layout=java.awt.BorderLayout,title=,normal,defaultCloseOperation=EXIT_ON_CLOSE,rootPane=javax.swing.JRootPane[,7,30,1221x665,invalid,layout=javax.swing.JRootPane$RootLayout,alignmentX=0.0,alignmentY=0.0,border=,flags=16777673,maximumSize=,minimumSize=,preferredSize=],rootPaneCheckingEnabled=true]" time="0.175"/>
  <testcase classname="test.ApplicationFastFood" name="testInsertProduct on test.ApplicationFastFood[frame0,23,0,1235x702,invalid,hidden,layout=java.awt.BorderLayout,title=,normal,defaultCloseOperation=EXIT_ON_CLOSE,rootPane=javax.swing.JRootPane[,7,30,1221x665,invalid,layout=javax.swing.JRootPane$RootLayout,alignmentX=0.0,alignmentY=0.0,border=,flags=16777673,maximumSize=,minimumSize=,preferredSize=],rootPaneCheckingEnabled=true]" time="0.101"/>
  <testcase classname="test.ApplicationFastFood" name="testInsertProduct on test.ApplicationFastFood[frame0,23,0,1235x702,invalid,hidden,layout=java.awt.BorderLayout,title=,normal,defaultCloseOperation=EXIT_ON_CLOSE,rootPane=javax.swing.JRootPane[,7,30,1221x665,invalid,layout=javax.swing.JRootPane$RootLayout,alignmentX=0.0,alignmentY=0.0,border=,flags=16777673,maximumSize=,minimumSize=,preferredSize=],rootPaneCheckingEnabled=true]" time="0.18"/>
  <testcase classname="test.ApplicationFastFood" name="testInsertProduct on test.ApplicationFastFood[frame0,23,0,1235x702,invalid,hidden,layout=java.awt.BorderLayout,title=,normal,defaultCloseOperation=EXIT_ON_CLOSE,rootPane=javax.swing.JRootPane[,7,30,1221x665,invalid,layout=javax.swing.JRootPane$RootLayout,alignmentX=0.0,alignmentY=0.0,border=,flags=16777673,maximumSize=,minimumSize=,preferredSize=],rootPaneCheckingEnabled=true]" time="0.106"/>
  <testcase classname="test.ApplicationFastFood" name="testInsertProduct on test.ApplicationFastFood[frame0,23,0,1235x702,invalid,hidden,layout=java.awt.BorderLayout,title=,normal,defaultCloseOperation=EXIT_ON_CLOSE,rootPane=javax.swing.JRootPane[,7,30,1221x665,invalid,layout=javax.swing.JRootPane$RootLayout,alignmentX=0.0,alignmentY=0.0,border=,flags=16777673,maximumSize=,minimumSize=,preferredSize=],rootPaneCheckingEnabled=true]" time="0.194"/>
  <testcase classname="test.ApplicationFastFood" name="testInsertProduct on test.ApplicationFastFood[frame0,23,0,1235x702,invalid,hidden,layout=java.awt.BorderLayout,title=,normal,defaultCloseOperation=EXIT_ON_CLOSE,rootPane=javax.swing.JRootPane[,7,30,1221x665,invalid,layout=javax.swing.JRootPane$RootLayout,alignmentX=0.0,alignmentY=0.0,border=,flags=16777673,maximumSize=,minimumSize=,preferredSize=],rootPaneCheckingEnabled=true]" time="0.18"/>
  <testcase classname="test.ApplicationFastFood" name="testInsertProduct on test.ApplicationFastFood[frame0,23,0,1235x702,invalid,hidden,layout=java.awt.BorderLayout,title=,normal,defaultCloseOperation=EXIT_ON_CLOSE,rootPane=javax.swing.JRootPane[,7,30,1221x665,invalid,layout=javax.swing.JRootPane$RootLayout,alignmentX=0.0,alignmentY=0.0,border=,flags=16777673,maximumSize=,minimumSize=,preferredSize=],rootPaneCheckingEnabled=true]" time="0.108"/>
  <testcase classname="test.ApplicationFastFood" name="testInsertProduct on test.ApplicationFastFood[frame0,23,0,1235x702,invalid,hidden,layout=java.awt.BorderLayout,title=,normal,defaultCloseOperation=EXIT_ON_CLOSE,rootPane=javax.swing.JRootPane[,7,30,1221x665,invalid,layout=javax.swing.JRootPane$RootLayout,alignmentX=0.0,alignmentY=0.0,border=,flags=16777673,maximumSize=,minimumSize=,preferredSize=],rootPaneCheckingEnabled=true]" time="0.223"/>
  <testcase classname="test.ApplicationFastFood" name="testInsertProduct on test.ApplicationFastFood[frame0,23,0,1235x702,invalid,hidden,layout=java.awt.BorderLayout,title=,normal,defaultCloseOperation=EXIT_ON_CLOSE,rootPane=javax.swing.JRootPane[,7,30,1221x665,invalid,layout=javax.swing.JRootPane$RootLayout,alignmentX=0.0,alignmentY=0.0,border=,flags=16777673,maximumSize=,minimumSize=,preferredSize=],rootPaneCheckingEnabled=true]" time="0.228"/>
  <testcase classname="test.ApplicationFastFood" name="testInsertProduct on test.ApplicationFastFood[frame0,23,0,1235x702,invalid,hidden,layout=java.awt.BorderLayout,title=,normal,defaultCloseOperation=EXIT_ON_CLOSE,rootPane=javax.swing.JRootPane[,7,30,1221x665,invalid,layout=javax.swing.JRootPane$RootLayout,alignmentX=0.0,alignmentY=0.0,border=,flags=16777673,maximumSize=,minimumSize=,preferredSize=],rootPaneCheckingEnabled=true]" time="0.102"/>
  <testcase classname="test.ApplicationFastFood" name="testInsertProduct on test.ApplicationFastFood[frame0,23,0,1235x702,invalid,hidden,layout=java.awt.BorderLayout,title=,normal,defaultCloseOperation=EXIT_ON_CLOSE,rootPane=javax.swing.JRootPane[,7,30,1221x665,invalid,layout=javax.swing.JRootPane$RootLayout,alignmentX=0.0,alignmentY=0.0,border=,flags=16777673,maximumSize=,minimumSize=,preferredSize=],rootPaneCheckingEnabled=true]" time="0.223"/>
  <testcase classname="test.ApplicationFastFood" name="testInsertProduct on test.ApplicationFastFood[frame0,23,0,1235x702,invalid,hidden,layout=java.awt.BorderLayout,title=,normal,defaultCloseOperation=EXIT_ON_CLOSE,rootPane=javax.swing.JRootPane[,7,30,1221x665,invalid,layout=javax.swing.JRootPane$RootLayout,alignmentX=0.0,alignmentY=0.0,border=,flags=16777673,maximumSize=,minimumSize=,preferredSize=],rootPaneCheckingEnabled=true]" time="0.167"/>
  <testcase classname="test.ApplicationFastFood" name="testInsertProduct on test.ApplicationFastFood[frame0,23,0,1235x702,invalid,hidden,layout=java.awt.BorderLayout,title=,normal,defaultCloseOperation=EXIT_ON_CLOSE,rootPane=javax.swing.JRootPane[,7,30,1221x665,invalid,layout=javax.swing.JRootPane$RootLayout,alignmentX=0.0,alignmentY=0.0,border=,flags=16777673,maximumSize=,minimumSize=,preferredSize=],rootPaneCheckingEnabled=true]" time="0.244"/>
  <testcase classname="test.ApplicationFastFood" name="testInsertProduct on test.ApplicationFastFood[frame0,23,0,1235x702,invalid,hidden,layout=java.awt.BorderLayout,title=,normal,defaultCloseOperation=EXIT_ON_CLOSE,rootPane=javax.swing.JRootPane[,7,30,1221x665,invalid,layout=javax.swing.JRootPane$RootLayout,alignmentX=0.0,alignmentY=0.0,border=,flags=16777673,maximumSize=,minimumSize=,preferredSize=],rootPaneCheckingEnabled=true]" time="0.294"/>
  <testcase classname="test.ApplicationFastFood" name="testInsertProduct on test.ApplicationFastFood[frame0,23,0,1235x702,invalid,hidden,layout=java.awt.BorderLayout,title=,normal,defaultCloseOperation=EXIT_ON_CLOSE,rootPane=javax.swing.JRootPane[,7,30,1221x665,invalid,layout=javax.swing.JRootPane$RootLayout,alignmentX=0.0,alignmentY=0.0,border=,flags=16777673,maximumSize=,minimumSize=,preferredSize=],rootPaneCheckingEnabled=true]" time="0.211"/>
  <testcase classname="test.ApplicationFastFood" name="testInsertProduct on test.ApplicationFastFood[frame0,23,0,1235x702,invalid,hidden,layout=java.awt.BorderLayout,title=,normal,defaultCloseOperation=EXIT_ON_CLOSE,rootPane=javax.swing.JRootPane[,7,30,1221x665,invalid,layout=javax.swing.JRootPane$RootLayout,alignmentX=0.0,alignmentY=0.0,border=,flags=16777673,maximumSize=,minimumSize=,preferredSize=],rootPaneCheckingEnabled=true]" time="0.293"/>
  <testcase classname="test.ApplicationFastFood" name="testInsertProduct on test.ApplicationFastFood[frame0,23,0,1235x702,invalid,hidden,layout=java.awt.BorderLayout,title=,normal,defaultCloseOperation=EXIT_ON_CLOSE,rootPane=javax.swing.JRootPane[,7,30,1221x665,invalid,layout=javax.swing.JRootPane$RootLayout,alignmentX=0.0,alignmentY=0.0,border=,flags=16777673,maximumSize=,minimumSize=,preferredSize=],rootPaneCheckingEnabled=true]" time="0.319"/>
  <testcase classname="test.ApplicationFastFood" name="testInsertProduct on test.ApplicationFastFood[frame0,23,0,1235x702,invalid,hidden,layout=java.awt.BorderLayout,title=,normal,defaultCloseOperation=EXIT_ON_CLOSE,rootPane=javax.swing.JRootPane[,7,30,1221x665,invalid,layout=javax.swing.JRootPane$RootLayout,alignmentX=0.0,alignmentY=0.0,border=,flags=16777673,maximumSize=,minimumSize=,preferredSize=],rootPaneCheckingEnabled=true]" time="0.241"/>
  <testcase classname="test.ApplicationFastFood" name="testInsertProduct on test.ApplicationFastFood[frame0,23,0,1235x702,invalid,hidden,layout=java.awt.BorderLayout,title=,normal,defaultCloseOperation=EXIT_ON_CLOSE,rootPane=javax.swing.JRootPane[,7,30,1221x665,invalid,layout=javax.swing.JRootPane$RootLayout,alignmentX=0.0,alignmentY=0.0,border=,flags=16777673,maximumSize=,minimumSize=,preferredSize=],rootPaneCheckingEnabled=true]" time="0.106"/>
  <testcase classname="test.ApplicationFastFood" name="testInsertProduct on test.ApplicationFastFood[frame0,23,0,1235x702,invalid,hidden,layout=java.awt.BorderLayout,title=,normal,defaultCloseOperation=EXIT_ON_CLOSE,rootPane=javax.swing.JRootPane[,7,30,1221x665,invalid,layout=javax.swing.JRootPane$RootLayout,alignmentX=0.0,alignmentY=0.0,border=,flags=16777673,maximumSize=,minimumSize=,preferredSize=],rootPaneCheckingEnabled=true]" time="0.188"/>
  <testcase classname="test.ApplicationFastFood" name="testInsertProduct on test.ApplicationFastFood[frame0,23,0,1235x702,invalid,hidden,layout=java.awt.BorderLayout,title=,normal,defaultCloseOperation=EXIT_ON_CLOSE,rootPane=javax.swing.JRootPane[,7,30,1221x665,invalid,layout=javax.swing.JRootPane$RootLayout,alignmentX=0.0,alignmentY=0.0,border=,flags=16777673,maximumSize=,minimumSize=,preferredSize=],rootPaneCheckingEnabled=true]" time="0.101"/>
  <testcase classname="test.ApplicationFastFood" name="testInsertProduct on test.ApplicationFastFood[frame0,23,0,1235x702,invalid,hidden,layout=java.awt.BorderLayout,title=,normal,defaultCloseOperation=EXIT_ON_CLOSE,rootPane=javax.swing.JRootPane[,7,30,1221x665,invalid,layout=javax.swing.JRootPane$RootLayout,alignmentX=0.0,alignmentY=0.0,border=,flags=16777673,maximumSize=,minimumSize=,preferredSize=],rootPaneCheckingEnabled=true]" time="0.188"/>
  <testcase classname="test.ApplicationFastFood" name="testInsertProduct on test.ApplicationFastFood[frame0,23,0,1235x702,invalid,hidden,layout=java.awt.BorderLayout,title=,normal,defaultCloseOperation=EXIT_ON_CLOSE,rootPane=javax.swing.JRootPane[,7,30,1221x665,invalid,layout=javax.swing.JRootPane$RootLayout,alignmentX=0.0,alignmentY=0.0,border=,flags=16777673,maximumSize=,minimumSize=,preferredSize=],rootPaneCheckingEnabled=true]" time="0.19"/>
  <testcase classname="test.ApplicationFastFood" name="testInsertProduct on test.ApplicationFastFood[frame0,23,0,1235x702,invalid,hidden,layout=java.awt.BorderLayout,title=,normal,defaultCloseOperation=EXIT_ON_CLOSE,rootPane=javax.swing.JRootPane[,7,30,1221x665,invalid,layout=javax.swing.JRootPane$RootLayout,alignmentX=0.0,alignmentY=0.0,border=,flags=16777673,maximumSize=,minimumSize=,preferredSize=],rootPaneCheckingEnabled=true]" time="0.111"/>
  <testcase classname="test.ApplicationFastFood" name="testInsertProduct on test.ApplicationFastFood[frame0,23,0,1235x702,invalid,hidden,layout=java.awt.BorderLayout,title=,normal,defaultCloseOperation=EXIT_ON_CLOSE,rootPane=javax.swing.JRootPane[,7,30,1221x665,invalid,layout=javax.swing.JRootPane$RootLayout,alignmentX=0.0,alignmentY=0.0,border=,flags=16777673,maximumSize=,minimumSize=,preferredSize=],rootPaneCheckingEnabled=true]" time="0.103"/>
  <testcase classname="test.ApplicationFastFood" name="testInsertProduct on test.ApplicationFastFood[frame0,23,0,1235x702,invalid,hidden,layout=java.awt.BorderLayout,title=,normal,defaultCloseOperation=EXIT_ON_CLOSE,rootPane=javax.swing.JRootPane[,7,30,1221x665,invalid,layout=javax.swing.JRootPane$RootLayout,alignmentX=0.0,alignmentY=0.0,border=,flags=16777673,maximumSize=,minimumSize=,preferredSize=],rootPaneCheckingEnabled=true]" time="0.174"/>
  <testcase classname="test.ApplicationFastFood" name="testInsertProduct on test.ApplicationFastFood[frame0,23,0,1235x702,invalid,hidden,layout=java.awt.BorderLayout,title=,normal,defaultCloseOperation=EXIT_ON_CLOSE,rootPane=javax.swing.JRootPane[,7,30,1221x665,invalid,layout=javax.swing.JRootPane$RootLayout,alignmentX=0.0,alignmentY=0.0,border=,flags=16777673,maximumSize=,minimumSize=,preferredSize=],rootPaneCheckingEnabled=true]" time="0.1"/>
  <testcase classname="test.ApplicationFastFood" name="testInsertProduct on test.ApplicationFastFood[frame0,23,0,1235x702,invalid,hidden,layout=java.awt.BorderLayout,title=,normal,defaultCloseOperation=EXIT_ON_CLOSE,rootPane=javax.swing.JRootPane[,7,30,1221x665,invalid,layout=javax.swing.JRootPane$RootLayout,alignmentX=0.0,alignmentY=0.0,border=,flags=16777673,maximumSize=,minimumSize=,preferredSize=],rootPaneCheckingEnabled=true]" time="0.176"/>
  <testcase classname="test.ApplicationFastFood" name="testInsertProduct on test.ApplicationFastFood[frame0,23,0,1235x702,invalid,hidden,layout=java.awt.BorderLayout,title=,normal,defaultCloseOperation=EXIT_ON_CLOSE,rootPane=javax.swing.JRootPane[,7,30,1221x665,invalid,layout=javax.swing.JRootPane$RootLayout,alignmentX=0.0,alignmentY=0.0,border=,flags=16777673,maximumSize=,minimumSize=,preferredSize=],rootPaneCheckingEnabled=true]" time="0.177"/>
  <testcase classname="test.ApplicationFastFood" name="testInsertProduct on test.ApplicationFastFood[frame0,23,0,1235x702,invalid,hidden,layout=java.awt.BorderLayout,title=,normal,defaultCloseOperation=EXIT_ON_CLOSE,rootPane=javax.swing.JRootPane[,7,30,1221x665,invalid,layout=javax.swing.JRootPane$RootLayout,alignmentX=0.0,alignmentY=0.0,border=,flags=16777673,maximumSize=,minimumSize=,preferredSize=],rootPaneCheckingEnabled=true]" time="0.103"/>
  <testcase classname="test.ApplicationFastFood" name="testInsertProduct on test.ApplicationFastFood[frame0,23,0,1235x702,invalid,hidden,layout=java.awt.BorderLayout,title=,normal,defaultCloseOperation=EXIT_ON_CLOSE,rootPane=javax.swing.JRootPane[,7,30,1221x665,invalid,layout=javax.swing.JRootPane$RootLayout,alignmentX=0.0,alignmentY=0.0,border=,flags=16777673,maximumSize=,minimumSize=,preferredSize=],rootPaneCheckingEnabled=true]" time="0.173"/>
  <testcase classname="test.ApplicationFastFood" name="testInsertProduct on test.ApplicationFastFood[frame0,23,0,1235x702,invalid,hidden,layout=java.awt.BorderLayout,title=,normal,defaultCloseOperation=EXIT_ON_CLOSE,rootPane=javax.swing.JRootPane[,7,30,1221x665,invalid,layout=javax.swing.JRootPane$RootLayout,alignmentX=0.0,alignmentY=0.0,border=,flags=16777673,maximumSize=,minimumSize=,preferredSize=],rootPaneCheckingEnabled=true]" time="0.103"/>
  <testcase classname="test.ApplicationFastFood" name="testInsertProduct on test.ApplicationFastFood[frame0,23,0,1235x702,invalid,hidden,layout=java.awt.BorderLayout,title=,normal,defaultCloseOperation=EXIT_ON_CLOSE,rootPane=javax.swing.JRootPane[,7,30,1221x665,invalid,layout=javax.swing.JRootPane$RootLayout,alignmentX=0.0,alignmentY=0.0,border=,flags=16777673,maximumSize=,minimumSize=,preferredSize=],rootPaneCheckingEnabled=true]" time="0.183"/>
  <testcase classname="test.ApplicationFastFood" name="testInsertProduct on test.ApplicationFastFood[frame0,23,0,1235x702,invalid,hidden,layout=java.awt.BorderLayout,title=,normal,defaultCloseOperation=EXIT_ON_CLOSE,rootPane=javax.swing.JRootPane[,7,30,1221x665,invalid,layout=javax.swing.JRootPane$RootLayout,alignmentX=0.0,alignmentY=0.0,border=,flags=16777673,maximumSize=,minimumSize=,preferredSize=],rootPaneCheckingEnabled=true]" time="0.099"/>
  <testcase classname="test.ApplicationFastFood" name="testInsertProduct on test.ApplicationFastFood[frame0,23,0,1235x702,invalid,hidden,layout=java.awt.BorderLayout,title=,normal,defaultCloseOperation=EXIT_ON_CLOSE,rootPane=javax.swing.JRootPane[,7,30,1221x665,invalid,layout=javax.swing.JRootPane$RootLayout,alignmentX=0.0,alignmentY=0.0,border=,flags=16777673,maximumSize=,minimumSize=,preferredSize=],rootPaneCheckingEnabled=true]" time="0.181"/>
  <testcase classname="test.ApplicationFastFood" name="testInsertProduct on test.ApplicationFastFood[frame0,23,0,1235x702,invalid,hidden,layout=java.awt.BorderLayout,title=,normal,defaultCloseOperation=EXIT_ON_CLOSE,rootPane=javax.swing.JRootPane[,7,30,1221x665,invalid,layout=javax.swing.JRootPane$RootLayout,alignmentX=0.0,alignmentY=0.0,border=,flags=16777673,maximumSize=,minimumSize=,preferredSize=],rootPaneCheckingEnabled=true]" time="0.095"/>
  <testcase classname="test.ApplicationFastFood" name="testInsertProduct on test.ApplicationFastFood[frame0,23,0,1235x702,invalid,hidden,layout=java.awt.BorderLayout,title=,normal,defaultCloseOperation=EXIT_ON_CLOSE,rootPane=javax.swing.JRootPane[,7,30,1221x665,invalid,layout=javax.swing.JRootPane$RootLayout,alignmentX=0.0,alignmentY=0.0,border=,flags=16777673,maximumSize=,minimumSize=,preferredSize=],rootPaneCheckingEnabled=true]" time="0.168"/>
  <testcase classname="test.ApplicationFastFood" name="testInsertProduct on test.ApplicationFastFood[frame0,23,0,1235x702,invalid,hidden,layout=java.awt.BorderLayout,title=,normal,defaultCloseOperation=EXIT_ON_CLOSE,rootPane=javax.swing.JRootPane[,7,30,1221x665,invalid,layout=javax.swing.JRootPane$RootLayout,alignmentX=0.0,alignmentY=0.0,border=,flags=16777673,maximumSize=,minimumSize=,preferredSize=],rootPaneCheckingEnabled=true]" time="0.108"/>
  <testcase classname="test.ApplicationFastFood" name="testInsertProduct on test.ApplicationFastFood[frame0,23,0,1235x702,invalid,hidden,layout=java.awt.BorderLayout,title=,normal,defaultCloseOperation=EXIT_ON_CLOSE,rootPane=javax.swing.JRootPane[,7,30,1221x665,invalid,layout=javax.swing.JRootPane$RootLayout,alignmentX=0.0,alignmentY=0.0,border=,flags=16777673,maximumSize=,minimumSize=,preferredSize=],rootPaneCheckingEnabled=true]" time="0.101"/>
  <testcase classname="test.ApplicationFastFood" name="testInsertProduct on test.ApplicationFastFood[frame0,23,0,1235x702,invalid,hidden,layout=java.awt.BorderLayout,title=,normal,defaultCloseOperation=EXIT_ON_CLOSE,rootPane=javax.swing.JRootPane[,7,30,1221x665,invalid,layout=javax.swing.JRootPane$RootLayout,alignmentX=0.0,alignmentY=0.0,border=,flags=16777673,maximumSize=,minimumSize=,preferredSize=],rootPaneCheckingEnabled=true]" time="0.197"/>
  <testcase classname="test.ApplicationFastFood" name="testInsertProduct on test.ApplicationFastFood[frame0,23,0,1235x702,invalid,hidden,layout=java.awt.BorderLayout,title=,normal,defaultCloseOperation=EXIT_ON_CLOSE,rootPane=javax.swing.JRootPane[,7,30,1221x665,invalid,layout=javax.swing.JRootPane$RootLayout,alignmentX=0.0,alignmentY=0.0,border=,flags=16777673,maximumSize=,minimumSize=,preferredSize=],rootPaneCheckingEnabled=true]" time="0.102"/>
  <testcase classname="test.ApplicationFastFood" name="testInsertProduct on test.ApplicationFastFood[frame0,23,0,1235x702,invalid,hidden,layout=java.awt.BorderLayout,title=,normal,defaultCloseOperation=EXIT_ON_CLOSE,rootPane=javax.swing.JRootPane[,7,30,1221x665,invalid,layout=javax.swing.JRootPane$RootLayout,alignmentX=0.0,alignmentY=0.0,border=,flags=16777673,maximumSize=,minimumSize=,preferredSize=],rootPaneCheckingEnabled=true]" time="0.104"/>
  <testcase classname="test.ApplicationFastFood" name="testInsertProduct on test.ApplicationFastFood[frame0,23,0,1235x702,invalid,hidden,layout=java.awt.BorderLayout,title=,normal,defaultCloseOperation=EXIT_ON_CLOSE,rootPane=javax.swing.JRootPane[,7,30,1221x665,invalid,layout=javax.swing.JRootPane$RootLayout,alignmentX=0.0,alignmentY=0.0,border=,flags=16777673,maximumSize=,minimumSize=,preferredSize=],rootPaneCheckingEnabled=true]" time="0.181"/>
  <testcase classname="test.ApplicationFastFood" name="testInsertProduct on test.ApplicationFastFood[frame0,23,0,1235x702,invalid,hidden,layout=java.awt.BorderLayout,title=,normal,defaultCloseOperation=EXIT_ON_CLOSE,rootPane=javax.swing.JRootPane[,7,30,1221x665,invalid,layout=javax.swing.JRootPane$RootLayout,alignmentX=0.0,alignmentY=0.0,border=,flags=16777673,maximumSize=,minimumSize=,preferredSize=],rootPaneCheckingEnabled=true]" time="0.199"/>
  <testcase classname="test.ApplicationFastFood" name="testInsertProduct on test.ApplicationFastFood[frame0,23,0,1235x702,invalid,hidden,layout=java.awt.BorderLayout,title=,normal,defaultCloseOperation=EXIT_ON_CLOSE,rootPane=javax.swing.JRootPane[,7,30,1221x665,invalid,layout=javax.swing.JRootPane$RootLayout,alignmentX=0.0,alignmentY=0.0,border=,flags=16777673,maximumSize=,minimumSize=,preferredSize=],rootPaneCheckingEnabled=true]" time="0.206"/>
  <testcase classname="test.ApplicationFastFood" name="testInsertProduct on test.ApplicationFastFood[frame0,23,0,1235x702,invalid,hidden,layout=java.awt.BorderLayout,title=,normal,defaultCloseOperation=EXIT_ON_CLOSE,rootPane=javax.swing.JRootPane[,7,30,1221x665,invalid,layout=javax.swing.JRootPane$RootLayout,alignmentX=0.0,alignmentY=0.0,border=,flags=16777673,maximumSize=,minimumSize=,preferredSize=],rootPaneCheckingEnabled=true]" time="0.098"/>
  <testcase classname="test.ApplicationFastFood" name="testInsertProduct on test.ApplicationFastFood[frame0,23,0,1235x702,invalid,hidden,layout=java.awt.BorderLayout,title=,normal,defaultCloseOperation=EXIT_ON_CLOSE,rootPane=javax.swing.JRootPane[,7,30,1221x665,invalid,layout=javax.swing.JRootPane$RootLayout,alignmentX=0.0,alignmentY=0.0,border=,flags=16777673,maximumSize=,minimumSize=,preferredSize=],rootPaneCheckingEnabled=true]" time="0.178"/>
  <testcase classname="test.ApplicationFastFood" name="testInsertProduct on test.ApplicationFastFood[frame0,23,0,1235x702,invalid,hidden,layout=java.awt.BorderLayout,title=,normal,defaultCloseOperation=EXIT_ON_CLOSE,rootPane=javax.swing.JRootPane[,7,30,1221x665,invalid,layout=javax.swing.JRootPane$RootLayout,alignmentX=0.0,alignmentY=0.0,border=,flags=16777673,maximumSize=,minimumSize=,preferredSize=],rootPaneCheckingEnabled=true]" time="0.198"/>
  <testcase classname="test.ApplicationFastFood" name="testInsertProduct on test.ApplicationFastFood[frame0,23,0,1235x702,invalid,hidden,layout=java.awt.BorderLayout,title=,normal,defaultCloseOperation=EXIT_ON_CLOSE,rootPane=javax.swing.JRootPane[,7,30,1221x665,invalid,layout=javax.swing.JRootPane$RootLayout,alignmentX=0.0,alignmentY=0.0,border=,flags=16777673,maximumSize=,minimumSize=,preferredSize=],rootPaneCheckingEnabled=true]" time="0.201"/>
  <testcase classname="test.ApplicationFastFood" name="testInsertProduct on test.ApplicationFastFood[frame0,23,0,1235x702,invalid,hidden,layout=java.awt.BorderLayout,title=,normal,defaultCloseOperation=EXIT_ON_CLOSE,rootPane=javax.swing.JRootPane[,7,30,1221x665,invalid,layout=javax.swing.JRootPane$RootLayout,alignmentX=0.0,alignmentY=0.0,border=,flags=16777673,maximumSize=,minimumSize=,preferredSize=],rootPaneCheckingEnabled=true]" time="0.202"/>
  <testcase classname="test.ApplicationFastFood" name="testInsertProduct on test.ApplicationFastFood[frame0,23,0,1235x702,invalid,hidden,layout=java.awt.BorderLayout,title=,normal,defaultCloseOperation=EXIT_ON_CLOSE,rootPane=javax.swing.JRootPane[,7,30,1221x665,invalid,layout=javax.swing.JRootPane$RootLayout,alignmentX=0.0,alignmentY=0.0,border=,flags=16777673,maximumSize=,minimumSize=,preferredSize=],rootPaneCheckingEnabled=true]" time="0.102"/>
  <testcase classname="test.ApplicationFastFood" name="testInsertProduct on test.ApplicationFastFood[frame0,23,0,1235x702,invalid,hidden,layout=java.awt.BorderLayout,title=,normal,defaultCloseOperation=EXIT_ON_CLOSE,rootPane=javax.swing.JRootPane[,7,30,1221x665,invalid,layout=javax.swing.JRootPane$RootLayout,alignmentX=0.0,alignmentY=0.0,border=,flags=16777673,maximumSize=,minimumSize=,preferredSize=],rootPaneCheckingEnabled=true]" time="0.174"/>
  <testcase classname="test.ApplicationFastFood" name="testInsertProduct on test.ApplicationFastFood[frame0,23,0,1235x702,invalid,hidden,layout=java.awt.BorderLayout,title=,normal,defaultCloseOperation=EXIT_ON_CLOSE,rootPane=javax.swing.JRootPane[,7,30,1221x665,invalid,layout=javax.swing.JRootPane$RootLayout,alignmentX=0.0,alignmentY=0.0,border=,flags=16777673,maximumSize=,minimumSize=,preferredSize=],rootPaneCheckingEnabled=true]" time="0.105"/>
  <testcase classname="test.ApplicationFastFood" name="testInsertProduct on test.ApplicationFastFood[frame0,23,0,1235x702,invalid,hidden,layout=java.awt.BorderLayout,title=,normal,defaultCloseOperation=EXIT_ON_CLOSE,rootPane=javax.swing.JRootPane[,7,30,1221x665,invalid,layout=javax.swing.JRootPane$RootLayout,alignmentX=0.0,alignmentY=0.0,border=,flags=16777673,maximumSize=,minimumSize=,preferredSize=],rootPaneCheckingEnabled=true]" time="1.073">
    <failure type="java.lang.AssertionError" message="expected [Quantity has to lower than 1000000.0] but found [Quantity has to lower than 10000.0]">
      <![CDATA[java.lang.AssertionError: expected [Quantity has to lower than 1000000.0] but found [Quantity has to lower than 10000.0]
at org.testng.Assert.fail(Assert.java:99)
at org.testng.Assert.failNotEquals(Assert.java:1037)
at org.testng.Assert.assertEqualsImpl(Assert.java:140)
at org.testng.Assert.assertEquals(Assert.java:122)
at org.testng.Assert.assertEquals(Assert.java:629)
at org.testng.Assert.assertEquals(Assert.java:639)
at test.ApplicationFastFood.testInsertProduct(ApplicationFastFood.java:5642)
at jdk.internal.reflect.GeneratedMethodAccessor10.invoke(Unknown Source)
at java.base/jdk.internal.reflect.DelegatingMethodAccessorImpl.invoke(DelegatingMethodAccessorImpl.java:43)
at java.base/java.lang.reflect.Method.invoke(Method.java:568)
at org.testng.internal.MethodInvocationHelper.invokeMethod(MethodInvocationHelper.java:133)
at org.testng.internal.TestInvoker.invokeMethod(TestInvoker.java:598)
at org.testng.internal.TestInvoker.invokeTestMethod(TestInvoker.java:173)
at org.testng.internal.MethodRunner.runInSequence(MethodRunner.java:46)
at org.testng.internal.TestInvoker$MethodInvocationAgent.invoke(TestInvoker.java:824)
at org.testng.internal.TestInvoker.invokeTestMethods(TestInvoker.java:146)
at org.testng.internal.TestMethodWorker.invokeTestMethods(TestMethodWorker.java:146)
at org.testng.internal.TestMethodWorker.run(TestMethodWorker.java:128)
at java.base/java.util.ArrayList.forEach(ArrayList.java:1511)
at org.testng.TestRunner.privateRun(TestRunner.java:794)
at org.testng.TestRunner.run(TestRunner.java:596)
at org.testng.SuiteRunner.runTest(SuiteRunner.java:377)
at org.testng.SuiteRunner.runSequentially(SuiteRunner.java:371)
at org.testng.SuiteRunner.privateRun(SuiteRunner.java:332)
at org.testng.SuiteRunner.run(SuiteRunner.java:276)
at org.testng.SuiteRunnerWorker.runSuite(SuiteRunnerWorker.java:53)
at org.testng.SuiteRunnerWorker.run(SuiteRunnerWorker.java:96)
at org.testng.TestNG.runSuitesSequentially(TestNG.java:1212)
at org.testng.TestNG.runSuitesLocally(TestNG.java:1134)
at org.testng.TestNG.runSuites(TestNG.java:1063)
at org.testng.TestNG.run(TestNG.java:1031)
at org.testng.remote.AbstractRemoteTestNG.run(AbstractRemoteTestNG.java:115)
at org.testng.remote.RemoteTestNG.initAndRun(RemoteTestNG.java:251)
[...]
  <testcase classname="test.ApplicationFastFood" name="testUpdateProduct on test.ApplicationFastFood[frame0,23,0,1235x702,invalid,hidden,layout=java.awt.BorderLayout,title=,normal,defaultCloseOperation=EXIT_ON_CLOSE,rootPane=javax.swing.JRootPane[,7,30,1221x665,invalid,layout=javax.swing.JRootPane$RootLayout,alignmentX=0.0,alignmentY=0.0,border=,flags=16777673,maximumSize=,minimumSize=,preferredSize=],rootPaneCheckingEnabled=true]" time="0.223">
    <failure type="java.lang.AssertionError" message="expected [Quantity has to lower than 1000000.0] but found [Quantity has to lower than 10000.0]">
      <![CDATA[java.lang.AssertionError: expected [Quantity has to lower than 1000000.0] but found [Quantity has to lower than 10000.0]
at org.testng.Assert.fail(Assert.java:99)
at org.testng.Assert.failNotEquals(Assert.java:1037)
at org.testng.Assert.assertEqualsImpl(Assert.java:140)
at org.testng.Assert.assertEquals(Assert.java:122)
at org.testng.Assert.assertEquals(Assert.java:629)
at org.testng.Assert.assertEquals(Assert.java:639)
at test.ApplicationFastFood.testUpdateProduct(ApplicationFastFood.java:5744)
at jdk.internal.reflect.GeneratedMethodAccessor14.invoke(Unknown Source)
at java.base/jdk.internal.reflect.DelegatingMethodAccessorImpl.invoke(DelegatingMethodAccessorImpl.java:43)
at java.base/java.lang.reflect.Method.invoke(Method.java:568)
at org.testng.internal.MethodInvocationHelper.invokeMethod(MethodInvocationHelper.java:133)
at org.testng.internal.TestInvoker.invokeMethod(TestInvoker.java:598)
at org.testng.internal.TestInvoker.invokeTestMethod(TestInvoker.java:173)
at org.testng.internal.MethodRunner.runInSequence(MethodRunner.java:46)
at org.testng.internal.TestInvoker$MethodInvocationAgent.invoke(TestInvoker.java:824)
at org.testng.internal.TestInvoker.invokeTestMethods(TestInvoker.java:146)
at org.testng.internal.TestMethodWorker.invokeTestMethods(TestMethodWorker.java:146)
at org.testng.internal.TestMethodWorker.run(TestMethodWorker.java:128)
at java.base/java.util.ArrayList.forEach(ArrayList.java:1511)
at org.testng.TestRunner.privateRun(TestRunner.java:794)
at org.testng.TestRunner.run(TestRunner.java:596)
at org.testng.SuiteRunner.runTest(SuiteRunner.java:377)
at org.testng.SuiteRunner.runSequentially(SuiteRunner.java:371)
at org.testng.SuiteRunner.privateRun(SuiteRunner.java:332)
at org.testng.SuiteRunner.run(SuiteRunner.java:276)
at org.testng.SuiteRunnerWorker.runSuite(SuiteRunnerWorker.java:53)
at org.testng.SuiteRunnerWorker.run(SuiteRunnerWorker.java:96)
at org.testng.TestNG.runSuitesSequentially(TestNG.java:1212)
at org.testng.TestNG.runSuitesLocally(TestNG.java:1134)
at org.testng.TestNG.runSuites(TestNG.java:1063)
at org.testng.TestNG.run(TestNG.java:1031)
at org.testng.remote.AbstractRemoteTestNG.run(AbstractRemoteTestNG.java:115)
at org.testng.remote.RemoteTestNG.initAndRun(RemoteTestNG.java:251)
at org.testng.remote.RemoteTestNG.main(RemoteTestNG.java:77)
]]>
    </failure>
  </testcase> <!-- testUpdateProduct on test.ApplicationFastFood[frame0,23,0,1235x702,invalid,hidden,layout=java.awt.BorderLayout,title=,normal,defaultCloseOperation=EXIT_ON_CLOSE,rootPane=javax.swing.JRootPane[,7,30,1221x665,invalid,layout=javax.swing.JRootPane$RootLayout,alignmentX=0.0,alignmentY=0.0,border=,flags=16777673,maximumSize=,minimumSize=,preferredSize=],rootPaneCheckingEnabled=true] -->
  <testcase classname="test.ApplicationFastFood" name="testUpdateProduct on test.ApplicationFastFood[frame0,23,0,1235x702,invalid,hidden,layout=java.awt.BorderLayout,title=,normal,defaultCloseOperation=EXIT_ON_CLOSE,rootPane=javax.swing.JRootPane[,7,30,1221x665,invalid,layout=javax.swing.JRootPane$RootLayout,alignmentX=0.0,alignmentY=0.0,border=,flags=16777673,maximumSize=,minimumSize=,preferredSize=],rootPaneCheckingEnabled=true]" time="0.223"/>
  <testcase classname="test.ApplicationFastFood" name="testUpdateProduct on test.ApplicationFastFood[frame0,23,0,1235x702,invalid,hidden,layout=java.awt.BorderLayout,title=,normal,defaultCloseOperation=EXIT_ON_CLOSE,rootPane=javax.swing.JRootPane[,7,30,1221x665,invalid,layout=javax.swing.JRootPane$RootLayout,alignmentX=0.0,alignmentY=0.0,border=,flags=16777673,maximumSize=,minimumSize=,preferredSize=],rootPaneCheckingEnabled=true]" time="0.191"/>
  <testcase classname="test.ApplicationFastFood" name="testUpdateProduct on test.ApplicationFastFood[frame0,23,0,1235x702,invalid,hidden,layout=java.awt.BorderLayout,title=,normal,defaultCloseOperation=EXIT_ON_CLOSE,rootPane=javax.swing.JRootPane[,7,30,1221x665,invalid,layout=javax.swing.JRootPane$RootLayout,alignmentX=0.0,alignmentY=0.0,border=,flags=16777673,maximumSize=,minimumSize=,preferredSize=],rootPaneCheckingEnabled=true]" time="0.22"/>
  <testcase classname="test.ApplicationFastFood" name="testUpdateProduct on test.ApplicationFastFood[frame0,23,0,1235x702,invalid,hidden,layout=java.awt.BorderLayout,title=,normal,defaultCloseOperation=EXIT_ON_CLOSE,rootPane=javax.swing.JRootPane[,7,30,1221x665,invalid,layout=javax.swing.JRootPane$RootLayout,alignmentX=0.0,alignmentY=0.0,border=,flags=16777673,maximumSize=,minimumSize=,preferredSize=],rootPaneCheckingEnabled=true]" time="0.207"/>
  <testcase classname="test.ApplicationFastFood" name="testUpdateProduct on test.ApplicationFastFood[frame0,23,0,1235x702,invalid,hidden,layout=java.awt.BorderLayout,title=,normal,defaultCloseOperation=EXIT_ON_CLOSE,rootPane=javax.swing.JRootPane[,7,30,1221x665,invalid,layout=javax.swing.JRootPane$RootLayout,alignmentX=0.0,alignmentY=0.0,border=,flags=16777673,maximumSize=,minimumSize=,preferredSize=],rootPaneCheckingEnabled=true]" time="0.223">
    <failure type="java.lang.AssertionError" message="expected [Quantity has to lower than 1000000.0] but found [Quantity has to lower than 10000.0]">
      <![CDATA[java.lang.AssertionError: expected [Quantity has to lower than 1000000.0] but found [Quantity has to lower than 10000.0]
at org.testng.Assert.fail(Assert.java:99)
at org.testng.Assert.failNotEquals(Assert.java:1037)
at org.testng.Assert.assertEqualsImpl(Assert.java:140)
at org.testng.Assert.assertEquals(Assert.java:122)
at org.testng.Assert.assertEquals(Assert.java:629)
at org.testng.Assert.assertEquals(Assert.java:639)
at test.ApplicationFastFood.testUpdateProduct(ApplicationFastFood.java:5744)
at jdk.internal.reflect.GeneratedMethodAccessor14.invoke(Unknown Source)
at java.base/jdk.internal.reflect.DelegatingMethodAccessorImpl.invoke(DelegatingMethodAccessorImpl.java:43)
at java.base/java.lang.reflect.Method.invoke(Method.java:568)
at org.testng.internal.MethodInvocationHelper.invokeMethod(MethodInvocationHelper.java:133)
at org.testng.internal.TestInvoker.invokeMethod(TestInvoker.java:598)
at org.testng.internal.TestInvoker.invokeTestMethod(TestInvoker.java:173)
at org.testng.internal.MethodRunner.runInSequence(MethodRunner.java:46)
at org.testng.internal.TestInvoker$MethodInvocationAgent.invoke(TestInvoker.java:824)
at org.testng.internal.TestInvoker.invokeTestMethods(TestInvoker.java:146)
at org.testng.internal.TestMethodWorker.invokeTestMethods(TestMethodWorker.java:146)
at org.testng.internal.TestMethodWorker.run(TestMethodWorker.java:128)
at java.base/java.util.ArrayList.forEach(ArrayList.java:1511)
at org.testng.TestRunner.privateRun(TestRunner.java:794)
at org.testng.TestRunner.run(TestRunner.java:596)
at org.testng.SuiteRunner.runTest(SuiteRunner.java:377)
at org.testng.SuiteRunner.runSequentially(SuiteRunner.java:371)
at org.testng.SuiteRunner.privateRun(SuiteRunner.java:332)
at org.testng.SuiteRunner.run(SuiteRunner.java:276)
at org.testng.SuiteRunnerWorker.runSuite(SuiteRunnerWorker.java:53)
at org.testng.SuiteRunnerWorker.run(SuiteRunnerWorker.java:96)
at org.testng.TestNG.runSuitesSequentially(TestNG.java:1212)
at org.testng.TestNG.runSuitesLocally(TestNG.java:1134)
at org.testng.TestNG.runSuites(TestNG.java:1063)
at org.testng.TestNG.run(TestNG.java:1031)
at org.testng.remote.AbstractRemoteTestNG.run(AbstractRemoteTestNG.java:115)
at org.testng.remote.RemoteTestNG.initAndRun(RemoteTestNG.java:251)
at org.testng.remote.RemoteTestNG.main(RemoteTestNG.java:77)
]]>
    </failure>
  </testcase> <!-- testUpdateProduct on test.ApplicationFastFood[frame0,23,0,1235x702,invalid,hidden,layout=java.awt.BorderLayout,title=,normal,defaultCloseOperation=EXIT_ON_CLOSE,rootPane=javax.swing.JRootPane[,7,30,1221x665,invalid,layout=javax.swing.JRootPane$RootLayout,alignmentX=0.0,alignmentY=0.0,border=,flags=16777673,maximumSize=,minimumSize=,preferredSize=],rootPaneCheckingEnabled=true] -->
  <testcase classname="test.ApplicationFastFood" name="testUpdateProduct on test.ApplicationFastFood[frame0,23,0,1235x702,invalid,hidden,layout=java.awt.BorderLayout,title=,normal,defaultCloseOperation=EXIT_ON_CLOSE,rootPane=javax.swing.JRootPane[,7,30,1221x665,invalid,layout=javax.swing.JRootPane$RootLayout,alignmentX=0.0,alignmentY=0.0,border=,flags=16777673,maximumSize=,minimumSize=,preferredSize=],rootPaneCheckingEnabled=true]" time="0.186"/>
  <testcase classname="test.ApplicationFastFood" name="testUpdateProduct on test.ApplicationFastFood[frame0,23,0,1235x702,invalid,hidden,layout=java.awt.BorderLayout,title=,normal,defaultCloseOperation=EXIT_ON_CLOSE,rootPane=javax.swing.JRootPane[,7,30,1221x665,invalid,layout=javax.swing.JRootPane$RootLayout,alignmentX=0.0,alignmentY=0.0,border=,flags=16777673,maximumSize=,minimumSize=,preferredSize=],rootPaneCheckingEnabled=true]" time="0.205"/>
  <testcase classname="test.ApplicationFastFood" name="testUpdateProduct on test.ApplicationFastFood[frame0,23,0,1235x702,invalid,hidden,layout=java.awt.BorderLayout,title=,normal,defaultCloseOperation=EXIT_ON_CLOSE,rootPane=javax.swing.JRootPane[,7,30,1221x665,invalid,layout=javax.swing.JRootPane$RootLayout,alignmentX=0.0,alignmentY=0.0,border=,flags=16777673,maximumSize=,minimumSize=,preferredSize=],rootPaneCheckingEnabled=true]" time="0.222"/>
  <testcase classname="test.ApplicationFastFood" name="testUpdateProduct on test.ApplicationFastFood[frame0,23,0,1235x702,invalid,hidden,layout=java.awt.BorderLayout,title=,normal,defaultCloseOperation=EXIT_ON_CLOSE,rootPane=javax.swing.JRootPane[,7,30,1221x665,invalid,layout=javax.swing.JRootPane$RootLayout,alignmentX=0.0,alignmentY=0.0,border=,flags=16777673,maximumSize=,minimumSize=,preferredSize=],rootPaneCheckingEnabled=true]" time="0.19"/>
  <testcase classname="test.ApplicationFastFood" name="testUpdateProduct on test.ApplicationFastFood[frame0,23,0,1235x702,invalid,hidden,layout=java.awt.BorderLayout,title=,normal,defaultCloseOperation=EXIT_ON_CLOSE,rootPane=javax.swing.JRootPane[,7,30,1221x665,invalid,layout=javax.swing.JRootPane$RootLayout,alignmentX=0.0,alignmentY=0.0,border=,flags=16777673,maximumSize=,minimumSize=,preferredSize=],rootPaneCheckingEnabled=true]" time="0.255"/>
  <testcase classname="test.ApplicationFastFood" name="testUpdateProduct on test.ApplicationFastFood[frame0,23,0,1235x702,invalid,hidden,layout=java.awt.BorderLayout,title=,normal,defaultCloseOperation=EXIT_ON_CLOSE,rootPane=javax.swing.JRootPane[,7,30,1221x665,invalid,layout=javax.swing.JRootPane$RootLayout,alignmentX=0.0,alignmentY=0.0,border=,flags=16777673,maximumSize=,minimumSize=,preferredSize=],rootPaneCheckingEnabled=true]" time="0.207"/>
  <testcase classname="test.ApplicationFastFood" name="testUpdateProduct on test.ApplicationFastFood[frame0,23,0,1235x702,invalid,hidden,layout=java.awt.BorderLayout,title=,normal,defaultCloseOperation=EXIT_ON_CLOSE,rootPane=javax.swing.JRootPane[,7,30,1221x665,invalid,layout=javax.swing.JRootPane$RootLayout,alignmentX=0.0,alignmentY=0.0,border=,flags=16777673,maximumSize=,minimumSize=,preferredSize=],rootPaneCheckingEnabled=true]" time="0.206"/>
  <testcase classname="test.ApplicationFastFood" name="testUpdateProduct on test.ApplicationFastFood[frame0,23,0,1235x702,invalid,hidden,layout=java.awt.BorderLayout,title=,normal,defaultCloseOperation=EXIT_ON_CLOSE,rootPane=javax.swing.JRootPane[,7,30,1221x665,invalid,layout=javax.swing.JRootPane$RootLayout,alignmentX=0.0,alignmentY=0.0,border=,flags=16777673,maximumSize=,minimumSize=,preferredSize=],rootPaneCheckingEnabled=true]" time="0.207"/>
  <testcase classname="test.ApplicationFastFood" name="testUpdateProduct on test.ApplicationFastFood[frame0,23,0,1235x702,invalid,hidden,layout=java.awt.BorderLayout,title=,normal,defaultCloseOperation=EXIT_ON_CLOSE,rootPane=javax.swing.JRootPane[,7,30,1221x665,invalid,layout=javax.swing.JRootPane$RootLayout,alignmentX=0.0,alignmentY=0.0,border=,flags=16777673,maximumSize=,minimumSize=,preferredSize=],rootPaneCheckingEnabled=true]" time="0.206"/>
  <testcase classname="test.ApplicationFastFood" name="testUpdateProduct on test.ApplicationFastFood[frame0,23,0,1235x702,invalid,hidden,layout=java.awt.BorderLayout,title=,normal,defaultCloseOperation=EXIT_ON_CLOSE,rootPane=javax.swing.JRootPane[,7,30,1221x665,invalid,layout=javax.swing.JRootPane$RootLayout,alignmentX=0.0,alignmentY=0.0,border=,flags=16777673,maximumSize=,minimumSize=,preferredSize=],rootPaneCheckingEnabled=true]" time="0.204"/>
  <testcase classname="test.ApplicationFastFood" name="testUpdateProduct on test.ApplicationFastFood[frame0,23,0,1235x702,invalid,hidden,layout=java.awt.BorderLayout,title=,normal,defaultCloseOperation=EXIT_ON_CLOSE,rootPane=javax.swing.JRootPane[,7,30,1221x665,invalid,layout=javax.swing.JRootPane$RootLayout,alignmentX=0.0,alignmentY=0.0,border=,flags=16777673,maximumSize=,minimumSize=,preferredSize=],rootPaneCheckingEnabled=true]" time="0.206"/>
  <testcase classname="test.ApplicationFastFood" name="testUpdateProduct on test.ApplicationFastFood[frame0,23,0,1235x702,invalid,hidden,layout=java.awt.BorderLayout,title=,normal,defaultCloseOperation=EXIT_ON_CLOSE,rootPane=javax.swing.JRootPane[,7,30,1221x665,invalid,layout=javax.swing.JRootPane$RootLayout,alignmentX=0.0,alignmentY=0.0,border=,flags=16777673,maximumSize=,minimumSize=,preferredSize=],rootPaneCheckingEnabled=true]" time="0.238"/>
  <testcase classname="test.ApplicationFastFood" name="testUpdateProduct on test.ApplicationFastFood[frame0,23,0,1235x702,invalid,hidden,layout=java.awt.BorderLayout,title=,normal,defaultCloseOperation=EXIT_ON_CLOSE,rootPane=javax.swing.JRootPane[,7,30,1221x665,invalid,layout=javax.swing.JRootPane$RootLayout,alignmentX=0.0,alignmentY=0.0,border=,flags=16777673,maximumSize=,minimumSize=,preferredSize=],rootPaneCheckingEnabled=true]" time="0.192"/>
  <testcase classname="test.ApplicationFastFood" name="testUpdateProduct on test.ApplicationFastFood[frame0,23,0,1235x702,invalid,hidden,layout=java.awt.BorderLayout,title=,normal,defaultCloseOperation=EXIT_ON_CLOSE,rootPane=javax.swing.JRootPane[,7,30,1221x665,invalid,layout=javax.swing.JRootPane$RootLayout,alignmentX=0.0,alignmentY=0.0,border=,flags=16777673,maximumSize=,minimumSize=,preferredSize=],rootPaneCheckingEnabled=true]" time="0.207"/>
  <testcase classname="test.ApplicationFastFood" name="testUpdateProduct on test.ApplicationFastFood[frame0,23,0,1235x702,invalid,hidden,layout=java.awt.BorderLayout,title=,normal,defaultCloseOperation=EXIT_ON_CLOSE,rootPane=javax.swing.JRootPane[,7,30,1221x665,invalid,layout=javax.swing.JRootPane$RootLayout,alignmentX=0.0,alignmentY=0.0,border=,flags=16777673,maximumSize=,minimumSize=,preferredSize=],rootPaneCheckingEnabled=true]" time="0.19"/>
  <testcase classname="test.ApplicationFastFood" name="testUpdateProduct on test.ApplicationFastFood[frame0,23,0,1235x702,invalid,hidden,layout=java.awt.BorderLayout,title=,normal,defaultCloseOperation=EXIT_ON_CLOSE,rootPane=javax.swing.JRootPane[,7,30,1221x665,invalid,layout=javax.swing.JRootPane$RootLayout,alignmentX=0.0,alignmentY=0.0,border=,flags=16777673,maximumSize=,minimumSize=,preferredSize=],rootPaneCheckingEnabled=true]" time="0.207"/>
  <testcase classname="test.ApplicationFastFood" name="testUpdateProduct on test.ApplicationFastFood[frame0,23,0,1235x702,invalid,hidden,layout=java.awt.BorderLayout,title=,normal,defaultCloseOperation=EXIT_ON_CLOSE,rootPane=javax.swing.JRootPane[,7,30,1221x665,invalid,layout=javax.swing.JRootPane$RootLayout,alignmentX=0.0,alignmentY=0.0,border=,flags=16777673,maximumSize=,minimumSize=,preferredSize=],rootPaneCheckingEnabled=true]" time="0.224"/>
  <testcase classname="test.ApplicationFastFood" name="testUpdateProduct on test.ApplicationFastFood[frame0,23,0,1235x702,invalid,hidden,layout=java.awt.BorderLayout,title=,normal,defaultCloseOperation=EXIT_ON_CLOSE,rootPane=javax.swing.JRootPane[,7,30,1221x665,invalid,layout=javax.swing.JRootPane$RootLayout,alignmentX=0.0,alignmentY=0.0,border=,flags=16777673,maximumSize=,minimumSize=,preferredSize=],rootPaneCheckingEnabled=true]" time="0.191"/>
  <testcase classname="test.ApplicationFastFood" name="testUpdateProduct on test.ApplicationFastFood[frame0,23,0,1235x702,invalid,hidden,layout=java.awt.BorderLayout,title=,normal,defaultCloseOperation=EXIT_ON_CLOSE,rootPane=javax.swing.JRootPane[,7,30,1221x665,invalid,layout=javax.swing.JRootPane$RootLayout,alignmentX=0.0,alignmentY=0.0,border=,flags=16777673,maximumSize=,minimumSize=,preferredSize=],rootPaneCheckingEnabled=true]" time="0.19"/>
  <testcase classname="test.ApplicationFastFood" name="testUpdateProduct on test.ApplicationFastFood[frame0,23,0,1235x702,invalid,hidden,layout=java.awt.BorderLayout,title=,normal,defaultCloseOperation=EXIT_ON_CLOSE,rootPane=javax.swing.JRootPane[,7,30,1221x665,invalid,layout=javax.swing.JRootPane$RootLayout,alignmentX=0.0,alignmentY=0.0,border=,flags=16777673,maximumSize=,minimumSize=,preferredSize=],rootPaneCheckingEnabled=true]" time="0.253"/>
  <testcase classname="test.ApplicationFastFood" name="testUpdateProduct on test.ApplicationFastFood[frame0,23,0,1235x702,invalid,hidden,layout=java.awt.BorderLayout,title=,normal,defaultCloseOperation=EXIT_ON_CLOSE,rootPane=javax.swing.JRootPane[,7,30,1221x665,invalid,layout=javax.swing.JRootPane$RootLayout,alignmentX=0.0,alignmentY=0.0,border=,flags=16777673,maximumSize=,minimumSize=,preferredSize=],rootPaneCheckingEnabled=true]" time="0.206"/>
  <testcase classname="test.ApplicationFastFood" name="testUpdateProduct on test.ApplicationFastFood[frame0,23,0,1235x702,invalid,hidden,layout=java.awt.BorderLayout,title=,normal,defaultCloseOperation=EXIT_ON_CLOSE,rootPane=javax.swing.JRootPane[,7,30,1221x665,invalid,layout=javax.swing.JRootPane$RootLayout,alignmentX=0.0,alignmentY=0.0,border=,flags=16777673,maximumSize=,minimumSize=,preferredSize=],rootPaneCheckingEnabled=true]" time="0.189"/>
  <testcase classname="test.ApplicationFastFood" name="testUpdateProduct on test.ApplicationFastFood[frame0,23,0,1235x702,invalid,hidden,layout=java.awt.BorderLayout,title=,normal,defaultCloseOperation=EXIT_ON_CLOSE,rootPane=javax.swing.JRootPane[,7,30,1221x665,invalid,layout=javax.swing.JRootPane$RootLayout,alignmentX=0.0,alignmentY=0.0,border=,flags=16777673,maximumSize=,minimumSize=,preferredSize=],rootPaneCheckingEnabled=true]" time="0.207"/>
  <testcase classname="test.ApplicationFastFood" name="testUpdateProduct on test.ApplicationFastFood[frame0,23,0,1235x702,invalid,hidden,layout=java.awt.BorderLayout,title=,normal,defaultCloseOperation=EXIT_ON_CLOSE,rootPane=javax.swing.JRootPane[,7,30,1221x665,invalid,layout=javax.swing.JRootPane$RootLayout,alignmentX=0.0,alignmentY=0.0,border=,flags=16777673,maximumSize=,minimumSize=,preferredSize=],rootPaneCheckingEnabled=true]" time="0.191"/>
  <testcase classname="test.ApplicationFastFood" name="testUpdateProduct on test.ApplicationFastFood[frame0,23,0,1235x702,invalid,hidden,layout=java.awt.BorderLayout,title=,normal,defaultCloseOperation=EXIT_ON_CLOSE,rootPane=javax.swing.JRootPane[,7,30,1221x665,invalid,layout=javax.swing.JRootPane$RootLayout,alignmentX=0.0,alignmentY=0.0,border=,flags=16777673,maximumSize=,minimumSize=,preferredSize=],rootPaneCheckingEnabled=true]" time="0.484"/>
</testsuite> <!-- Default test -->
